
2021-07-12 18:04:35 INFO  ExecutionManager:87 - FailureMetrics{experimentId=15, jobId='59b15d886219c1401dee9e499f6c13f0', timestamp=1626016932, avgThr=56820.023377, avgLat=442.236495, recTime=141.0} 114
preRec 108, chkInt 30000
2021-07-12 18:04:35 INFO  ExecutionManager:87 - FailureMetrics{experimentId=15, jobId='59b15d886219c1401dee9e499f6c13f0', timestamp=1626023679, avgThr=60541.093997, avgLat=567.212035, recTime=147.0} 151
predRec 161, chkInt 30000
2021-07-12 18:04:35 INFO  ExecutionManager:87 - FailureMetrics{experimentId=15, jobId='f57dae8aec7af524a526306c6585e73c', timestamp=1626089615, avgThr=63801.959026, avgLat=523.260507, recTime=145.0} 160
recTime 161, chkInt 59000
2021-07-12 18:04:35 INFO  ExecutionManager:87 - FailureMetrics{experimentId=15, jobId='f57dae8aec7af524a526306c6585e73c', timestamp=1626083087, avgThr=66574.601606, avgLat=820.453189, recTime=188.0} 188
recTime 174, chkInt 59000
2021-07-12 18:04:35 INFO  ExecutionManager:87 - FailureMetrics{experimentId=15, jobId='59b15d886219c1401dee9e499f6c13f0', timestamp=1626039576, avgThr=69597.378533, avgLat=732.438671, recTime=145.0} 145
predRec 152, chkInt 30000
2021-07-12 18:04:35 INFO  ExecutionManager:87 - FailureMetrics{experimentId=15, jobId='62375bd4fd212d849685d98da8023116', timestamp=1626052390, avgThr=72769.026065, avgLat=788.284635, recTime=195.0} 195
predRec 186, chkInt 33000
2021-07-12 18:04:35 INFO  ExecutionManager:87 - FailureMetrics{experimentId=15, jobId='bbabfd6eb0dedcd821b9084dd90a2106', timestamp=1626073309, avgThr=76003.342224, avgLat=495.076487, recTime=280.0} 247
recTime 179, chkInt 30000
2021-07-12 18:04:35 INFO  ExecutionManager:87 - FailureMetrics{experimentId=15, jobId='62375bd4fd212d849685d98da8023116', timestamp=1626046855, avgThr=79219.096225, avgLat=780.405141, recTime=142.0} 178
predRec 190, chkInt 33000
2021-07-12 18:04:35 INFO  ExecutionManager:87 - FailureMetrics{experimentId=15, jobId='8853e2aead971873fae3c7137321e73c', timestamp=1626065293, avgThr=82278.605597, avgLat=654.609668, recTime=149.0} 149
recTime 175, chkInt 11000
2021-07-12 18:04:35 INFO  ExecutionManager:87 - FailureMetrics{experimentId=15, jobId='62375bd4fd212d849685d98da8023116', timestamp=1626059078, avgThr=85022.965013, avgLat=800.399053, recTime=209.0} 209
recTime 217 chkInt 33000
2021-07-12 18:04:35 INFO  ExecutionManager:87 - FailureMetrics{experimentId=15, jobId='8853e2aead971873fae3c7137321e73c', timestamp=1626063155, avgThr=88612.115972, avgLat=883.595183, recTime=148.0} 211
recTime 202, chkInt 11000
2021-07-12 18:04:35 INFO  ExecutionManager:87 - FailureMetrics{experimentId=15, jobId='842e001d46a47d75413e234bae2b6e74', timestamp=1626061024, avgThr=91391.239825, avgLat=834.59338, recTime=146.0} 210
recTime 219, chkInt 10000

changes: 9

Models: performance 0.2817, availability 0.8703
