2021-07-27 11:37:32 INFO  ExecutionManager:562 - START
SLF4J: Failed to load class "org.slf4j.impl.StaticLoggerBinder".
SLF4J: Defaulting to no-operation (NOP) logger implementation
SLF4J: See http://www.slf4j.org/codes.html#StaticLoggerBinder for further details.
2021-07-27 11:37:32 INFO  SequenceFSM:21 - STATE-CHANGE: START -> RECORD
2021-07-27 11:37:32 INFO  IOManager:426 - Starting extract failure scenario
2021-07-27 11:37:32 INFO  IOManager:412 - Starting get workload
2021-07-27 11:37:33 INFO  IOManager:419 - Finished get workload
2021-07-27 11:37:33 INFO  IOManager:430 - 86386
2021-07-27 11:37:33 INFO  IOManager:461 - [(2211,1621338829000,208)]
2021-07-27 11:37:33 INFO  IOManager:462 - [(65869,1621402487000,27860)]
2021-07-27 11:37:33 INFO  IOManager:476 - {208=[(2211,1621338829000,208)], 2722=[], 5236=[], 7750=[], 10264=[], 12778=[], 15292=[], 17806=[], 20320=[], 22834=[], 25348=[], 27860=[(65869,1621402487000,27860)]}
2021-07-27 11:37:34 INFO  IOManager:512 - [(3375,1621339993000,255), (81420,1621418038000,2703), (33961,1621370579000,4760), (54902,1621391520000,8093), (76176,1621412794000,9584), (75511,1621412129000,12271), (59282,1621395900000,15242), (26882,1621363500000,18307), (73147,1621409765000,19701), (64137,1621400755000,23094), (68752,1621405370000,25246), (66114,1621402732000,27585)]
2021-07-27 11:37:34 INFO  IOManager:512 - [(12665,1621349283000,286), (20318,1621356936000,2623), (50311,1621386929000,5249), (23572,1621360190000,8354), (57156,1621393774000,10530), (75498,1621412116000,12329), (29993,1621366611000,14611), (29437,1621366055000,17037), (28640,1621365258000,20162), (64274,1621400892000,23432), (68813,1621405431000,25214), (66095,1621402713000,27602)]
2021-07-27 11:37:34 INFO  IOManager:512 - [(3621,1621340239000,287), (20361,1621356979000,2643), (38524,1621375142000,5093), (32692,1621369310000,7636), (57089,1621393707000,10366), (75532,1621412150000,12174), (25816,1621362434000,15598), (26802,1621363420000,18161), (27873,1621364491000,20767), (64142,1621400760000,23116), (68935,1621405553000,24944), (65965,1621402583000,27739)]
2021-07-27 11:37:34 INFO  IOManager:512 - [(4083,1621340701000,382), (20453,1621357071000,2744), (50901,1621387519000,5353), (55924,1621392542000,7804), (57091,1621393709000,10367), (24704,1621361322000,13192), (59420,1621396038000,15639), (26797,1621363415000,18181), (28656,1621365274000,20097), (64208,1621400826000,23297), (68882,1621405500000,25097), (66023,1621402641000,27675)]
2021-07-27 11:37:34 INFO  IOManager:512 - [(11688,1621348306000,374), (81701,1621418319000,2482), (38546,1621375164000,5071), (55852,1621392470000,7762), (76146,1621412764000,9703), (58380,1621394998000,13438), (59324,1621395942000,15372), (60104,1621396722000,18463), (73141,1621409759000,19673), (64236,1621400854000,23380), (68902,1621405520000,25018), (66073,1621402691000,27626)]
2021-07-27 11:37:34 INFO  IOManager:512 - [(2379,1621338997000,208), (81528,1621418146000,2619), (51107,1621387725000,5553), (32565,1621369183000,7776), (76196,1621412814000,9503), (30636,1621367254000,12332), (25856,1621362474000,15723), (26836,1621363454000,18224), (27752,1621364370000,20584), (72022,1621408640000,22329), (68946,1621405564000,24903), (65995,1621402613000,27728)]
2021-07-27 11:37:34 INFO  IOManager:512 - [(11880,1621348498000,337), (20399,1621357017000,2669), (22446,1621359064000,5515), (54878,1621391496000,8070), (57293,1621393911000,10731), (30627,1621367245000,12395), (25789,1621362407000,15485), (26801,1621363419000,18154), (28646,1621365264000,20135), (72038,1621408656000,22260), (65117,1621401735000,25880), (65895,1621402513000,27856)]
2021-07-27 11:37:34 INFO  IOManager:512 - [(13693,1621350311000,447), (81662,1621418280000,2540), (50653,1621387271000,5140), (54978,1621391596000,8101), (76132,1621412750000,9784), (24745,1621361363000,13290), (25896,1621362514000,15796), (73904,1621410522000,17449), (27751,1621364369000,20593), (64276,1621400894000,23460), (68873,1621405491000,25103), (65898,1621402516000,27864)]
2021-07-27 11:37:34 INFO  IOManager:512 - [(12085,1621348703000,297), (20583,1621357201000,2877), (51019,1621387637000,5511), (23591,1621360209000,8435), (57280,1621393898000,10708), (58367,1621394985000,13423), (59430,1621396048000,15662), (29458,1621366076000,16949), (73087,1621409705000,19954), (72006,1621408624000,22313), (65065,1621401683000,25746), (66166,1621402784000,27469)]
2021-07-27 11:37:34 INFO  IOManager:512 - [(13327,1621349945000,369), (81654,1621418272000,2522), (22530,1621359148000,5682), (56016,1621392634000,7892), (57119,1621393737000,10409), (58350,1621394968000,13364), (29974,1621366592000,14701), (73897,1621410515000,17450), (27721,1621364339000,20527), (64269,1621400887000,23465), (65072,1621401690000,25787), (66068,1621402686000,27610)]
2021-07-27 11:37:34 INFO  IOManager:512 - [(13332,1621349950000,377), (81381,1621417999000,2757), (22558,1621359176000,5752), (32688,1621369306000,7627), (57167,1621393785000,10556), (30594,1621367212000,12444), (25878,1621362496000,15776), (60149,1621396767000,18670), (61965,1621398583000,20845), (64163,1621400781000,23123), (65080,1621401698000,25779), (66097,1621402715000,27554)]
2021-07-27 11:37:34 INFO  IOManager:512 - [(2546,1621339164000,221), (20516,1621357134000,2816), (38591,1621375209000,5039), (54925,1621391543000,8096), (57202,1621393820000,10619), (75484,1621412102000,12402), (74774,1621411392000,15013), (73986,1621410604000,17178), (73138,1621409756000,19713), (71980,1621408598000,22353), (68959,1621405577000,24900), (66147,1621402765000,27548)]
2021-07-27 11:37:34 INFO  IOManager:512 - [(13085,1621349703000,293), (81673,1621418291000,2481), (50618,1621387236000,5124), (32583,1621369201000,7800), (31473,1621368091000,9899), (58343,1621394961000,13380), (59264,1621395882000,15216), (60144,1621396762000,18697), (27726,1621364344000,20554), (64255,1621400873000,23379), (68736,1621405354000,25265), (66162,1621402780000,27441)]
2021-07-27 11:37:34 INFO  IOManager:512 - [(3135,1621339753000,255), (20360,1621356978000,2640), (42776,1621379394000,5674), (55940,1621392558000,7826), (31486,1621368104000,9843), (30643,1621367261000,12311), (25811,1621362429000,15574), (26706,1621363324000,17941), (73177,1621409795000,19620), (64152,1621400770000,23119), (68789,1621405407000,25226), (65885,1621402503000,27839)]
2021-07-27 11:37:34 INFO  IOManager:512 - [(3173,1621339791000,263), (20431,1621357049000,2719), (38477,1621375095000,5101), (32719,1621369337000,7580), (76184,1621412802000,9560), (58319,1621394937000,13295), (59447,1621396065000,15697), (26813,1621363431000,18179), (27867,1621364485000,20753), (64239,1621400857000,23386), (68970,1621405588000,24888), (66116,1621402734000,27565)]
2021-07-27 11:37:34 INFO  IOManager:512 - [(11740,1621348358000,361), (81702,1621418320000,2457), (22482,1621359100000,5599), (56105,1621392723000,7994), (57261,1621393879000,10674), (75547,1621412165000,12101), (25834,1621362452000,15626), (26859,1621363477000,18282), (61884,1621398502000,20619), (71919,1621408537000,22539), (68771,1621405389000,25225), (65957,1621402575000,27774)]
2021-07-27 11:37:34 INFO  IOManager:512 - [(2192,1621338810000,257), (81423,1621418041000,2653), (42525,1621379143000,5286), (32668,1621369286000,7651), (31451,1621368069000,9937), (58332,1621394950000,13304), (25853,1621362471000,15687), (26877,1621363495000,18317), (73145,1621409763000,19686), (71873,1621408491000,22725), (68794,1621405412000,25202), (66145,1621402763000,27537)]
2021-07-27 11:37:34 INFO  IOManager:512 - [(11727,1621348345000,360), (81467,1621418085000,2642), (42663,1621379281000,5497), (55919,1621392537000,7799), (76197,1621412815000,9489), (75555,1621412173000,12059), (59240,1621395858000,15155), (60072,1621396690000,18265), (61902,1621398520000,20645), (71899,1621408517000,22620), (65079,1621401697000,25774), (66031,1621402649000,27702)]
2021-07-27 11:37:34 INFO  IOManager:512 - [(1902,1621338520000,261), (81688,1621418306000,2458), (50356,1621386974000,5192), (55979,1621392597000,7869), (24166,1621360784000,11179), (30634,1621367252000,12355), (74784,1621411402000,14996), (26844,1621363462000,18248), (27754,1621364372000,20629), (64195,1621400813000,23258), (68769,1621405387000,25199), (66017,1621402635000,27680)]
2021-07-27 11:37:34 INFO  IOManager:512 - [(12656,1621349274000,288), (81575,1621418193000,2598), (38467,1621375085000,5100), (32862,1621369480000,7390), (31560,1621368178000,9603), (30627,1621367245000,12395), (59237,1621395855000,15157), (29458,1621366076000,16949), (27742,1621364360000,20604), (72012,1621408630000,22328), (68721,1621405339000,25300), (65914,1621402532000,27829)]
2021-07-27 11:37:34 INFO  IOManager:512 - [(12731,1621349349000,282), (20702,1621357320000,3110), (38402,1621375020000,5110), (76666,1621413284000,7018), (76214,1621412832000,9422), (58386,1621395004000,13489), (25885,1621362503000,15803), (26830,1621363448000,18210), (28768,1621365386000,19670), (71966,1621408584000,22404), (68778,1621405396000,25244), (66034,1621402652000,27642)]
2021-07-27 11:37:34 INFO  IOManager:512 - [(11698,1621348316000,366), (81389,1621418007000,2708), (50717,1621387335000,5202), (32611,1621369229000,7700), (57202,1621393820000,10619), (24732,1621361350000,13244), (30017,1621366635000,14520), (60096,1621396714000,18428), (61994,1621398612000,20957), (64193,1621400811000,23204), (68674,1621405292000,25415), (66157,1621402775000,27473)]
2021-07-27 11:37:34 INFO  IOManager:545 - Finished extract failiure scenario
2021-07-27 11:37:34 INFO  IOManager:557 - Starting get scenario
2021-07-27 11:37:34 INFO  IOManager:564 - Finished get scenario
2021-07-27 11:37:34 INFO  ExecutionManager:158 - Failure point: 11698 1621348316000 366
2021-07-27 11:37:34 INFO  ExecutionManager:158 - Failure point: 24732 1621361350000 13244
2021-07-27 11:37:34 INFO  ExecutionManager:158 - Failure point: 30017 1621366635000 14520
2021-07-27 11:37:34 INFO  ExecutionManager:158 - Failure point: 32611 1621369229000 7700
2021-07-27 11:37:34 INFO  ExecutionManager:158 - Failure point: 50717 1621387335000 5202
2021-07-27 11:37:34 INFO  ExecutionManager:158 - Failure point: 57202 1621393820000 10619
2021-07-27 11:37:34 INFO  ExecutionManager:158 - Failure point: 60096 1621396714000 18428
2021-07-27 11:37:34 INFO  ExecutionManager:158 - Failure point: 61994 1621398612000 20957
2021-07-27 11:37:34 INFO  ExecutionManager:158 - Failure point: 64193 1621400811000 23204
2021-07-27 11:37:34 INFO  ExecutionManager:158 - Failure point: 66157 1621402775000 27473
2021-07-27 11:37:34 INFO  ExecutionManager:158 - Failure point: 68674 1621405292000 25415
2021-07-27 11:37:34 INFO  ExecutionManager:158 - Failure point: 81389 1621418007000 2708
2021-07-27 11:37:34 INFO  SequenceFSM:21 - STATE-CHANGE: RECORD -> DEPLOY
2021-07-27 11:37:38 INFO  SequenceFSM:21 - STATE-CHANGE: DEPLOY -> REGISTER
2021-07-27 11:37:38 INFO  IOManager:557 - Starting get scenario
2021-07-27 11:37:38 INFO  IOManager:564 - Finished get scenario
2021-07-27 11:37:38 INFO  SequenceFSM:21 - STATE-CHANGE: REGISTER -> MODEL
2021-07-27 11:37:38 INFO  ExecutionManager:270 - 10000.0
2021-07-27 11:37:38 INFO  ExecutionManager:270 - 25714.0
2021-07-27 11:37:38 INFO  ExecutionManager:270 - 41428.0
2021-07-27 11:37:38 INFO  ExecutionManager:270 - 57142.0
2021-07-27 11:37:38 INFO  ExecutionManager:270 - 72856.0
2021-07-27 11:37:38 INFO  ExecutionManager:270 - 88570.0
2021-07-27 11:37:38 INFO  ExecutionManager:270 - 104284.0
2021-07-27 11:37:38 INFO  ExecutionManager:270 - 119998.0
[245.249533, 10000.0, 591.820714]
[3104.505435, 10000.0, 391.192342]
[5889.01216, 10000.0, 474.744543]
[8852.973324, 10000.0, 627.25559]
[11476.97217, 10000.0, 409.228937]
[14280.679727, 10000.0, 902.63289]
[17348.47294, 10000.0, 764.24637]
[20049.365823, 10000.0, 607.053131]
[23071.828317, 10000.0, 1002.406919]
[25963.343697, 10000.0, 1098.534419]
[245.070413, 25714.0, 428.571611]
[3102.819584, 25714.0, 539.511968]
[5901.883686, 25714.0, 626.688704]
[8921.749372, 25714.0, 599.600316]
[11522.191068, 25714.0, 676.515158]
[14375.883367, 25714.0, 636.780282]
[17561.797268, 25714.0, 756.334842]
[20083.37427, 25714.0, 928.539502]
[23139.995316, 25714.0, 715.508522]
[25910.191475, 25714.0, 1242.620623]
[244.827096, 41428.0, 421.828048]
[3101.843353, 41428.0, 453.545449]
[5896.068693, 41428.0, 534.67186]
[8904.503554, 41428.0, 519.772342]
[11457.245299, 41428.0, 598.404493]
[14421.031413, 41428.0, 721.342425]
[17447.553785, 41428.0, 526.207683]
[20086.731021, 41428.0, 834.555839]
[23083.822606, 41428.0, 910.614593]
[25800.560923, 41428.0, 946.971321]
[243.359596, 57142.0, 466.487766]
[3090.04641, 57142.0, 456.272517]
[5901.111906, 57142.0, 687.805831]
[8924.852664, 57142.0, 616.594369]
[11549.172576, 57142.0, 524.078306]
[14442.11226, 57142.0, 654.657733]
[17565.852177, 57142.0, 813.909228]
[20150.754703, 57142.0, 583.718065]
[23143.84697, 57142.0, 1039.746279]
[25855.143291, 57142.0, 970.108671]
[243.775195, 72856.0, 412.866836]
[3102.770991, 72856.0, 530.19593]
[5878.384469, 72856.0, 464.630739]
[8880.342246, 72856.0, 435.201105]
[11468.56635, 72856.0, 473.20985]
[14345.574795, 72856.0, 535.19088]
[17588.036458, 72856.0, 689.72711]
[20111.117546, 72856.0, 593.190631]
[23256.721437, 72856.0, 645.487409]
[25860.415056, 72856.0, 708.160341]
[243.647829, 88570.0, 375.109809]
[3104.68627, 88570.0, 546.440748]
[5912.429337, 88570.0, 500.824003]
[8948.53963, 88570.0, 536.771346]
[11489.415044, 88570.0, 529.913497]
[14295.616756, 88570.0, 639.528688]
[17551.471829, 88570.0, 793.653455]
[20064.839098, 88570.0, 456.616944]
[23230.560188, 88570.0, 637.669718]
[25833.71357, 88570.0, 746.069203]
[243.248568, 104284.0, 366.712575]
[3110.457771, 104284.0, 478.376246]
[5931.488391, 104284.0, 501.057874]
[8885.495102, 104284.0, 474.981678]
[11527.26821, 104284.0, 443.885515]
[14400.465698, 104284.0, 576.558837]
[17593.378499, 104284.0, 655.522865]
[20035.026031, 104284.0, 648.843297]
[23159.109377, 104284.0, 857.624635]
[25916.765197, 104284.0, 822.25059]
[242.089426, 119998.0, 365.576312]
[3106.605466, 119998.0, 475.271096]
[5907.547032, 119998.0, 347.763804]
[8901.912223, 119998.0, 455.201578]
[11518.079451, 119998.0, 449.262176]
[14350.423178, 119998.0, 415.250988]
[17623.1804, 119998.0, 562.517558]
[19992.272643, 119998.0, 661.33044]
[23157.520251, 119998.0, 718.712608]
[25875.978475, 119998.0, 823.728015]
[245.249533, 10000.0, 77.0]
[3104.505435, 10000.0, 71.0]
[5889.01216, 10000.0, 82.0]
[8852.973324, 10000.0, 87.0]
[11476.97217, 10000.0, 116.0]
[14280.679727, 10000.0, 112.0]
[17348.47294, 10000.0, 127.0]
[20049.365823, 10000.0, 150.0]
[23071.828317, 10000.0, 146.0]
[25963.343697, 10000.0, 236.0]
[245.070413, 25714.0, 75.0]
[3102.819584, 25714.0, 69.0]
[5901.883686, 25714.0, 95.0]
[8921.749372, 25714.0, 79.0]
[11522.191068, 25714.0, 105.0]
[14375.883367, 25714.0, 111.0]
[17561.797268, 25714.0, 111.0]
[20083.37427, 25714.0, 185.0]
[23139.995316, 25714.0, 179.0]
[25910.191475, 25714.0, 238.0]
[244.827096, 41428.0, 72.0]
[3101.843353, 41428.0, 71.0]
[5896.068693, 41428.0, 83.0]
[8904.503554, 41428.0, 119.0]
[11457.245299, 41428.0, 112.0]
[14421.031413, 41428.0, 111.0]
[17447.553785, 41428.0, 145.0]
[20086.731021, 41428.0, 171.0]
[23083.822606, 41428.0, 203.0]
[25800.560923, 41428.0, 192.0]
[243.359596, 57142.0, 71.0]
[3090.04641, 57142.0, 84.0]
[5901.111906, 57142.0, 82.0]
[8924.852664, 57142.0, 111.0]
[11549.172576, 57142.0, 173.0]
[14442.11226, 57142.0, 141.0]
[17565.852177, 57142.0, 167.0]
[20150.754703, 57142.0, 239.0]
[23143.84697, 57142.0, 205.0]
[25855.143291, 57142.0, 389.0]
[3102.770991, 72856.0, 90.0]
[5878.384469, 72856.0, 73.0]
[8880.342246, 72856.0, 94.0]
[11468.56635, 72856.0, 100.0]
[14345.574795, 72856.0, 134.0]
[17588.036458, 72856.0, 145.0]
[20111.117546, 72856.0, 226.0]
[23256.721437, 72856.0, 226.0]
[25860.415056, 72856.0, 257.0]
[243.647829, 88570.0, 102.0]
[3104.68627, 88570.0, 78.0]
[8948.53963, 88570.0, 111.0]
[11489.415044, 88570.0, 135.0]
[14295.616756, 88570.0, 142.0]
[17551.471829, 88570.0, 170.0]
[20064.839098, 88570.0, 256.0]
[23230.560188, 88570.0, 254.0]
[25833.71357, 88570.0, 326.0]
[243.248568, 104284.0, 69.0]
[3110.457771, 104284.0, 83.0]
[8885.495102, 104284.0, 109.0]
[11527.26821, 104284.0, 142.0]
[14400.465698, 104284.0, 178.0]
[17593.378499, 104284.0, 172.0]
[20035.026031, 104284.0, 250.0]
[23159.109377, 104284.0, 332.0]
[242.089426, 119998.0, 72.0]
[8901.912223, 119998.0, 112.0]
[11518.079451, 119998.0, 143.0]
[14350.423178, 119998.0, 179.0]
[17623.1804, 119998.0, 191.0]
[23157.520251, 119998.0, 331.0]
[25875.978475, 119998.0, 454.0]
2021-07-27 11:37:38 INFO  ExecutionManager:315 - -PERFORMANCE -----------------------------------------------------------------------
2021-07-27 11:37:40 INFO  RegressionModel:27 - Linear Model:

Residuals:
       Min          1Q      Median          3Q         Max
 -272.7689    -60.9532     -0.5592     66.5864    337.4795

Coefficients:
                  Estimate Std. Error    t value   Pr(>|t|)
Intercept         500.5349    31.8986    15.6914     0.0000 ***
thr                 0.0172     0.0015    11.5281     0.0000 ***
conf               -0.0016     0.0003    -4.7450     0.0000 ***
---------------------------------------------------------------------
Significance codes:  0 '***' 0.001 '**' 0.01 '*' 0.05 '.' 0.1 ' ' 1

Residual standard error: 109.4541 on 77 degrees of freedom
Multiple R-squared: 0.6685,    Adjusted R-squared: 0.6599
F-statistic: 77.6420 on 3 and 77 DF,  p-value: 3.453e-19

2021-07-27 11:37:40 INFO  RegressionModel:28 - [500.53493786304676, 0.017216229521844723, -0.0016127239632553743]
2021-07-27 11:37:40 INFO  ExecutionManager:317 - [710.3966617930563]
2021-07-27 11:37:40 INFO  ExecutionManager:319 - -AVAILABILITY -----------------------------------------------------------------------
2021-07-27 11:37:40 INFO  RegressionModel:27 - Linear Model:

Residuals:
       Min          1Q      Median          3Q         Max
  -51.8739    -25.9286    -10.9383     16.1720    161.3893

Coefficients:
                  Estimate Std. Error    t value   Pr(>|t|)
Intercept           3.1192    11.9735     0.2605     0.7952 
thr                 0.0081     0.0006    14.0591     0.0000 ***
conf                0.0007     0.0001     4.9646     0.0000 ***
---------------------------------------------------------------------
Significance codes:  0 '***' 0.001 '**' 0.01 '*' 0.05 '.' 0.1 ' ' 1

Residual standard error: 39.7698 on 70 degrees of freedom
Multiple R-squared: 0.7647,    Adjusted R-squared: 0.7580
F-statistic: 113.7456 on 3 and 70 DF,  p-value: 1.016e-22

2021-07-27 11:37:40 INFO  RegressionModel:28 - [3.119151699312233, 0.008131916066229912, 6.589295069536052E-4]
2021-07-27 11:37:40 INFO  ExecutionManager:321 - [144.86577790136906]
2021-07-27 11:37:40 INFO  SequenceFSM:21 - STATE-CHANGE: MODEL -> OPTIMIZE
2021-07-27 11:37:40 INFO  SequenceFSM:21 - STATE-CHANGE: OPTIMIZE -> REPLAY
2021-07-27 11:37:40 INFO  IOManager:412 - Starting get workload
2021-07-27 11:37:40 INFO  ExecutionManager:342 - uptime: 78, chkInt: 10000
2021-07-27 11:37:40 INFO  IOManager:419 - Finished get workload
2021-07-27 11:37:40 INFO  IOManager:412 - Starting get workload
2021-07-27 11:37:40 INFO  IOManager:419 - Finished get workload
2021-07-27 11:37:40 INFO  IOManager$DatabaseToQueue:56 - Starting replay events from database to queue
2021-07-27 11:37:40 INFO  IOManager$QueueToKafka:98 - Starting replay events from queue to kafka topic iot-vehicles-events
2021-07-27 11:40:37 INFO  KubernetesClient:67 - Running command: [[sh, -c, kill 1]] on pod [flink-native-taskmanager-1-1144] in namespace [khaos]

2021-07-27 11:40:37 INFO  KubernetesClient:35 - Reading data... Switching Protocols
2021-07-27 11:40:37 INFO  KubernetesClient:48 - Exit with: 1000 and with reason: 
2021-07-27 11:40:37 INFO  ExecutionManager:217 - FailureMetrics{experimentId=23, jobId='profile_10000', timestamp=1627378834, avgThr=15986.246679, avgLat=5809.916743, recTime=0.0}
2021-07-27 11:40:37 INFO  ExecutionManager:219 - Finishing inject failure into job 67fe08dc3276d39775bdee63c20a53c8
2021-07-27 11:40:37 INFO  KubernetesClient:67 - Running command: [[sh, -c, kill 1]] on pod [flink-native-taskmanager-1-1099] in namespace [khaos]

2021-07-27 11:40:37 INFO  KubernetesClient:35 - Reading data... Switching Protocols
2021-07-27 11:40:37 INFO  KubernetesClient:48 - Exit with: 1000 and with reason: 
2021-07-27 11:40:38 INFO  ExecutionManager:217 - FailureMetrics{experimentId=23, jobId='vehicles', timestamp=1627378834, avgThr=13110.984134, avgLat=2486.044956, recTime=0.0}
2021-07-27 11:40:38 INFO  ExecutionManager:219 - Finishing inject failure into job fb6e74668d5409fb24308e7d21404988
2021-07-27 11:40:48 INFO  KubernetesClient:67 - Running command: [[sh, -c, kill 1]] on pod [flink-native-taskmanager-1-1135] in namespace [khaos]

2021-07-27 11:40:48 INFO  KubernetesClient:35 - Reading data... Switching Protocols
2021-07-27 11:40:48 INFO  KubernetesClient:48 - Exit with: 1000 and with reason: 
2021-07-27 11:40:49 INFO  ExecutionManager:217 - FailureMetrics{experimentId=23, jobId='profile_60000', timestamp=1627378834, avgThr=16809.303571, avgLat=6007.282663, recTime=0.0}
2021-07-27 11:40:49 INFO  ExecutionManager:219 - Finishing inject failure into job 1520811255fa62cd3b620fa4a39fcb39
2021-07-27 11:40:51 INFO  KubernetesClient:67 - Running command: [[sh, -c, kill 1]] on pod [flink-native-taskmanager-1-1133] in namespace [khaos]

2021-07-27 11:40:52 INFO  KubernetesClient:35 - Reading data... Switching Protocols
2021-07-27 11:40:52 INFO  KubernetesClient:48 - Exit with: 1000 and with reason: 
2021-07-27 11:40:52 INFO  ExecutionManager:217 - FailureMetrics{experimentId=23, jobId='profile_30000', timestamp=1627378834, avgThr=16451.952215, avgLat=6864.539883, recTime=0.0}
2021-07-27 11:40:52 INFO  ExecutionManager:219 - Finishing inject failure into job 8d4dbf208921bf3cb62fc974d0a8ed3d
2021-07-27 11:41:03 INFO  KubernetesClient:67 - Running command: [[sh, -c, kill 1]] on pod [flink-native-taskmanager-1-1131] in namespace [khaos]

2021-07-27 11:41:03 INFO  KubernetesClient:35 - Reading data... Switching Protocols
2021-07-27 11:41:04 INFO  KubernetesClient:48 - Exit with: 1000 and with reason: 
2021-07-27 11:41:04 INFO  ExecutionManager:217 - FailureMetrics{experimentId=23, jobId='profile_120000', timestamp=1627378837, avgThr=17743.368383, avgLat=6630.471258, recTime=0.0}
2021-07-27 11:41:04 INFO  ExecutionManager:219 - Finishing inject failure into job 5df6fb1640ac8b41f02ae79c7ce6ed0a
2021-07-27 11:42:01 INFO  KubernetesClient:67 - Running command: [[sh, -c, kill 1]] on pod [flink-native-taskmanager-1-1134] in namespace [khaos]

2021-07-27 11:42:02 INFO  KubernetesClient:35 - Reading data... Switching Protocols
2021-07-27 11:42:02 INFO  KubernetesClient:48 - Exit with: 1000 and with reason: 
2021-07-27 11:42:02 INFO  ExecutionManager:217 - FailureMetrics{experimentId=23, jobId='profile_90000', timestamp=1627378837, avgThr=17334.69538, avgLat=5927.151591, recTime=0.0}
2021-07-27 11:42:02 INFO  ExecutionManager:219 - Finishing inject failure into job a254eb6d3eb2860d13380fc55baef652
2021-07-27 11:46:22 INFO  ExecutionManager:350 - startTime: 1627378883
2021-07-27 11:46:22 INFO  ExecutionManager:351 - stopTime: 1627379183
2021-07-27 11:46:22 INFO  ExecutionManager:358 - recTime: 224.55786488263067, avgLat: 4752.447176079737, predLat: 939.2693648729194, avgThr: 26420.515947773434
2021-07-27 11:46:22 INFO  ExecutionManager:363 - weight: 5.059727649823573
2021-07-27 11:46:22 INFO  ExecutionManager:368 - Violation Detected
2021-07-27 11:46:22 INFO  Optimization:121 - Chosen best checkpoint interval: -1.0
2021-07-27 11:46:22 INFO  ExecutionManager:390 - difference: 10001.0
2021-07-27 11:46:22 INFO  ExecutionManager:417 - no better configuration was found
2021-07-27 11:51:22 INFO  ExecutionManager:342 - uptime: 641, chkInt: 10000
2021-07-27 11:51:22 INFO  ExecutionManager:350 - startTime: 1627379183
2021-07-27 11:51:22 INFO  ExecutionManager:351 - stopTime: 1627379483
2021-07-27 11:51:22 INFO  ExecutionManager:358 - recTime: 211.1904089754355, avgLat: 1272.2151744186, predLat: 910.9688773682437, avgThr: 24776.689843528788
2021-07-27 11:51:22 INFO  ExecutionManager:363 - weight: 3.228139696911928
2021-07-27 11:51:22 INFO  ExecutionManager:368 - Violation Detected
2021-07-27 11:51:22 INFO  Optimization:121 - Chosen best checkpoint interval: -1.0
2021-07-27 11:51:22 INFO  ExecutionManager:390 - difference: 10001.0
2021-07-27 11:51:22 INFO  ExecutionManager:417 - no better configuration was found
2021-07-27 11:56:22 INFO  ExecutionManager:342 - uptime: 941, chkInt: 10000
2021-07-27 11:56:22 INFO  ExecutionManager:350 - startTime: 1627379483
2021-07-27 11:56:22 INFO  ExecutionManager:351 - stopTime: 1627379783
2021-07-27 11:56:22 INFO  ExecutionManager:358 - recTime: 217.2622643989005, avgLat: 1237.3358803986698, predLat: 923.8237144991801, avgThr: 25523.359555071936
2021-07-27 11:56:22 INFO  ExecutionManager:363 - weight: 2.5985476734053283
2021-07-27 11:56:22 INFO  ExecutionManager:368 - Violation Detected
2021-07-27 11:56:22 INFO  Optimization:121 - Chosen best checkpoint interval: -1.0
2021-07-27 11:56:22 INFO  ExecutionManager:390 - difference: 10001.0
2021-07-27 11:56:22 INFO  ExecutionManager:417 - no better configuration was found
2021-07-27 12:01:22 INFO  ExecutionManager:342 - uptime: 1241, chkInt: 10000
2021-07-27 12:01:22 INFO  ExecutionManager:350 - startTime: 1627379783
2021-07-27 12:01:22 INFO  ExecutionManager:351 - stopTime: 1627380083
2021-07-27 12:01:23 INFO  ExecutionManager:358 - recTime: 225.3265248020883, avgLat: 1257.0639285714271, predLat: 940.896708968683, avgThr: 26515.039786091158
2021-07-27 12:01:23 INFO  ExecutionManager:363 - weight: 2.2829176435330982
2021-07-27 12:01:23 INFO  ExecutionManager:368 - Violation Detected
2021-07-27 12:01:23 INFO  Optimization:121 - Chosen best checkpoint interval: -1.0
2021-07-27 12:01:23 INFO  ExecutionManager:390 - difference: 10001.0
2021-07-27 12:01:23 INFO  ExecutionManager:417 - no better configuration was found
2021-07-27 12:06:23 INFO  ExecutionManager:342 - uptime: 1542, chkInt: 10000
2021-07-27 12:06:23 INFO  ExecutionManager:350 - startTime: 1627380084
2021-07-27 12:06:23 INFO  ExecutionManager:351 - stopTime: 1627380384
2021-07-27 12:06:23 INFO  ExecutionManager:358 - recTime: 231.80431424086112, avgLat: 1268.5931976744173, predLat: 954.6109564921205, avgThr: 27311.62811607573
2021-07-27 12:06:23 INFO  ExecutionManager:363 - weight: 2.0921163560729186
2021-07-27 12:06:23 INFO  ExecutionManager:368 - Violation Detected
2021-07-27 12:06:23 INFO  Optimization:121 - Chosen best checkpoint interval: -1.0
2021-07-27 12:06:23 INFO  ExecutionManager:390 - difference: 10001.0
2021-07-27 12:06:23 INFO  ExecutionManager:417 - no better configuration was found
2021-07-27 12:11:23 INFO  ExecutionManager:342 - uptime: 1842, chkInt: 10000
2021-07-27 12:11:23 INFO  ExecutionManager:350 - startTime: 1627380384
2021-07-27 12:11:23 INFO  ExecutionManager:351 - stopTime: 1627380684
2021-07-27 12:11:23 INFO  ExecutionManager:358 - recTime: 234.61234621764976, avgLat: 1222.1098504983404, predLat: 960.5558927929062, avgThr: 27656.938120989555
2021-07-27 12:11:23 INFO  ExecutionManager:363 - weight: 1.9554793577048455
2021-07-27 12:11:23 INFO  ExecutionManager:368 - Violation Detected
2021-07-27 12:11:23 INFO  Optimization:121 - Chosen best checkpoint interval: -1.0
2021-07-27 12:11:23 INFO  ExecutionManager:390 - difference: 10001.0
2021-07-27 12:11:23 INFO  ExecutionManager:417 - no better configuration was found
2021-07-27 12:13:22 INFO  KubernetesClient:67 - Running command: [[sh, -c, kill 1]] on pod [flink-native-taskmanager-1-1126] in namespace [khaos]

2021-07-27 12:13:22 INFO  KubernetesClient:35 - Reading data... Switching Protocols
2021-07-27 12:13:22 INFO  KubernetesClient:48 - Exit with: 1000 and with reason: 
2021-07-27 12:13:23 INFO  ExecutionManager:217 - FailureMetrics{experimentId=23, jobId='vehicles', timestamp=1627378834, avgThr=13110.984134, avgLat=2486.044956, recTime=0.0}
2021-07-27 12:13:23 INFO  ExecutionManager:217 - FailureMetrics{experimentId=23, jobId='vehicles', timestamp=1627380798, avgThr=27692.375286, avgLat=1177.87789, recTime=0.0}
2021-07-27 12:13:23 INFO  ExecutionManager:219 - Finishing inject failure into job fb6e74668d5409fb24308e7d21404988
2021-07-27 12:13:25 INFO  KubernetesClient:67 - Running command: [[sh, -c, kill 1]] on pod [flink-native-taskmanager-1-1145] in namespace [khaos]

2021-07-27 12:13:26 INFO  KubernetesClient:35 - Reading data... Switching Protocols
2021-07-27 12:13:26 INFO  KubernetesClient:48 - Exit with: 1000 and with reason: 
2021-07-27 12:13:26 INFO  ExecutionManager:217 - FailureMetrics{experimentId=23, jobId='profile_10000', timestamp=1627378834, avgThr=15986.246679, avgLat=5809.916743, recTime=0.0}
2021-07-27 12:13:26 INFO  ExecutionManager:217 - FailureMetrics{experimentId=23, jobId='profile_10000', timestamp=1627380801, avgThr=27856.728849, avgLat=1403.68363, recTime=0.0}
2021-07-27 12:13:26 INFO  ExecutionManager:219 - Finishing inject failure into job 67fe08dc3276d39775bdee63c20a53c8
2021-07-27 12:13:26 INFO  KubernetesClient:67 - Running command: [[sh, -c, kill 1]] on pod [flink-native-taskmanager-1-1137] in namespace [khaos]

2021-07-27 12:13:26 INFO  KubernetesClient:35 - Reading data... Switching Protocols
2021-07-27 12:13:26 INFO  KubernetesClient:48 - Exit with: 1000 and with reason: 
2021-07-27 12:13:26 INFO  ExecutionManager:217 - FailureMetrics{experimentId=23, jobId='profile_30000', timestamp=1627378834, avgThr=16451.952215, avgLat=6864.539883, recTime=0.0}
2021-07-27 12:13:26 INFO  ExecutionManager:217 - FailureMetrics{experimentId=23, jobId='profile_30000', timestamp=1627380801, avgThr=27589.045358, avgLat=1360.338671, recTime=0.0}
2021-07-27 12:13:26 INFO  ExecutionManager:219 - Finishing inject failure into job 8d4dbf208921bf3cb62fc974d0a8ed3d
2021-07-27 12:13:55 INFO  KubernetesClient:67 - Running command: [[sh, -c, kill 1]] on pod [flink-native-taskmanager-1-1149] in namespace [khaos]

2021-07-27 12:13:55 INFO  KubernetesClient:35 - Reading data... Switching Protocols
2021-07-27 12:13:56 INFO  KubernetesClient:48 - Exit with: 1000 and with reason: 
2021-07-27 12:13:56 INFO  ExecutionManager:217 - FailureMetrics{experimentId=23, jobId='profile_60000', timestamp=1627378834, avgThr=16809.303571, avgLat=6007.282663, recTime=0.0}
2021-07-27 12:13:56 INFO  ExecutionManager:217 - FailureMetrics{experimentId=23, jobId='profile_60000', timestamp=1627380801, avgThr=27747.261118, avgLat=1285.212492, recTime=0.0}
2021-07-27 12:13:56 INFO  ExecutionManager:219 - Finishing inject failure into job 1520811255fa62cd3b620fa4a39fcb39
2021-07-27 12:14:42 INFO  KubernetesClient:67 - Running command: [[sh, -c, kill 1]] on pod [flink-native-taskmanager-1-1142] in namespace [khaos]

2021-07-27 12:14:43 INFO  KubernetesClient:35 - Reading data... Switching Protocols
2021-07-27 12:14:43 INFO  KubernetesClient:48 - Exit with: 1000 and with reason: 
2021-07-27 12:14:43 INFO  ExecutionManager:217 - FailureMetrics{experimentId=23, jobId='profile_90000', timestamp=1627378837, avgThr=17334.69538, avgLat=5927.151591, recTime=0.0}
2021-07-27 12:14:43 INFO  ExecutionManager:217 - FailureMetrics{experimentId=23, jobId='profile_90000', timestamp=1627380801, avgThr=27801.728195, avgLat=936.984012, recTime=0.0}
2021-07-27 12:14:43 INFO  ExecutionManager:219 - Finishing inject failure into job a254eb6d3eb2860d13380fc55baef652
2021-07-27 12:15:13 INFO  KubernetesClient:67 - Running command: [[sh, -c, kill 1]] on pod [flink-native-taskmanager-1-1143] in namespace [khaos]

2021-07-27 12:15:14 INFO  KubernetesClient:35 - Reading data... Switching Protocols
2021-07-27 12:15:14 INFO  KubernetesClient:48 - Exit with: 1000 and with reason: 
2021-07-27 12:15:14 INFO  ExecutionManager:217 - FailureMetrics{experimentId=23, jobId='profile_120000', timestamp=1627378837, avgThr=17743.368383, avgLat=6630.471258, recTime=0.0}
2021-07-27 12:15:14 INFO  ExecutionManager:217 - FailureMetrics{experimentId=23, jobId='profile_120000', timestamp=1627380801, avgThr=27694.456407, avgLat=914.35064, recTime=0.0}
2021-07-27 12:15:14 INFO  ExecutionManager:219 - Finishing inject failure into job 5df6fb1640ac8b41f02ae79c7ce6ed0a
2021-07-27 12:16:23 INFO  ExecutionManager:342 - uptime: 178, chkInt: 10000
2021-07-27 12:23:25 INFO  ExecutionManager:350 - startTime: 1627381106
2021-07-27 12:23:25 INFO  ExecutionManager:351 - stopTime: 1627381406
2021-07-27 12:23:25 INFO  ExecutionManager:358 - recTime: 227.26000604178702, avgLat: 1405.4796345514922, predLat: 944.9901177702162, avgThr: 26752.80432079019
2021-07-27 12:23:25 INFO  ExecutionManager:363 - weight: 1.3600740143653374
2021-07-27 12:23:25 INFO  ExecutionManager:368 - Violation Detected
2021-07-27 12:23:25 INFO  Optimization:121 - Chosen best checkpoint interval: -1.0
2021-07-27 12:23:25 INFO  ExecutionManager:390 - difference: 10001.0
2021-07-27 12:23:25 INFO  ExecutionManager:417 - no better configuration was found
2021-07-27 12:28:25 INFO  ExecutionManager:342 - uptime: 900, chkInt: 10000
2021-07-27 12:28:25 INFO  ExecutionManager:350 - startTime: 1627381406
2021-07-27 12:28:25 INFO  ExecutionManager:351 - stopTime: 1627381706
2021-07-27 12:28:25 INFO  ExecutionManager:358 - recTime: 222.2074853249377, avgLat: 1308.2871677740827, predLat: 934.2933329513978, avgThr: 26131.48448968281
2021-07-27 12:28:25 INFO  ExecutionManager:363 - weight: 1.3606980482580482
2021-07-27 12:28:25 INFO  ExecutionManager:368 - Violation Detected
2021-07-27 12:28:25 INFO  Optimization:121 - Chosen best checkpoint interval: -1.0
2021-07-27 12:28:25 INFO  ExecutionManager:390 - difference: 10001.0
2021-07-27 12:28:25 INFO  ExecutionManager:417 - no better configuration was found
2021-07-27 12:33:25 INFO  ExecutionManager:342 - uptime: 1200, chkInt: 10000
2021-07-27 12:33:25 INFO  ExecutionManager:350 - startTime: 1627381706
2021-07-27 12:33:25 INFO  ExecutionManager:351 - stopTime: 1627382006
2021-07-27 12:33:25 INFO  ExecutionManager:358 - recTime: 219.97206733661585, avgLat: 1410.8898754152794, predLat: 929.5606882892091, avgThr: 25856.590114222512
2021-07-27 12:33:25 INFO  ExecutionManager:363 - weight: 1.3904379212766227
2021-07-27 12:33:25 INFO  ExecutionManager:368 - Violation Detected
2021-07-27 12:33:25 INFO  Optimization:121 - Chosen best checkpoint interval: -1.0
2021-07-27 12:33:25 INFO  ExecutionManager:390 - difference: 10001.0
2021-07-27 12:33:25 INFO  ExecutionManager:417 - no better configuration was found
2021-07-27 12:38:26 INFO  ExecutionManager:342 - uptime: 1500, chkInt: 10000
2021-07-27 12:38:26 INFO  ExecutionManager:350 - startTime: 1627382007
2021-07-27 12:38:26 INFO  ExecutionManager:351 - stopTime: 1627382307
2021-07-27 12:38:26 INFO  ExecutionManager:358 - recTime: 219.13966480332368, avgLat: 1333.3770265780704, predLat: 927.7983935297691, avgThr: 25754.227703381977
2021-07-27 12:38:26 INFO  ExecutionManager:363 - weight: 1.4072901471116654
2021-07-27 12:38:26 INFO  ExecutionManager:368 - Violation Detected
2021-07-27 12:38:26 INFO  Optimization:121 - Chosen best checkpoint interval: -1.0
2021-07-27 12:38:26 INFO  ExecutionManager:390 - difference: 10001.0
2021-07-27 12:38:26 INFO  ExecutionManager:417 - no better configuration was found
2021-07-27 12:43:26 INFO  ExecutionManager:342 - uptime: 1800, chkInt: 10000
2021-07-27 12:43:26 INFO  ExecutionManager:350 - startTime: 1627382307
2021-07-27 12:43:26 INFO  ExecutionManager:351 - stopTime: 1627382607
2021-07-27 12:43:26 INFO  ExecutionManager:358 - recTime: 220.35668076863226, avgLat: 1266.4581810631203, predLat: 930.3749604815005, avgThr: 25903.886892605853
2021-07-27 12:43:26 INFO  ExecutionManager:363 - weight: 1.41267730665464
2021-07-27 12:43:26 INFO  ExecutionManager:368 - Violation Detected
2021-07-27 12:43:26 INFO  Optimization:121 - Chosen best checkpoint interval: -1.0
2021-07-27 12:43:26 INFO  ExecutionManager:390 - difference: 10001.0
2021-07-27 12:43:26 INFO  ExecutionManager:417 - no better configuration was found
2021-07-27 12:48:26 INFO  ExecutionManager:342 - uptime: 2101, chkInt: 10000
2021-07-27 12:48:26 INFO  ExecutionManager:350 - startTime: 1627382607
2021-07-27 12:48:26 INFO  ExecutionManager:351 - stopTime: 1627382907
2021-07-27 12:48:26 INFO  ExecutionManager:358 - recTime: 220.42308041743422, avgLat: 1266.2358970099706, predLat: 930.5155364029235, avgThr: 25912.05220669188
2021-07-27 12:48:26 INFO  ExecutionManager:363 - weight: 1.4274265181532986
2021-07-27 12:48:26 INFO  ExecutionManager:368 - Violation Detected
2021-07-27 12:48:26 INFO  Optimization:121 - Chosen best checkpoint interval: -1.0
2021-07-27 12:48:26 INFO  ExecutionManager:390 - difference: 10001.0
2021-07-27 12:48:26 INFO  ExecutionManager:417 - no better configuration was found
2021-07-27 12:53:26 INFO  ExecutionManager:342 - uptime: 2401, chkInt: 10000
2021-07-27 12:53:26 INFO  ExecutionManager:350 - startTime: 1627382907
2021-07-27 12:53:26 INFO  ExecutionManager:351 - stopTime: 1627383207
2021-07-27 12:53:26 INFO  ExecutionManager:358 - recTime: 218.68472537522152, avgLat: 1235.7365448505009, predLat: 926.8352328737867, avgThr: 25698.282779160316
2021-07-27 12:53:26 INFO  ExecutionManager:363 - weight: 1.4017582719899793
2021-07-27 12:53:26 INFO  ExecutionManager:368 - Violation Detected
2021-07-27 12:53:26 INFO  Optimization:121 - Chosen best checkpoint interval: -1.0
2021-07-27 12:53:26 INFO  ExecutionManager:390 - difference: 10001.0
2021-07-27 12:53:26 INFO  ExecutionManager:417 - no better configuration was found
2021-07-27 12:55:15 INFO  KubernetesClient:67 - Running command: [[sh, -c, kill 1]] on pod [flink-native-taskmanager-1-1154] in namespace [khaos]

2021-07-27 12:55:15 INFO  KubernetesClient:35 - Reading data... Switching Protocols
2021-07-27 12:55:15 INFO  KubernetesClient:48 - Exit with: 1000 and with reason: 
2021-07-27 12:55:16 INFO  ExecutionManager:217 - FailureMetrics{experimentId=23, jobId='vehicles', timestamp=1627378834, avgThr=13110.984134, avgLat=2486.044956, recTime=0.0}
2021-07-27 12:55:16 INFO  ExecutionManager:217 - FailureMetrics{experimentId=23, jobId='vehicles', timestamp=1627383315, avgThr=25562.405815, avgLat=1272.551179, recTime=0.0}
2021-07-27 12:55:16 INFO  ExecutionManager:217 - FailureMetrics{experimentId=23, jobId='vehicles', timestamp=1627380798, avgThr=27692.375286, avgLat=1177.87789, recTime=0.0}
2021-07-27 12:55:16 INFO  ExecutionManager:219 - Finishing inject failure into job fb6e74668d5409fb24308e7d21404988
2021-07-27 12:55:16 INFO  KubernetesClient:67 - Running command: [[sh, -c, kill 1]] on pod [flink-native-taskmanager-1-1155] in namespace [khaos]

2021-07-27 12:55:16 INFO  KubernetesClient:35 - Reading data... Switching Protocols
2021-07-27 12:55:16 INFO  KubernetesClient:48 - Exit with: 1000 and with reason: 
2021-07-27 12:55:16 INFO  ExecutionManager:217 - FailureMetrics{experimentId=23, jobId='profile_10000', timestamp=1627378834, avgThr=15986.246679, avgLat=5809.916743, recTime=0.0}
2021-07-27 12:55:16 INFO  ExecutionManager:217 - FailureMetrics{experimentId=23, jobId='profile_10000', timestamp=1627383315, avgThr=25574.172922, avgLat=1535.283779, recTime=0.0}
2021-07-27 12:55:16 INFO  ExecutionManager:217 - FailureMetrics{experimentId=23, jobId='profile_10000', timestamp=1627380801, avgThr=27856.728849, avgLat=1403.68363, recTime=0.0}
2021-07-27 12:55:16 INFO  ExecutionManager:219 - Finishing inject failure into job 67fe08dc3276d39775bdee63c20a53c8
2021-07-27 12:55:29 INFO  KubernetesClient:67 - Running command: [[sh, -c, kill 1]] on pod [flink-native-taskmanager-1-1157] in namespace [khaos]

2021-07-27 12:55:29 INFO  KubernetesClient:35 - Reading data... Switching Protocols
2021-07-27 12:55:29 INFO  KubernetesClient:48 - Exit with: 1000 and with reason: 
2021-07-27 12:55:30 INFO  ExecutionManager:217 - FailureMetrics{experimentId=23, jobId='profile_60000', timestamp=1627378834, avgThr=16809.303571, avgLat=6007.282663, recTime=0.0}
2021-07-27 12:55:30 INFO  ExecutionManager:217 - FailureMetrics{experimentId=23, jobId='profile_60000', timestamp=1627383315, avgThr=25493.192392, avgLat=827.058804, recTime=0.0}
2021-07-27 12:55:30 INFO  ExecutionManager:217 - FailureMetrics{experimentId=23, jobId='profile_60000', timestamp=1627380801, avgThr=27747.261118, avgLat=1285.212492, recTime=0.0}
2021-07-27 12:55:30 INFO  ExecutionManager:219 - Finishing inject failure into job 1520811255fa62cd3b620fa4a39fcb39
2021-07-27 12:55:36 INFO  KubernetesClient:67 - Running command: [[sh, -c, kill 1]] on pod [flink-native-taskmanager-1-1156] in namespace [khaos]

2021-07-27 12:55:36 INFO  KubernetesClient:35 - Reading data... Switching Protocols
2021-07-27 12:55:36 INFO  KubernetesClient:48 - Exit with: 1000 and with reason: 
2021-07-27 12:55:37 INFO  ExecutionManager:217 - FailureMetrics{experimentId=23, jobId='profile_30000', timestamp=1627378834, avgThr=16451.952215, avgLat=6864.539883, recTime=0.0}
2021-07-27 12:55:37 INFO  ExecutionManager:217 - FailureMetrics{experimentId=23, jobId='profile_30000', timestamp=1627383315, avgThr=25522.941859, avgLat=1217.533654, recTime=0.0}
2021-07-27 12:55:37 INFO  ExecutionManager:217 - FailureMetrics{experimentId=23, jobId='profile_30000', timestamp=1627380801, avgThr=27589.045358, avgLat=1360.338671, recTime=0.0}
2021-07-27 12:55:37 INFO  ExecutionManager:219 - Finishing inject failure into job 8d4dbf208921bf3cb62fc974d0a8ed3d
2021-07-27 12:55:44 INFO  KubernetesClient:67 - Running command: [[sh, -c, kill 1]] on pod [flink-native-taskmanager-1-1153] in namespace [khaos]

2021-07-27 12:55:44 INFO  KubernetesClient:35 - Reading data... Switching Protocols
2021-07-27 12:55:44 INFO  KubernetesClient:48 - Exit with: 1000 and with reason: 
2021-07-27 12:55:45 INFO  ExecutionManager:217 - FailureMetrics{experimentId=23, jobId='profile_90000', timestamp=1627378837, avgThr=17334.69538, avgLat=5927.151591, recTime=0.0}
2021-07-27 12:55:45 INFO  ExecutionManager:217 - FailureMetrics{experimentId=23, jobId='profile_90000', timestamp=1627383315, avgThr=25493.017731, avgLat=729.713214, recTime=0.0}
2021-07-27 12:55:45 INFO  ExecutionManager:217 - FailureMetrics{experimentId=23, jobId='profile_90000', timestamp=1627380801, avgThr=27801.728195, avgLat=936.984012, recTime=0.0}
2021-07-27 12:55:45 INFO  ExecutionManager:219 - Finishing inject failure into job a254eb6d3eb2860d13380fc55baef652
2021-07-27 12:56:16 INFO  KubernetesClient:67 - Running command: [[sh, -c, kill 1]] on pod [flink-native-taskmanager-1-1159] in namespace [khaos]

2021-07-27 12:56:16 INFO  KubernetesClient:35 - Reading data... Switching Protocols
2021-07-27 12:56:16 INFO  KubernetesClient:48 - Exit with: 1000 and with reason: 
2021-07-27 12:56:17 INFO  ExecutionManager:217 - FailureMetrics{experimentId=23, jobId='profile_120000', timestamp=1627378837, avgThr=17743.368383, avgLat=6630.471258, recTime=0.0}
2021-07-27 12:56:17 INFO  ExecutionManager:217 - FailureMetrics{experimentId=23, jobId='profile_120000', timestamp=1627383315, avgThr=25576.028463, avgLat=884.072359, recTime=0.0}
2021-07-27 12:56:17 INFO  ExecutionManager:217 - FailureMetrics{experimentId=23, jobId='profile_120000', timestamp=1627380801, avgThr=27694.456407, avgLat=914.35064, recTime=0.0}
2021-07-27 12:56:17 INFO  ExecutionManager:219 - Finishing inject failure into job 5df6fb1640ac8b41f02ae79c7ce6ed0a
2021-07-27 12:58:26 INFO  ExecutionManager:342 - uptime: 188, chkInt: 10000
2021-07-27 13:05:18 INFO  ExecutionManager:350 - startTime: 1627383619
2021-07-27 13:05:18 INFO  ExecutionManager:351 - stopTime: 1627383919
2021-07-27 13:05:19 INFO  ExecutionManager:358 - recTime: 212.6919272215613, avgLat: 972.9139867109651, predLat: 914.1477693472068, avgThr: 24961.334917813463
2021-07-27 13:05:19 INFO  ExecutionManager:363 - weight: 1.3457564890013822
2021-07-27 13:05:19 INFO  ExecutionManager:428 - No violation
2021-07-27 13:10:19 INFO  ExecutionManager:342 - uptime: 900, chkInt: 10000
2021-07-27 13:10:19 INFO  ExecutionManager:350 - startTime: 1627383920
2021-07-27 13:10:19 INFO  ExecutionManager:351 - stopTime: 1627384220
2021-07-27 13:10:19 INFO  ExecutionManager:358 - recTime: 210.66001847754828, avgLat: 890.7626411960144, predLat: 909.8459778604939, avgThr: 24711.466531634334
2021-07-27 13:10:19 INFO  ExecutionManager:363 - weight: 1.2559603033124558
2021-07-27 13:10:19 INFO  ExecutionManager:428 - No violation
2021-07-27 13:15:19 INFO  ExecutionManager:342 - uptime: 1200, chkInt: 10000
2021-07-27 13:15:19 INFO  ExecutionManager:350 - startTime: 1627384220
2021-07-27 13:15:19 INFO  ExecutionManager:351 - stopTime: 1627384520
2021-07-27 13:15:19 INFO  ExecutionManager:358 - recTime: 207.32871667807143, avgLat: 963.1351910299005, predLat: 902.7932173647848, avgThr: 24301.80886026325
2021-07-27 13:15:19 INFO  ExecutionManager:363 - weight: 1.1942433513171844
2021-07-27 13:15:19 INFO  ExecutionManager:428 - No violation
2021-07-27 13:20:19 INFO  ExecutionManager:342 - uptime: 1500, chkInt: 10000
2021-07-27 13:20:19 INFO  ExecutionManager:350 - startTime: 1627384520
2021-07-27 13:20:19 INFO  ExecutionManager:351 - stopTime: 1627384820
2021-07-27 13:20:19 INFO  ExecutionManager:358 - recTime: 206.1683693897562, avgLat: 955.090382059801, predLat: 900.336624714543, avgThr: 24159.118345645926
2021-07-27 13:20:19 INFO  ExecutionManager:363 - weight: 1.144173451030591
2021-07-27 13:20:19 INFO  ExecutionManager:428 - No violation
2021-07-27 13:25:19 INFO  ExecutionManager:342 - uptime: 1801, chkInt: 10000
2021-07-27 13:25:19 INFO  ExecutionManager:350 - startTime: 1627384820
2021-07-27 13:25:19 INFO  ExecutionManager:351 - stopTime: 1627385120
2021-07-27 13:25:19 INFO  ExecutionManager:358 - recTime: 205.0140011482884, avgLat: 928.201843853821, predLat: 897.8926904146833, avgThr: 24017.163087860907
2021-07-27 13:25:19 INFO  ExecutionManager:363 - weight: 1.0896678243912097
2021-07-27 13:25:19 INFO  ExecutionManager:428 - No violation
2021-07-27 13:30:19 INFO  ExecutionManager:342 - uptime: 2101, chkInt: 10000
2021-07-27 13:30:19 INFO  ExecutionManager:350 - startTime: 1627385120
2021-07-27 13:30:19 INFO  ExecutionManager:351 - stopTime: 1627385420
2021-07-27 13:30:19 INFO  ExecutionManager:358 - recTime: 203.69502924100613, avgLat: 877.0422840531572, predLat: 895.1002706573106, avgThr: 23854.966147245683
2021-07-27 13:30:19 INFO  ExecutionManager:363 - weight: 1.0307577620672532
2021-07-27 13:30:19 INFO  ExecutionManager:428 - No violation
2021-07-27 13:35:19 INFO  ExecutionManager:342 - uptime: 2401, chkInt: 10000
2021-07-27 13:35:19 INFO  ExecutionManager:350 - startTime: 1627385420
2021-07-27 13:35:19 INFO  ExecutionManager:351 - stopTime: 1627385720
2021-07-27 13:35:20 INFO  ExecutionManager:358 - recTime: 204.2287582067969, avgLat: 817.9130813953487, predLat: 896.2302380970473, avgThr: 23920.599998043435
2021-07-27 13:35:20 INFO  ExecutionManager:363 - weight: 1.0054793727795888
2021-07-27 13:35:20 INFO  ExecutionManager:428 - No violation
2021-07-27 13:40:20 INFO  ExecutionManager:342 - uptime: 2701, chkInt: 10000
2021-07-27 13:40:20 INFO  ExecutionManager:350 - startTime: 1627385721
2021-07-27 13:40:20 INFO  ExecutionManager:351 - stopTime: 1627386021
2021-07-27 13:40:20 INFO  ExecutionManager:358 - recTime: 202.84432771363953, avgLat: 804.058504983389, predLat: 893.299234759935, avgThr: 23750.353467965906
2021-07-27 13:40:20 INFO  ExecutionManager:363 - weight: 0.9923250556353512
2021-07-27 13:40:20 INFO  ExecutionManager:428 - No violation
2021-07-27 13:45:20 INFO  ExecutionManager:342 - uptime: 3001, chkInt: 10000
2021-07-27 13:45:20 INFO  ExecutionManager:350 - startTime: 1627386021
2021-07-27 13:45:20 INFO  ExecutionManager:351 - stopTime: 1627386321
2021-07-27 13:45:20 INFO  ExecutionManager:358 - recTime: 200.8653191775572, avgLat: 866.6866279069762, predLat: 889.109439279338, avgThr: 23506.99033928081
2021-07-27 13:45:20 INFO  ExecutionManager:363 - weight: 0.97698195524693
2021-07-27 13:45:20 INFO  ExecutionManager:428 - No violation
2021-07-27 13:50:20 INFO  ExecutionManager:342 - uptime: 3301, chkInt: 10000
2021-07-27 13:50:20 INFO  ExecutionManager:350 - startTime: 1627386321
2021-07-27 13:50:20 INFO  ExecutionManager:351 - stopTime: 1627386621
2021-07-27 13:50:20 INFO  ExecutionManager:358 - recTime: 195.76345865361444, avgLat: 845.2165282392043, predLat: 878.3081962446986, avgThr: 22879.60308117448
2021-07-27 13:50:20 INFO  ExecutionManager:363 - weight: 0.960566728015941
2021-07-27 13:50:20 INFO  ExecutionManager:428 - No violation
2021-07-27 13:55:20 INFO  ExecutionManager:342 - uptime: 3601, chkInt: 10000
2021-07-27 13:55:20 INFO  ExecutionManager:350 - startTime: 1627386621
2021-07-27 13:55:20 INFO  ExecutionManager:351 - stopTime: 1627386921
2021-07-27 13:55:20 INFO  ExecutionManager:358 - recTime: 190.8757938639402, avgLat: 875.5869933554819, predLat: 867.9604309505737, avgThr: 22278.55595404393
2021-07-27 13:55:20 INFO  ExecutionManager:363 - weight: 0.9564052093084285
2021-07-27 13:55:20 INFO  ExecutionManager:428 - No violation
2021-07-27 14:00:20 INFO  ExecutionManager:342 - uptime: 3902, chkInt: 10000
2021-07-27 14:00:20 INFO  ExecutionManager:350 - startTime: 1627386921
2021-07-27 14:00:20 INFO  ExecutionManager:351 - stopTime: 1627387221
2021-07-27 14:00:20 INFO  ExecutionManager:358 - recTime: 186.6824973706142, avgLat: 805.4195431893683, predLat: 859.0827255863917, avgThr: 21762.896857322576
2021-07-27 14:00:20 INFO  ExecutionManager:363 - weight: 0.9493566403191713
2021-07-27 14:00:20 INFO  ExecutionManager:428 - No violation
2021-07-27 14:05:20 INFO  ExecutionManager:342 - uptime: 4202, chkInt: 10000
2021-07-27 14:05:20 INFO  ExecutionManager:350 - startTime: 1627387221
2021-07-27 14:05:20 INFO  ExecutionManager:351 - stopTime: 1627387521
2021-07-27 14:05:20 INFO  ExecutionManager:358 - recTime: 181.1499240760329, avgLat: 794.7151661129582, predLat: 847.369612599221, avgThr: 21082.543881526763
2021-07-27 14:05:20 INFO  ExecutionManager:363 - weight: 0.9535643713024994
2021-07-27 14:05:20 INFO  ExecutionManager:428 - No violation
2021-07-27 14:10:21 INFO  ExecutionManager:342 - uptime: 4502, chkInt: 10000
2021-07-27 14:10:21 INFO  ExecutionManager:350 - startTime: 1627387522
2021-07-27 14:10:21 INFO  ExecutionManager:351 - stopTime: 1627387822
2021-07-27 14:10:21 INFO  ExecutionManager:358 - recTime: 173.77649340449864, avgLat: 745.5302325581389, predLat: 831.7591864990661, avgThr: 20175.81653566119
2021-07-27 14:10:21 INFO  ExecutionManager:363 - weight: 0.9529359673884176
2021-07-27 14:10:21 INFO  ExecutionManager:428 - No violation
2021-07-27 14:15:21 INFO  ExecutionManager:342 - uptime: 4802, chkInt: 10000
2021-07-27 14:15:21 INFO  ExecutionManager:350 - startTime: 1627387822
2021-07-27 14:15:21 INFO  ExecutionManager:351 - stopTime: 1627388122
2021-07-27 14:15:21 INFO  ExecutionManager:358 - recTime: 166.10316389215194, avgLat: 658.2984634551482, predLat: 815.5138390304772, avgThr: 19232.209955139242
2021-07-27 14:15:21 INFO  ExecutionManager:363 - weight: 0.9250090753808888
2021-07-27 14:15:21 INFO  ExecutionManager:428 - No violation
2021-07-27 14:20:21 INFO  ExecutionManager:342 - uptime: 5102, chkInt: 10000
2021-07-27 14:20:21 INFO  ExecutionManager:350 - startTime: 1627388122
2021-07-27 14:20:21 INFO  ExecutionManager:351 - stopTime: 1627388422
2021-07-27 14:20:21 INFO  ExecutionManager:358 - recTime: 158.0983275185086, avgLat: 735.1776245847173, predLat: 798.5666522701806, avgThr: 18247.83723062408
2021-07-27 14:20:21 INFO  ExecutionManager:363 - weight: 0.9180587580070819
2021-07-27 14:20:21 INFO  ExecutionManager:428 - No violation
2021-07-27 14:25:21 INFO  ExecutionManager:342 - uptime: 5402, chkInt: 10000
2021-07-27 14:25:21 INFO  ExecutionManager:350 - startTime: 1627388422
2021-07-27 14:25:21 INFO  ExecutionManager:351 - stopTime: 1627388722
2021-07-27 14:25:21 INFO  ExecutionManager:358 - recTime: 150.75608076323675, avgLat: 713.0074169435203, predLat: 783.0222462144276, avgThr: 17344.944641045764
2021-07-27 14:25:21 INFO  ExecutionManager:363 - weight: 0.901691607016641
2021-07-27 14:25:21 INFO  ExecutionManager:428 - No violation
2021-07-27 14:30:21 INFO  ExecutionManager:342 - uptime: 5703, chkInt: 10000
2021-07-27 14:30:21 INFO  ExecutionManager:350 - startTime: 1627388722
2021-07-27 14:30:21 INFO  ExecutionManager:351 - stopTime: 1627389022
2021-07-27 14:30:21 INFO  ExecutionManager:358 - recTime: 143.83791071150384, avgLat: 679.3904235880389, predLat: 768.3756607711268, avgThr: 16494.201717067175
2021-07-27 14:30:21 INFO  ExecutionManager:363 - weight: 0.8928009616990291
2021-07-27 14:30:21 INFO  ExecutionManager:428 - No violation
2021-07-27 14:35:21 INFO  ExecutionManager:342 - uptime: 6003, chkInt: 10000
2021-07-27 14:35:21 INFO  ExecutionManager:350 - startTime: 1627389022
2021-07-27 14:35:21 INFO  ExecutionManager:351 - stopTime: 1627389322
2021-07-27 14:35:21 INFO  ExecutionManager:358 - recTime: 137.40749913748377, avgLat: 640.7715863787377, predLat: 754.761717799187, avgThr: 15703.439549621278
2021-07-27 14:35:21 INFO  ExecutionManager:363 - weight: 0.8779860831349778
2021-07-27 14:35:21 INFO  ExecutionManager:428 - No violation
2021-07-27 14:40:22 INFO  ExecutionManager:342 - uptime: 6303, chkInt: 10000
2021-07-27 14:40:22 INFO  ExecutionManager:350 - startTime: 1627389323
2021-07-27 14:40:22 INFO  ExecutionManager:351 - stopTime: 1627389623
2021-07-27 14:40:22 INFO  ExecutionManager:358 - recTime: 130.64881581151823, avgLat: 590.0234219269106, predLat: 740.4527846452281, avgThr: 14872.309066851923
2021-07-27 14:40:22 INFO  ExecutionManager:363 - weight: 0.861404743181946
2021-07-27 14:40:22 INFO  ExecutionManager:428 - No violation
2021-07-27 14:45:22 INFO  ExecutionManager:342 - uptime: 6603, chkInt: 10000
2021-07-27 14:45:22 INFO  ExecutionManager:350 - startTime: 1627389623
2021-07-27 14:45:22 INFO  ExecutionManager:351 - stopTime: 1627389923
2021-07-27 14:45:22 INFO  ExecutionManager:358 - recTime: 121.10875430561114, avgLat: 535.8913787375418, predLat: 720.2553444354993, avgThr: 13699.146256487355
2021-07-27 14:45:22 INFO  ExecutionManager:363 - weight: 0.8508731552728759
2021-07-27 14:45:22 INFO  ExecutionManager:428 - No violation
2021-07-27 14:50:22 INFO  ExecutionManager:342 - uptime: 6903, chkInt: 10000
2021-07-27 14:50:22 INFO  ExecutionManager:350 - startTime: 1627389923
2021-07-27 14:50:22 INFO  ExecutionManager:351 - stopTime: 1627390223
2021-07-27 14:50:22 INFO  ExecutionManager:358 - recTime: 112.4502283319208, avgLat: 470.1196096345513, predLat: 701.9242193636419, avgThr: 12634.387852296817
2021-07-27 14:50:22 INFO  ExecutionManager:363 - weight: 0.8090626318781289
2021-07-27 14:50:22 INFO  ExecutionManager:428 - No violation
2021-07-27 14:55:22 INFO  ExecutionManager:342 - uptime: 7203, chkInt: 10000
2021-07-27 14:55:22 INFO  ExecutionManager:350 - startTime: 1627390223
2021-07-27 14:55:22 INFO  ExecutionManager:351 - stopTime: 1627390523
2021-07-27 14:55:22 INFO  ExecutionManager:358 - recTime: 103.18721465044463, avgLat: 647.6349916943501, predLat: 682.3133222140091, avgThr: 11495.294235732887
2021-07-27 14:55:22 INFO  ExecutionManager:363 - weight: 0.8154945486938846
2021-07-27 14:55:22 INFO  ExecutionManager:428 - No violation
2021-07-27 15:00:22 INFO  ExecutionManager:342 - uptime: 7503, chkInt: 10000
2021-07-27 15:00:22 INFO  ExecutionManager:350 - startTime: 1627390523
2021-07-27 15:00:22 INFO  ExecutionManager:351 - stopTime: 1627390823
2021-07-27 15:00:22 INFO  ExecutionManager:358 - recTime: 92.88837523052187, avgLat: 647.2773006644497, predLat: 660.5094592845414, avgThr: 10228.822799475494
2021-07-27 15:00:22 INFO  ExecutionManager:363 - weight: 0.8314572629657548
2021-07-27 15:00:22 INFO  ExecutionManager:428 - No violation
2021-07-27 15:05:22 INFO  ExecutionManager:342 - uptime: 7804, chkInt: 10000
2021-07-27 15:05:22 INFO  ExecutionManager:350 - startTime: 1627390823
2021-07-27 15:05:22 INFO  ExecutionManager:351 - stopTime: 1627391123
2021-07-27 15:05:22 INFO  ExecutionManager:358 - recTime: 82.6759589305513, avgLat: 644.0669684385355, predLat: 638.888564336663, avgThr: 8972.979008566175
2021-07-27 15:05:22 INFO  ExecutionManager:363 - weight: 0.8579794803094689
2021-07-27 15:05:22 INFO  ExecutionManager:428 - No violation
2021-07-27 15:10:22 INFO  ExecutionManager:342 - uptime: 8104, chkInt: 10000
2021-07-27 15:10:22 INFO  ExecutionManager:350 - startTime: 1627391123
2021-07-27 15:10:22 INFO  ExecutionManager:351 - stopTime: 1627391423
2021-07-27 15:10:22 INFO  ExecutionManager:358 - recTime: 68.7010173723365, avgLat: 603.426760797342, predLat: 609.3019577532854, avgThr: 7254.449028129004
2021-07-27 15:10:22 INFO  ExecutionManager:363 - weight: 0.8902321654855031
2021-07-27 15:10:22 INFO  ExecutionManager:428 - No violation
2021-07-27 15:15:22 INFO  ExecutionManager:342 - uptime: 8404, chkInt: 10000
2021-07-27 15:15:22 INFO  ExecutionManager:350 - startTime: 1627391423
2021-07-27 15:15:22 INFO  ExecutionManager:351 - stopTime: 1627391723
2021-07-27 15:15:23 INFO  ExecutionManager:358 - recTime: 54.446700403981744, avgLat: 538.1433637873752, predLat: 579.1238803351677, avgThr: 5501.563625443916
2021-07-27 15:15:23 INFO  ExecutionManager:363 - weight: 0.921100053952213
2021-07-27 15:15:23 INFO  ExecutionManager:428 - No violation
2021-07-27 15:20:23 INFO  ExecutionManager:342 - uptime: 8704, chkInt: 10000
2021-07-27 15:20:23 INFO  ExecutionManager:350 - startTime: 1627391724
2021-07-27 15:20:23 INFO  ExecutionManager:351 - stopTime: 1627392024
2021-07-27 15:20:23 INFO  ExecutionManager:358 - recTime: 43.05148124649509, avgLat: 508.64708471760747, predLat: 554.9988516372306, avgThr: 4100.267908090347
2021-07-27 15:20:23 INFO  ExecutionManager:363 - weight: 0.9622208499968288
2021-07-27 15:20:23 INFO  ExecutionManager:428 - No violation
2021-07-27 15:25:23 INFO  ExecutionManager:342 - uptime: 9004, chkInt: 10000
2021-07-27 15:25:23 INFO  ExecutionManager:350 - startTime: 1627392024
2021-07-27 15:25:23 INFO  ExecutionManager:351 - stopTime: 1627392324
2021-07-27 15:25:23 INFO  ExecutionManager:358 - recTime: 36.632423090349896, avgLat: 497.01411960132845, predLat: 541.408945195722, avgThr: 3310.9018959641085
2021-07-27 15:25:23 INFO  ExecutionManager:363 - weight: 0.9570251749649933
2021-07-27 15:25:23 INFO  ExecutionManager:428 - No violation
2021-07-27 15:30:23 INFO  ExecutionManager:342 - uptime: 9304, chkInt: 10000
2021-07-27 15:30:23 INFO  ExecutionManager:350 - startTime: 1627392324
2021-07-27 15:30:23 INFO  ExecutionManager:351 - stopTime: 1627392624
2021-07-27 15:30:23 INFO  ExecutionManager:358 - recTime: 34.78114478930779, avgLat: 458.94857973421864, predLat: 537.4895697521031, avgThr: 3083.2460414318584
2021-07-27 15:30:23 INFO  ExecutionManager:363 - weight: 0.9360097839044909
2021-07-27 15:30:23 INFO  ExecutionManager:428 - No violation
2021-07-27 15:35:23 INFO  ExecutionManager:342 - uptime: 9604, chkInt: 10000
2021-07-27 15:35:23 INFO  ExecutionManager:350 - startTime: 1627392624
2021-07-27 15:35:23 INFO  ExecutionManager:351 - stopTime: 1627392924
2021-07-27 15:35:23 INFO  ExecutionManager:358 - recTime: 35.02554094498755, avgLat: 434.8878488372101, predLat: 538.0069853619262, avgThr: 3113.2999861220505
2021-07-27 15:35:23 INFO  ExecutionManager:363 - weight: 0.9027141003809537
2021-07-27 15:35:23 INFO  ExecutionManager:428 - No violation
2021-07-27 15:40:23 INFO  ExecutionManager:342 - uptime: 9905, chkInt: 10000
2021-07-27 15:40:23 INFO  ExecutionManager:350 - startTime: 1627392924
2021-07-27 15:40:23 INFO  ExecutionManager:351 - stopTime: 1627393224
2021-07-27 15:40:23 INFO  ExecutionManager:358 - recTime: 34.798375068246585, avgLat: 441.17209302325693, predLat: 537.5260482935096, avgThr: 3085.3648875682998
2021-07-27 15:40:23 INFO  ExecutionManager:363 - weight: 0.874445436892027
2021-07-27 15:40:23 INFO  ExecutionManager:428 - No violation
2021-07-27 15:45:23 INFO  ExecutionManager:342 - uptime: 10205, chkInt: 10000
2021-07-27 15:45:23 INFO  ExecutionManager:350 - startTime: 1627393224
2021-07-27 15:45:23 INFO  ExecutionManager:351 - stopTime: 1627393524
2021-07-27 15:45:23 INFO  ExecutionManager:358 - recTime: 36.02974757587122, avgLat: 445.5666279069779, predLat: 540.1330097458285, avgThr: 3236.78953307568
2021-07-27 15:45:23 INFO  ExecutionManager:363 - weight: 0.857059295127173
2021-07-27 15:45:23 INFO  ExecutionManager:428 - No violation
2021-07-27 15:50:23 INFO  ExecutionManager:342 - uptime: 10505, chkInt: 10000
2021-07-27 15:50:23 INFO  ExecutionManager:350 - startTime: 1627393524
2021-07-27 15:50:23 INFO  ExecutionManager:351 - stopTime: 1627393824
2021-07-27 15:50:23 INFO  ExecutionManager:358 - recTime: 35.54220699402692, avgLat: 418.62224252491694, predLat: 539.1008285858309, avgThr: 3176.8355716877913
2021-07-27 15:50:23 INFO  ExecutionManager:363 - weight: 0.8337320038722721
2021-07-27 15:50:23 INFO  ExecutionManager:428 - No violation
2021-07-27 15:55:24 INFO  ExecutionManager:342 - uptime: 10805, chkInt: 10000
2021-07-27 15:55:24 INFO  ExecutionManager:350 - startTime: 1627393825
2021-07-27 15:55:24 INFO  ExecutionManager:351 - stopTime: 1627394125
2021-07-27 15:55:24 INFO  ExecutionManager:358 - recTime: 35.08294395239295, avgLat: 402.8081395348833, predLat: 538.1285143278781, avgThr: 3120.358962990219
2021-07-27 15:55:24 INFO  ExecutionManager:363 - weight: 0.805487653990415
2021-07-27 15:55:24 INFO  ExecutionManager:428 - No violation
2021-07-27 16:00:24 INFO  ExecutionManager:342 - uptime: 11105, chkInt: 10000
2021-07-27 16:00:24 INFO  ExecutionManager:350 - startTime: 1627394125
2021-07-27 16:00:24 INFO  ExecutionManager:351 - stopTime: 1627394425
2021-07-27 16:00:24 INFO  ExecutionManager:358 - recTime: 35.84482668012309, avgLat: 385.61768272425354, predLat: 539.7415103060094, avgThr: 3214.0493948054304
2021-07-27 16:00:24 INFO  ExecutionManager:363 - weight: 0.7822500578618413
2021-07-27 16:00:24 INFO  ExecutionManager:428 - No violation
2021-07-27 16:05:24 INFO  ExecutionManager:342 - uptime: 11405, chkInt: 10000
2021-07-27 16:05:24 INFO  ExecutionManager:350 - startTime: 1627394425
2021-07-27 16:05:24 INFO  ExecutionManager:351 - stopTime: 1627394725
2021-07-27 16:05:24 INFO  ExecutionManager:358 - recTime: 38.66799332841728, avgLat: 351.789759136212, predLat: 545.7184884990448, avgThr: 3561.2205442984996
2021-07-27 16:05:24 INFO  ExecutionManager:363 - weight: 0.7549675118824325
2021-07-27 16:05:24 INFO  ExecutionManager:428 - No violation
2021-07-27 16:10:24 INFO  ExecutionManager:342 - uptime: 11705, chkInt: 10000
2021-07-27 16:10:24 INFO  ExecutionManager:350 - startTime: 1627394725
2021-07-27 16:10:24 INFO  ExecutionManager:351 - stopTime: 1627395025
2021-07-27 16:10:24 INFO  ExecutionManager:358 - recTime: 40.84059060639224, avgLat: 359.10549003322177, predLat: 550.3181342764382, avgThr: 3828.389715780395
2021-07-27 16:10:24 INFO  ExecutionManager:363 - weight: 0.7269335304405394
2021-07-27 16:10:24 INFO  ExecutionManager:428 - No violation
2021-07-27 16:15:24 INFO  ExecutionManager:342 - uptime: 12005, chkInt: 10000
2021-07-27 16:15:24 INFO  ExecutionManager:350 - startTime: 1627395025
2021-07-27 16:15:24 INFO  ExecutionManager:351 - stopTime: 1627395325
2021-07-27 16:15:24 INFO  ExecutionManager:358 - recTime: 40.417185178522374, avgLat: 400.34024086378605, predLat: 549.4217348340886, avgThr: 3776.3225984587866
2021-07-27 16:15:24 INFO  ExecutionManager:363 - weight: 0.7108897397286579
2021-07-27 16:15:24 INFO  ExecutionManager:428 - No violation
2021-07-27 16:20:24 INFO  ExecutionManager:342 - uptime: 12306, chkInt: 10000
2021-07-27 16:20:24 INFO  ExecutionManager:350 - startTime: 1627395325
2021-07-27 16:20:24 INFO  ExecutionManager:351 - stopTime: 1627395625
2021-07-27 16:20:24 INFO  ExecutionManager:358 - recTime: 37.836977292480064, avgLat: 428.50177740863734, predLat: 543.9591291187331, avgThr: 3459.0286341546835
2021-07-27 16:20:24 INFO  ExecutionManager:363 - weight: 0.7127608883827089
2021-07-27 16:20:24 INFO  ExecutionManager:428 - No violation
2021-07-27 16:25:24 INFO  ExecutionManager:342 - uptime: 12606, chkInt: 10000
2021-07-27 16:25:24 INFO  ExecutionManager:350 - startTime: 1627395625
2021-07-27 16:25:24 INFO  ExecutionManager:351 - stopTime: 1627395925
2021-07-27 16:25:24 INFO  ExecutionManager:358 - recTime: 34.844281009698555, avgLat: 404.6881644518277, predLat: 537.6232366090328, avgThr: 3091.010044389655
2021-07-27 16:25:24 INFO  ExecutionManager:363 - weight: 0.7134609582847234
2021-07-27 16:25:24 INFO  ExecutionManager:428 - No violation
2021-07-27 16:27:10 INFO  KubernetesClient:67 - Running command: [[sh, -c, kill 1]] on pod [flink-native-taskmanager-1-1166] in namespace [khaos]

2021-07-27 16:27:11 INFO  KubernetesClient:35 - Reading data... Switching Protocols
2021-07-27 16:27:11 INFO  KubernetesClient:48 - Exit with: 1000 and with reason: 
2021-07-27 16:27:11 INFO  ExecutionManager:217 - FailureMetrics{experimentId=23, jobId='profile_10000', timestamp=1627396030, avgThr=2942.782052, avgLat=593.356213, recTime=0.0}
2021-07-27 16:27:11 INFO  ExecutionManager:217 - FailureMetrics{experimentId=23, jobId='profile_10000', timestamp=1627378834, avgThr=15986.246679, avgLat=5809.916743, recTime=0.0}
2021-07-27 16:27:11 INFO  ExecutionManager:217 - FailureMetrics{experimentId=23, jobId='profile_10000', timestamp=1627383315, avgThr=25574.172922, avgLat=1535.283779, recTime=0.0}
2021-07-27 16:27:11 INFO  ExecutionManager:217 - FailureMetrics{experimentId=23, jobId='profile_10000', timestamp=1627380801, avgThr=27856.728849, avgLat=1403.68363, recTime=0.0}
2021-07-27 16:27:11 INFO  ExecutionManager:219 - Finishing inject failure into job 67fe08dc3276d39775bdee63c20a53c8
2021-07-27 16:27:16 INFO  KubernetesClient:67 - Running command: [[sh, -c, kill 1]] on pod [flink-native-taskmanager-1-1090] in namespace [khaos]

2021-07-27 16:27:16 INFO  KubernetesClient:35 - Reading data... Switching Protocols
2021-07-27 16:27:17 INFO  KubernetesClient:48 - Exit with: 1000 and with reason: 
2021-07-27 16:27:17 INFO  ExecutionManager:217 - FailureMetrics{experimentId=23, jobId='vehicles', timestamp=1627396030, avgThr=2935.447385, avgLat=401.855141, recTime=0.0}
2021-07-27 16:27:17 INFO  ExecutionManager:217 - FailureMetrics{experimentId=23, jobId='vehicles', timestamp=1627378834, avgThr=13110.984134, avgLat=2486.044956, recTime=0.0}
2021-07-27 16:27:17 INFO  ExecutionManager:217 - FailureMetrics{experimentId=23, jobId='vehicles', timestamp=1627383315, avgThr=25562.405815, avgLat=1272.551179, recTime=0.0}
2021-07-27 16:27:17 INFO  ExecutionManager:217 - FailureMetrics{experimentId=23, jobId='vehicles', timestamp=1627380798, avgThr=27692.375286, avgLat=1177.87789, recTime=0.0}
2021-07-27 16:27:17 INFO  ExecutionManager:219 - Finishing inject failure into job fb6e74668d5409fb24308e7d21404988
2021-07-27 16:27:19 INFO  KubernetesClient:67 - Running command: [[sh, -c, kill 1]] on pod [flink-native-taskmanager-1-1164] in namespace [khaos]

2021-07-27 16:27:20 INFO  KubernetesClient:35 - Reading data... Switching Protocols
2021-07-27 16:27:20 INFO  KubernetesClient:48 - Exit with: 1000 and with reason: 
2021-07-27 16:27:20 INFO  ExecutionManager:217 - FailureMetrics{experimentId=23, jobId='profile_30000', timestamp=1627396030, avgThr=2918.951914, avgLat=541.451578, recTime=0.0}
2021-07-27 16:27:20 INFO  ExecutionManager:217 - FailureMetrics{experimentId=23, jobId='profile_30000', timestamp=1627378834, avgThr=16451.952215, avgLat=6864.539883, recTime=0.0}
2021-07-27 16:27:20 INFO  ExecutionManager:217 - FailureMetrics{experimentId=23, jobId='profile_30000', timestamp=1627383315, avgThr=25522.941859, avgLat=1217.533654, recTime=0.0}
2021-07-27 16:27:20 INFO  ExecutionManager:217 - FailureMetrics{experimentId=23, jobId='profile_30000', timestamp=1627380801, avgThr=27589.045358, avgLat=1360.338671, recTime=0.0}
2021-07-27 16:27:20 INFO  ExecutionManager:219 - Finishing inject failure into job 8d4dbf208921bf3cb62fc974d0a8ed3d
2021-07-27 16:27:27 INFO  KubernetesClient:67 - Running command: [[sh, -c, kill 1]] on pod [flink-native-taskmanager-1-1170] in namespace [khaos]

2021-07-27 16:27:27 INFO  KubernetesClient:35 - Reading data... Switching Protocols
2021-07-27 16:27:27 INFO  KubernetesClient:48 - Exit with: 1000 and with reason: 
2021-07-27 16:27:28 INFO  ExecutionManager:217 - FailureMetrics{experimentId=23, jobId='profile_60000', timestamp=1627396030, avgThr=2944.492367, avgLat=496.478837, recTime=0.0}
2021-07-27 16:27:28 INFO  ExecutionManager:217 - FailureMetrics{experimentId=23, jobId='profile_60000', timestamp=1627378834, avgThr=16809.303571, avgLat=6007.282663, recTime=0.0}
2021-07-27 16:27:28 INFO  ExecutionManager:217 - FailureMetrics{experimentId=23, jobId='profile_60000', timestamp=1627383315, avgThr=25493.192392, avgLat=827.058804, recTime=0.0}
2021-07-27 16:27:28 INFO  ExecutionManager:217 - FailureMetrics{experimentId=23, jobId='profile_60000', timestamp=1627380801, avgThr=27747.261118, avgLat=1285.212492, recTime=0.0}
2021-07-27 16:27:28 INFO  ExecutionManager:219 - Finishing inject failure into job 1520811255fa62cd3b620fa4a39fcb39
2021-07-27 16:28:12 INFO  KubernetesClient:67 - Running command: [[sh, -c, kill 1]] on pod [flink-native-taskmanager-1-1165] in namespace [khaos]

2021-07-27 16:28:12 INFO  KubernetesClient:35 - Reading data... Switching Protocols
2021-07-27 16:28:12 INFO  KubernetesClient:48 - Exit with: 1000 and with reason: 
2021-07-27 16:28:13 INFO  ExecutionManager:217 - FailureMetrics{experimentId=23, jobId='profile_120000', timestamp=1627396030, avgThr=2926.232672, avgLat=420.535066, recTime=0.0}
2021-07-27 16:28:13 INFO  ExecutionManager:217 - FailureMetrics{experimentId=23, jobId='profile_120000', timestamp=1627378837, avgThr=17743.368383, avgLat=6630.471258, recTime=0.0}
2021-07-27 16:28:13 INFO  ExecutionManager:217 - FailureMetrics{experimentId=23, jobId='profile_120000', timestamp=1627383315, avgThr=25576.028463, avgLat=884.072359, recTime=0.0}
2021-07-27 16:28:13 INFO  ExecutionManager:217 - FailureMetrics{experimentId=23, jobId='profile_120000', timestamp=1627380801, avgThr=27694.456407, avgLat=914.35064, recTime=0.0}
2021-07-27 16:28:13 INFO  ExecutionManager:219 - Finishing inject failure into job 5df6fb1640ac8b41f02ae79c7ce6ed0a
2021-07-27 16:28:29 INFO  KubernetesClient:67 - Running command: [[sh, -c, kill 1]] on pod [flink-native-taskmanager-1-1132] in namespace [khaos]

2021-07-27 16:28:29 INFO  KubernetesClient:35 - Reading data... Switching Protocols
2021-07-27 16:28:29 INFO  KubernetesClient:48 - Exit with: 1000 and with reason: 
2021-07-27 16:28:30 INFO  ExecutionManager:217 - FailureMetrics{experimentId=23, jobId='profile_90000', timestamp=1627396030, avgThr=2914.660508, avgLat=408.347143, recTime=0.0}
2021-07-27 16:28:30 INFO  ExecutionManager:217 - FailureMetrics{experimentId=23, jobId='profile_90000', timestamp=1627378837, avgThr=17334.69538, avgLat=5927.151591, recTime=0.0}
2021-07-27 16:28:30 INFO  ExecutionManager:217 - FailureMetrics{experimentId=23, jobId='profile_90000', timestamp=1627383315, avgThr=25493.017731, avgLat=729.713214, recTime=0.0}
2021-07-27 16:28:30 INFO  ExecutionManager:217 - FailureMetrics{experimentId=23, jobId='profile_90000', timestamp=1627380801, avgThr=27801.728195, avgLat=936.984012, recTime=0.0}
2021-07-27 16:28:30 INFO  ExecutionManager:219 - Finishing inject failure into job a254eb6d3eb2860d13380fc55baef652
2021-07-27 16:30:24 INFO  ExecutionManager:342 - uptime: 185, chkInt: 10000
2021-07-27 16:37:19 INFO  ExecutionManager:350 - startTime: 1627396340
2021-07-27 16:37:19 INFO  ExecutionManager:351 - stopTime: 1627396640
2021-07-27 16:37:19 INFO  ExecutionManager:358 - recTime: 29.129998048995486, avgLat: 536.7666445182724, predLat: 525.5254227355258, avgThr: 2388.311822449902
2021-07-27 16:37:19 INFO  ExecutionManager:363 - weight: 0.7646178962562523
2021-07-27 16:37:19 INFO  ExecutionManager:428 - No violation
2021-07-27 16:42:20 INFO  ExecutionManager:342 - uptime: 900, chkInt: 10000
2021-07-27 16:42:20 INFO  ExecutionManager:350 - startTime: 1627396641
2021-07-27 16:42:20 INFO  ExecutionManager:351 - stopTime: 1627396941
2021-07-27 16:42:20 INFO  ExecutionManager:358 - recTime: 27.06080058332993, avgLat: 448.5787790697675, predLat: 521.144686608298, avgThr: 2133.8579583404967
2021-07-27 16:42:20 INFO  ExecutionManager:363 - weight: 0.8006380198687454
2021-07-27 16:42:20 INFO  ExecutionManager:428 - No violation
2021-07-27 16:47:20 INFO  ExecutionManager:342 - uptime: 1200, chkInt: 10000
2021-07-27 16:47:20 INFO  ExecutionManager:350 - startTime: 1627396941
2021-07-27 16:47:20 INFO  ExecutionManager:351 - stopTime: 1627397241
2021-07-27 16:47:20 INFO  ExecutionManager:358 - recTime: 24.792660282355158, avgLat: 407.17235049833874, predLat: 516.3427649343288, avgThr: 1854.9396465303357
2021-07-27 16:47:20 INFO  ExecutionManager:363 - weight: 0.8233093950293892
2021-07-27 16:47:20 INFO  ExecutionManager:428 - No violation
2021-07-27 16:52:20 INFO  ExecutionManager:342 - uptime: 1500, chkInt: 10000
2021-07-27 16:52:20 INFO  ExecutionManager:350 - startTime: 1627397241
2021-07-27 16:52:20 INFO  ExecutionManager:351 - stopTime: 1627397541
2021-07-27 16:52:20 INFO  ExecutionManager:358 - recTime: 23.224124309540425, avgLat: 430.6286794019927, predLat: 513.021988489846, avgThr: 1662.0532517323713
2021-07-27 16:52:20 INFO  ExecutionManager:363 - weight: 0.8417658440066994
2021-07-27 16:52:20 INFO  ExecutionManager:428 - No violation
2021-07-27 16:57:20 INFO  ExecutionManager:342 - uptime: 1801, chkInt: 10000
2021-07-27 16:57:20 INFO  ExecutionManager:350 - startTime: 1627397541
2021-07-27 16:57:20 INFO  ExecutionManager:351 - stopTime: 1627397841
2021-07-27 16:57:20 INFO  ExecutionManager:358 - recTime: 22.788717748104414, avgLat: 411.94669435215906, predLat: 512.1001812262258, avgThr: 1608.5103280364222
2021-07-27 16:57:20 INFO  ExecutionManager:363 - weight: 0.8445457963045865
2021-07-27 16:57:20 INFO  ExecutionManager:428 - No violation
2021-07-27 17:02:20 INFO  ExecutionManager:342 - uptime: 2101, chkInt: 10000
2021-07-27 17:02:20 INFO  ExecutionManager:350 - startTime: 1627397841
2021-07-27 17:02:20 INFO  ExecutionManager:351 - stopTime: 1627398141
2021-07-27 17:02:20 INFO  ExecutionManager:358 - recTime: 23.263581368050602, avgLat: 428.887591362127, predLat: 513.1055237563238, avgThr: 1666.9053749206607
2021-07-27 17:02:20 INFO  ExecutionManager:363 - weight: 0.8584009004720259
2021-07-27 17:02:20 INFO  ExecutionManager:428 - No violation
2021-07-27 17:07:20 INFO  ExecutionManager:342 - uptime: 2401, chkInt: 10000
2021-07-27 17:07:20 INFO  ExecutionManager:350 - startTime: 1627398141
2021-07-27 17:07:20 INFO  ExecutionManager:351 - stopTime: 1627398441
2021-07-27 17:07:20 INFO  ExecutionManager:358 - recTime: 23.742064764157732, avgLat: 379.1904235880406, predLat: 514.1185297813099, avgThr: 1725.7455538170182
2021-07-27 17:07:20 INFO  ExecutionManager:363 - weight: 0.811094906158296
2021-07-27 17:07:20 INFO  ExecutionManager:428 - No violation
2021-07-27 17:12:20 INFO  ExecutionManager:342 - uptime: 2701, chkInt: 10000
2021-07-27 17:12:20 INFO  ExecutionManager:350 - startTime: 1627398441
2021-07-27 17:12:20 INFO  ExecutionManager:351 - stopTime: 1627398741
2021-07-27 17:12:20 INFO  ExecutionManager:358 - recTime: 23.877273003098622, avgLat: 376.92123754152857, predLat: 514.4047816383006, avgThr: 1742.372414920809
2021-07-27 17:12:20 INFO  ExecutionManager:363 - weight: 0.7897575840275052
2021-07-27 17:12:20 INFO  ExecutionManager:428 - No violation
2021-07-27 17:17:20 INFO  ExecutionManager:342 - uptime: 3001, chkInt: 10000
2021-07-27 17:17:20 INFO  ExecutionManager:350 - startTime: 1627398741
2021-07-27 17:17:20 INFO  ExecutionManager:351 - stopTime: 1627399041
2021-07-27 17:17:20 INFO  ExecutionManager:358 - recTime: 23.33667596116782, avgLat: 363.0010049833876, predLat: 513.2602736678652, avgThr: 1675.893981360017
2021-07-27 17:17:20 INFO  ExecutionManager:363 - weight: 0.7762035167253462
2021-07-27 17:17:20 INFO  ExecutionManager:428 - No violation
2021-07-27 17:22:21 INFO  ExecutionManager:342 - uptime: 3301, chkInt: 10000
2021-07-27 17:22:21 INFO  ExecutionManager:350 - startTime: 1627399042
2021-07-27 17:22:21 INFO  ExecutionManager:351 - stopTime: 1627399342
2021-07-27 17:22:21 INFO  ExecutionManager:358 - recTime: 22.415774200120264, avgLat: 394.3721262458472, predLat: 511.3106155607057, avgThr: 1562.6486215275588
2021-07-27 17:22:21 INFO  ExecutionManager:363 - weight: 0.764853588307012
2021-07-27 17:22:21 INFO  ExecutionManager:428 - No violation
2021-07-27 17:27:21 INFO  ExecutionManager:342 - uptime: 3601, chkInt: 10000
2021-07-27 17:27:21 INFO  ExecutionManager:350 - startTime: 1627399342
2021-07-27 17:27:21 INFO  ExecutionManager:351 - stopTime: 1627399642
2021-07-27 17:27:21 INFO  ExecutionManager:358 - recTime: 21.985440902522136, avgLat: 563.6677076411954, predLat: 510.3995489975486, avgThr: 1509.729568490943
2021-07-27 17:27:21 INFO  ExecutionManager:363 - weight: 0.814843524737164
2021-07-27 17:27:21 INFO  ExecutionManager:428 - No violation
2021-07-27 17:32:21 INFO  ExecutionManager:342 - uptime: 3901, chkInt: 10000
2021-07-27 17:32:21 INFO  ExecutionManager:350 - startTime: 1627399642
2021-07-27 17:32:21 INFO  ExecutionManager:351 - stopTime: 1627399942
2021-07-27 17:32:21 INFO  ExecutionManager:358 - recTime: 21.758685253621376, avgLat: 579.4432890365448, predLat: 509.91948043006033, avgThr: 1481.8449165769337
2021-07-27 17:32:21 INFO  ExecutionManager:363 - weight: 0.8649229358503119
2021-07-27 17:32:21 INFO  ExecutionManager:428 - No violation
2021-07-27 17:37:21 INFO  ExecutionManager:342 - uptime: 4202, chkInt: 10000
2021-07-27 17:37:21 INFO  ExecutionManager:350 - startTime: 1627399942
2021-07-27 17:37:21 INFO  ExecutionManager:351 - stopTime: 1627400242
2021-07-27 17:37:21 INFO  ExecutionManager:358 - recTime: 21.42226119970587, avgLat: 531.4263953488368, predLat: 509.2072308591466, avgThr: 1440.474094353054
2021-07-27 17:37:21 INFO  ExecutionManager:363 - weight: 0.9159363258238598
2021-07-27 17:37:21 INFO  ExecutionManager:428 - No violation
2021-07-27 17:42:21 INFO  ExecutionManager:342 - uptime: 4502, chkInt: 10000
2021-07-27 17:42:21 INFO  ExecutionManager:350 - startTime: 1627400242
2021-07-27 17:42:21 INFO  ExecutionManager:351 - stopTime: 1627400542
2021-07-27 17:42:21 INFO  ExecutionManager:358 - recTime: 20.604944473729784, avgLat: 530.5217857142849, predLat: 507.47687454067926, avgThr: 1339.966819152536
2021-07-27 17:42:21 INFO  ExecutionManager:363 - weight: 0.9680493253353436
2021-07-27 17:42:21 INFO  ExecutionManager:428 - No violation
2021-07-27 17:47:21 INFO  ExecutionManager:342 - uptime: 4802, chkInt: 10000
2021-07-27 17:47:21 INFO  ExecutionManager:350 - startTime: 1627400542
2021-07-27 17:47:21 INFO  ExecutionManager:351 - stopTime: 1627400842
2021-07-27 17:47:21 INFO  ExecutionManager:358 - recTime: 20.012284091455143, avgLat: 488.17446013288895, predLat: 506.22214231193465, avgThr: 1267.0860395862255
2021-07-27 17:47:21 INFO  ExecutionManager:363 - weight: 1.0108997957811259
2021-07-27 17:47:21 INFO  ExecutionManager:428 - No violation
2021-07-27 17:49:25 INFO  IOManager$DatabaseToQueue:70 - Stopping replay events from database to queue
2021-07-27 17:49:26 INFO  IOManager$QueueToKafka:121 - Starting replay events from queue to kafka topic iot-vehicles-events
2021-07-27 17:49:26 INFO  SequenceFSM:21 - STATE-CHANGE: REPLAY -> DELETE

