
351.319821
2677.19507
5294.861645
7883.214855
12679.50195
15210.673657
17568.034499
20461.744985

vehicles 1627204054 68.0
vehicles 1627220438 81.0
vehicles 1627226602 238.0
vehicles 1627228552 130.0
vehicles 1627230594 99.0
vehicles 1627250358 100.0
vehicles 1627255644 87.0
vehicles 1627259305 113.0
jobId='vehicles', timestamp=1627295423, avgThr=2732.119718, avgLat=617.887849, recTime=86.0}
jobId='vehicles', timestamp=1627285867, avgThr=22756.867594, avgLat=833.626919, recTime=188.0}
jobId='vehicles', timestamp=1627295423, avgThr=2732.119718, avgLat=617.887849, recTime=86.0}
jobId='vehicles', timestamp=1627285867, avgThr=22756.867594, avgLat=833.626919, recTime=188.0}

profile_10000 1627204057 83.0
profile_10000 1627220438 95.0
profile_10000 1627226605 113.0
profile_10000 1627228552 146.0
profile_10000 1627230594 80.0
profile_10000 1627250358 81.0
profile_10000 1627255647 78.0
profile_10000 1627259305 112.0
jobId='profile_10000', timestamp=1627295423, avgThr=2740.138382, avgLat=557.031777, recTime=80.0}
jobId='profile_10000', timestamp=1627285870, avgThr=22866.257735, avgLat=1369.791794, recTime=146.0}
jobId='profile_10000', timestamp=1627285870, avgThr=22866.257735, avgLat=1369.791794, recTime=146.0}
jobId='profile_10000', timestamp=1627295423, avgThr=2740.138382, avgLat=557.031777, recTime=80.0}

profile_30000 1627204063 82.0
profile_30000 1627220441 85.0
profile_30000 1627226605 166.0
profile_30000 1627228552 133.0
profile_30000 1627230594 111.0
profile_30000 1627250361 77.0
profile_30000 1627255647 81.0
profile_30000 1627259305 114.0
jobId='profile_30000', timestamp=1627295423, avgThr=2736.538555, avgLat=395.078538, recTime=79.0}
jobId='profile_30000', timestamp=1627285870, avgThr=22875.805175, avgLat=663.958962, recTime=171.0}
jobId='profile_30000', timestamp=1627295423, avgThr=2736.538555, avgLat=395.078538, recTime=79.0}
jobId='profile_30000', timestamp=1627285870, avgThr=22875.805175, avgLat=663.958962, recTime=171.0}

profile_60000 1627204063 87.0
profile_60000 1627220441 69.0
profile_60000 1627226605 163.0
profile_60000 1627228552 212.0
profile_60000 1627230594 113.0
profile_60000 1627250361 69.0
profile_60000 1627255647 122.0
profile_60000 1627259305 129.0
jobId='profile_60000', timestamp=1627295423, avgThr=2738.84761, avgLat=458.058505, recTime=75.0}
jobId='profile_60000', timestamp=1627285870, avgThr=22797.597848, avgLat=892.183879, recTime=256.0}
jobId='profile_60000', timestamp=1627295423, avgThr=2738.84761, avgLat=458.058505, recTime=75.0}
jobId='profile_60000', timestamp=1627285870, avgThr=22797.597848, avgLat=892.183879, recTime=256.0}

profile_90000 1627204063 74.0
profile_90000 1627220444 80.0
profile_90000 1627226605 164.0
profile_90000 1627228552 240.0
profile_90000 1627230594 148.0
profile_90000 1627250361 80.0
profile_90000 1627255647 112.0
profile_90000 1627259305 195.0
jobId='profile_90000', timestamp=1627295423, avgThr=2740.351308, avgLat=514.374593, recTime=82.0}
jobId='profile_90000', timestamp=1627285870, avgThr=22972.476756, avgLat=809.593746, recTime=331.0}
jobId='profile_90000', timestamp=1627295423, avgThr=2740.351308, avgLat=514.374593, recTime=82.0}
jobId='profile_90000', timestamp=1627285870, avgThr=22972.476756, avgLat=809.593746, recTime=331.0}

profile_120000 1627204063 94.0
profile_120000 1627220447 80.0
profile_120000 1627226605 233.0
profile_120000 1627228552 281.0
profile_120000 1627230594 141.0
profile_120000 1627250367 115.0
profile_120000 1627255647 127.0
profile_120000 1627259305 165.0
jobId='profile_120000', timestamp=1627295423, avgThr=2739.211483, avgLat=452.323746, recTime=81.0}
jobId='profile_120000', timestamp=1627295423, avgThr=2739.211483, avgLat=452.323746, recTime=81.0}
jobId='profile_120000', timestamp=1627285870, avgThr=22872.378368, avgLat=741.501437, recTime=290.0}
jobId='profile_120000', timestamp=1627285870, avgThr=22872.378368, avgLat=741.501437, recTime=290.0}























