2021-07-26 09:31:13 INFO  ExecutionManager:513 - START
SLF4J: Failed to load class "org.slf4j.impl.StaticLoggerBinder".
SLF4J: Defaulting to no-operation (NOP) logger implementation
SLF4J: See http://www.slf4j.org/codes.html#StaticLoggerBinder for further details.
2021-07-26 09:31:14 INFO  SequenceFSM:21 - STATE-CHANGE: START -> RECORD
2021-07-26 09:31:14 INFO  IOManager:426 - Starting extract failure scenario
2021-07-26 09:31:14 INFO  IOManager:412 - Starting get workload
2021-07-26 09:31:14 INFO  IOManager:419 - Finished get workload
2021-07-26 09:31:14 INFO  IOManager:430 - 86386
2021-07-26 09:31:14 INFO  IOManager:461 - [(2211,1621338829000,208)]
2021-07-26 09:31:14 INFO  IOManager:462 - [(65869,1621402487000,27860)]
2021-07-26 09:31:14 INFO  IOManager:476 - {208=[(2211,1621338829000,208)], 2722=[], 5236=[], 7750=[], 10264=[], 12778=[], 15292=[], 17806=[], 20320=[], 22834=[], 25348=[], 27860=[(65869,1621402487000,27860)]}
2021-07-26 09:31:15 INFO  IOManager:512 - [(12012,1621348630000,327), (20501,1621357119000,2798), (50871,1621387489000,5344), (23477,1621360095000,8011), (31554,1621368172000,9643), (30687,1621367305000,12145), (74792,1621411410000,14969), (73966,1621410584000,17257), (61878,1621398496000,20559), (64234,1621400852000,23352), (68778,1621405396000,25244), (65969,1621402587000,27748)]
2021-07-26 09:31:15 INFO  IOManager:512 - [(11616,1621348234000,396), (81508,1621418126000,2576), (50917,1621387535000,5404), (54959,1621391577000,8114), (76106,1621412724000,9886), (30690,1621367308000,12151), (59357,1621395975000,15474), (60090,1621396708000,18408), (28702,1621365320000,19909), (64201,1621400819000,23252), (68733,1621405351000,25275), (65930,1621402548000,27796)]
2021-07-26 09:31:15 INFO  IOManager:512 - [(11767,1621348385000,373), (20615,1621357233000,2913), (22442,1621359060000,5505), (55944,1621392562000,7812), (31425,1621368043000,9975), (24724,1621361342000,13249), (59448,1621396066000,15733), (29399,1621366017000,17213), (27791,1621364409000,20687), (71904,1621408522000,22618), (68860,1621405478000,25135), (65955,1621402573000,27754)]
2021-07-26 09:31:15 INFO  IOManager:512 - [(12449,1621349067000,289), (81536,1621418154000,2612), (51075,1621387693000,5542), (54827,1621391445000,7989), (57262,1621393880000,10691), (24771,1621361389000,13377), (30009,1621366627000,14540), (60092,1621396710000,18406), (61893,1621398511000,20636), (71980,1621408598000,22353), (68743,1621405361000,25270), (65934,1621402552000,27772)]
2021-07-26 09:31:16 INFO  IOManager:545 - Finished extract failiure scenario
2021-07-26 09:31:16 INFO  IOManager:557 - Starting get scenario
2021-07-26 09:31:16 INFO  IOManager:564 - Finished get scenario
2021-07-26 09:31:16 INFO  ExecutionManager:108 - Failure point: 12449 1621349067000 289
2021-07-26 09:31:16 INFO  ExecutionManager:108 - Failure point: 24771 1621361389000 13377
2021-07-26 09:31:16 INFO  ExecutionManager:108 - Failure point: 30009 1621366627000 14540
2021-07-26 09:31:16 INFO  ExecutionManager:108 - Failure point: 51075 1621387693000 5542
2021-07-26 09:31:16 INFO  ExecutionManager:108 - Failure point: 54827 1621391445000 7989
2021-07-26 09:31:16 INFO  ExecutionManager:108 - Failure point: 57262 1621393880000 10691
2021-07-26 09:31:16 INFO  ExecutionManager:108 - Failure point: 60092 1621396710000 18406
2021-07-26 09:31:16 INFO  ExecutionManager:108 - Failure point: 61893 1621398511000 20636
2021-07-26 09:31:16 INFO  ExecutionManager:108 - Failure point: 65934 1621402552000 27772
2021-07-26 09:31:16 INFO  ExecutionManager:108 - Failure point: 68743 1621405361000 25270
2021-07-26 09:31:16 INFO  ExecutionManager:108 - Failure point: 71980 1621408598000 22353
2021-07-26 09:31:16 INFO  ExecutionManager:108 - Failure point: 81536 1621418154000 2612
2021-07-26 09:31:16 INFO  SequenceFSM:21 - STATE-CHANGE: RECORD -> DEPLOY
2021-07-26 09:31:25 INFO  SequenceFSM:21 - STATE-CHANGE: DEPLOY -> REGISTER
2021-07-26 09:31:25 INFO  IOManager:557 - Starting get scenario
2021-07-26 09:31:25 INFO  IOManager:564 - Finished get scenario
2021-07-26 09:31:25 INFO  SequenceFSM:21 - STATE-CHANGE: REGISTER -> MODEL
2021-07-26 09:31:25 INFO  ExecutionManager:220 - 10000.0
2021-07-26 09:31:25 INFO  ExecutionManager:220 - 25714.0
2021-07-26 09:31:25 INFO  ExecutionManager:220 - 41428.0
2021-07-26 09:31:25 INFO  ExecutionManager:220 - 57142.0
2021-07-26 09:31:25 INFO  ExecutionManager:220 - 72856.0
2021-07-26 09:31:25 INFO  ExecutionManager:220 - 88570.0
2021-07-26 09:31:25 INFO  ExecutionManager:220 - 104284.0
2021-07-26 09:31:25 INFO  ExecutionManager:220 - 119998.0
[245.249533, 10000.0, 591.820714]
[3104.505435, 10000.0, 391.192342]
[5889.01216, 10000.0, 474.744543]
[8852.973324, 10000.0, 627.25559]
[11476.97217, 10000.0, 409.228937]
[14280.679727, 10000.0, 902.63289]
[17348.47294, 10000.0, 764.24637]
[20049.365823, 10000.0, 607.053131]
[23071.828317, 10000.0, 1002.406919]
[25963.343697, 10000.0, 1098.534419]
[245.070413, 25714.0, 428.571611]
[3102.819584, 25714.0, 539.511968]
[5901.883686, 25714.0, 626.688704]
[8921.749372, 25714.0, 599.600316]
[11522.191068, 25714.0, 676.515158]
[14375.883367, 25714.0, 636.780282]
[17561.797268, 25714.0, 756.334842]
[20083.37427, 25714.0, 928.539502]
[23139.995316, 25714.0, 715.508522]
[25910.191475, 25714.0, 1242.620623]
[244.827096, 41428.0, 421.828048]
[3101.843353, 41428.0, 453.545449]
[5896.068693, 41428.0, 534.67186]
[8904.503554, 41428.0, 519.772342]
[11457.245299, 41428.0, 598.404493]
[14421.031413, 41428.0, 721.342425]
[17447.553785, 41428.0, 526.207683]
[20086.731021, 41428.0, 834.555839]
[23083.822606, 41428.0, 910.614593]
[25800.560923, 41428.0, 946.971321]
[243.359596, 57142.0, 466.487766]
[3090.04641, 57142.0, 456.272517]
[5901.111906, 57142.0, 687.805831]
[8924.852664, 57142.0, 616.594369]
[11549.172576, 57142.0, 524.078306]
[14442.11226, 57142.0, 654.657733]
[17565.852177, 57142.0, 813.909228]
[20150.754703, 57142.0, 583.718065]
[23143.84697, 57142.0, 1039.746279]
[25855.143291, 57142.0, 970.108671]
[243.775195, 72856.0, 412.866836]
[3102.770991, 72856.0, 530.19593]
[5878.384469, 72856.0, 464.630739]
[8880.342246, 72856.0, 435.201105]
[11468.56635, 72856.0, 473.20985]
[14345.574795, 72856.0, 535.19088]
[17588.036458, 72856.0, 689.72711]
[20111.117546, 72856.0, 593.190631]
[23256.721437, 72856.0, 645.487409]
[25860.415056, 72856.0, 708.160341]
[243.647829, 88570.0, 375.109809]
[3104.68627, 88570.0, 546.440748]
[5912.429337, 88570.0, 500.824003]
[8948.53963, 88570.0, 536.771346]
[11489.415044, 88570.0, 529.913497]
[14295.616756, 88570.0, 639.528688]
[17551.471829, 88570.0, 793.653455]
[20064.839098, 88570.0, 456.616944]
[23230.560188, 88570.0, 637.669718]
[25833.71357, 88570.0, 746.069203]
[243.248568, 104284.0, 366.712575]
[3110.457771, 104284.0, 478.376246]
[5931.488391, 104284.0, 501.057874]
[8885.495102, 104284.0, 474.981678]
[11527.26821, 104284.0, 443.885515]
[14400.465698, 104284.0, 576.558837]
[17593.378499, 104284.0, 655.522865]
[20035.026031, 104284.0, 648.843297]
[23159.109377, 104284.0, 857.624635]
[25916.765197, 104284.0, 822.25059]
[242.089426, 119998.0, 365.576312]
[3106.605466, 119998.0, 475.271096]
[5907.547032, 119998.0, 347.763804]
[8901.912223, 119998.0, 455.201578]
[11518.079451, 119998.0, 449.262176]
[14350.423178, 119998.0, 415.250988]
[17623.1804, 119998.0, 562.517558]
[19992.272643, 119998.0, 661.33044]
[23157.520251, 119998.0, 718.712608]
[25875.978475, 119998.0, 823.728015]
[245.249533, 10000.0, 77.0]
[3104.505435, 10000.0, 71.0]
[5889.01216, 10000.0, 82.0]
[8852.973324, 10000.0, 87.0]
[11476.97217, 10000.0, 116.0]
[14280.679727, 10000.0, 112.0]
[17348.47294, 10000.0, 127.0]
[20049.365823, 10000.0, 150.0]
[23071.828317, 10000.0, 146.0]
[25963.343697, 10000.0, 236.0]
[245.070413, 25714.0, 75.0]
[3102.819584, 25714.0, 69.0]
[5901.883686, 25714.0, 95.0]
[8921.749372, 25714.0, 79.0]
[11522.191068, 25714.0, 105.0]
[14375.883367, 25714.0, 111.0]
[17561.797268, 25714.0, 111.0]
[20083.37427, 25714.0, 185.0]
[23139.995316, 25714.0, 179.0]
[25910.191475, 25714.0, 238.0]
[244.827096, 41428.0, 72.0]
[3101.843353, 41428.0, 71.0]
[5896.068693, 41428.0, 83.0]
[8904.503554, 41428.0, 119.0]
[11457.245299, 41428.0, 112.0]
[14421.031413, 41428.0, 111.0]
[17447.553785, 41428.0, 145.0]
[20086.731021, 41428.0, 171.0]
[23083.822606, 41428.0, 203.0]
[25800.560923, 41428.0, 192.0]
[243.359596, 57142.0, 71.0]
[3090.04641, 57142.0, 84.0]
[5901.111906, 57142.0, 82.0]
[8924.852664, 57142.0, 111.0]
[11549.172576, 57142.0, 173.0]
[14442.11226, 57142.0, 141.0]
[17565.852177, 57142.0, 167.0]
[20150.754703, 57142.0, 239.0]
[23143.84697, 57142.0, 205.0]
[25855.143291, 57142.0, 389.0]
[3102.770991, 72856.0, 90.0]
[5878.384469, 72856.0, 73.0]
[8880.342246, 72856.0, 94.0]
[11468.56635, 72856.0, 100.0]
[14345.574795, 72856.0, 134.0]
[17588.036458, 72856.0, 145.0]
[20111.117546, 72856.0, 226.0]
[23256.721437, 72856.0, 226.0]
[25860.415056, 72856.0, 257.0]
[243.647829, 88570.0, 102.0]
[3104.68627, 88570.0, 78.0]
[8948.53963, 88570.0, 111.0]
[11489.415044, 88570.0, 135.0]
[14295.616756, 88570.0, 142.0]
[17551.471829, 88570.0, 170.0]
[20064.839098, 88570.0, 256.0]
[23230.560188, 88570.0, 254.0]
[25833.71357, 88570.0, 326.0]
[243.248568, 104284.0, 69.0]
[3110.457771, 104284.0, 83.0]
[8885.495102, 104284.0, 109.0]
[11527.26821, 104284.0, 142.0]
[14400.465698, 104284.0, 178.0]
[17593.378499, 104284.0, 172.0]
[20035.026031, 104284.0, 250.0]
[23159.109377, 104284.0, 332.0]
[242.089426, 119998.0, 72.0]
[8901.912223, 119998.0, 112.0]
[11518.079451, 119998.0, 143.0]
[14350.423178, 119998.0, 179.0]
[17623.1804, 119998.0, 191.0]
[23157.520251, 119998.0, 331.0]
[25875.978475, 119998.0, 454.0]
2021-07-26 09:31:25 INFO  ExecutionManager:265 - -PERFORMANCE -----------------------------------------------------------------------
2021-07-26 09:31:25 INFO  RegressionModel:27 - Linear Model:

Residuals:
       Min          1Q      Median          3Q         Max
 -272.7689    -60.9532     -0.5592     66.5864    337.4795

Coefficients:
                  Estimate Std. Error    t value   Pr(>|t|)
Intercept         500.5349    31.8986    15.6914     0.0000 ***
thr                 0.0172     0.0015    11.5281     0.0000 ***
conf               -0.0016     0.0003    -4.7450     0.0000 ***
---------------------------------------------------------------------
Significance codes:  0 '***' 0.001 '**' 0.01 '*' 0.05 '.' 0.1 ' ' 1

Residual standard error: 109.4541 on 77 degrees of freedom
Multiple R-squared: 0.6685,    Adjusted R-squared: 0.6599
F-statistic: 77.6420 on 3 and 77 DF,  p-value: 3.453e-19

2021-07-26 09:31:25 INFO  RegressionModel:28 - [500.53493786304676, 0.017216229521844723, -0.0016127239632553743]
2021-07-26 09:31:25 INFO  ExecutionManager:267 - [710.3966617930563]
2021-07-26 09:31:25 INFO  ExecutionManager:269 - -AVAILABILITY -----------------------------------------------------------------------
2021-07-26 09:31:25 INFO  RegressionModel:27 - Linear Model:

Residuals:
       Min          1Q      Median          3Q         Max
  -51.8739    -25.9286    -10.9383     16.1720    161.3893

Coefficients:
                  Estimate Std. Error    t value   Pr(>|t|)
Intercept           3.1192    11.9735     0.2605     0.7952 
thr                 0.0081     0.0006    14.0591     0.0000 ***
conf                0.0007     0.0001     4.9646     0.0000 ***
---------------------------------------------------------------------
Significance codes:  0 '***' 0.001 '**' 0.01 '*' 0.05 '.' 0.1 ' ' 1

Residual standard error: 39.7698 on 70 degrees of freedom
Multiple R-squared: 0.7647,    Adjusted R-squared: 0.7580
F-statistic: 113.7456 on 3 and 70 DF,  p-value: 1.016e-22

2021-07-26 09:31:25 INFO  RegressionModel:28 - [3.119151699312233, 0.008131916066229912, 6.589295069536052E-4]
2021-07-26 09:31:25 INFO  ExecutionManager:271 - [144.86577790136906]
2021-07-26 09:31:25 INFO  SequenceFSM:21 - STATE-CHANGE: MODEL -> OPTIMIZE
2021-07-26 09:31:25 INFO  SequenceFSM:21 - STATE-CHANGE: OPTIMIZE -> REPLAY
2021-07-26 09:31:25 INFO  IOManager:412 - Starting get workload
2021-07-26 09:31:26 INFO  ExecutionManager:292 - uptime: 696, chkInt: 42000
2021-07-26 09:31:26 INFO  ExecutionManager:300 - startTime: 1627284387
2021-07-26 09:31:26 INFO  ExecutionManager:301 - stopTime: 1627284687
2021-07-26 09:31:26 INFO  ExecutionManager:308 - recTime: 360.1705453006166, avgLat: 1079.0663247508276, predLat: 1130.129287467319, avgThr: 40504.15075938643
2021-07-26 09:31:26 INFO  IOManager:419 - Finished get workload
2021-07-26 09:31:26 INFO  IOManager:412 - Starting get workload
2021-07-26 09:31:26 INFO  ExecutionManager:313 - weight: 0.9548167070062167
2021-07-26 09:31:26 WARN  ExecutionManager:372 - Unable to optimize, 1000 < 1079.066325 and 240 < 360.170545
2021-07-26 09:31:26 INFO  IOManager:419 - Finished get workload
2021-07-26 09:31:26 INFO  IOManager$DatabaseToQueue:56 - Starting replay events from database to queue
2021-07-26 09:31:26 INFO  IOManager$QueueToKafka:98 - Starting replay events from queue to kafka topic iot-vehicles-events
2021-07-26 09:36:26 INFO  ExecutionManager:292 - uptime: 996, chkInt: 42000
2021-07-26 09:36:26 INFO  ExecutionManager:300 - startTime: 1627284687
2021-07-26 09:36:26 INFO  ExecutionManager:301 - stopTime: 1627284987
2021-07-26 09:36:26 INFO  ExecutionManager:308 - recTime: 213.06925140173135, avgLat: 1234.4294601328882, predLat: 818.6984244213274, avgThr: 22414.773950670322
2021-07-26 09:36:26 INFO  ExecutionManager:313 - weight: 1.2313058958157175
2021-07-26 09:36:26 INFO  ExecutionManager:318 - Violation Detected
2021-07-26 09:36:26 INFO  Optimization:109 - chkInt: 47000.0, predLat: 810.6348046050506(998.1394142636209), predRec:216.36389893649937, optValue: 1.9962788285272417 (0.9981394142636208, 0.9015162455687473, 0.09662316869487353)
2021-07-26 09:36:26 INFO  Optimization:109 - chkInt: 48000.0, predLat: 809.0220806417952(996.1536577393413), predRec:217.02282844345297, optValue: 1.9923073154786826 (0.9961536577393413, 0.904261785181054, 0.09189187255828724)
2021-07-26 09:36:26 INFO  Optimization:109 - chkInt: 49000.0, predLat: 807.4093566785399(994.1679012150618), predRec:217.6817579504066, optValue: 1.9883358024301234 (0.9941679012150617, 0.9070073247933608, 0.08716057642170094)
2021-07-26 09:36:26 INFO  Optimization:109 - chkInt: 50000.0, predLat: 805.7966327152845(992.1821446907821), predRec:218.3406874573602, optValue: 1.9843642893815643 (0.9921821446907821, 0.9097528644056675, 0.08242928028511465)
2021-07-26 09:36:26 INFO  Optimization:109 - chkInt: 51000.0, predLat: 804.1839087520291(990.1963881665024), predRec:218.9996169643138, optValue: 1.9803927763330047 (0.9901963881665024, 0.9124984040179741, 0.07769798414852824)
2021-07-26 09:36:26 INFO  Optimization:109 - chkInt: 52000.0, predLat: 802.5711847887737(988.2106316422228), predRec:219.6585464712674, optValue: 1.9764212632844456 (0.9882106316422228, 0.9152439436302809, 0.07296668801194184)
2021-07-26 09:36:26 INFO  Optimization:109 - chkInt: 53000.0, predLat: 800.9584608255184(986.2248751179432), predRec:220.317475978221, optValue: 1.9724497502358864 (0.9862248751179432, 0.9179894832425876, 0.06823539187535566)
2021-07-26 09:36:26 INFO  Optimization:109 - chkInt: 54000.0, predLat: 799.345736862263(984.2391185936635), predRec:220.9764054851746, optValue: 1.968478237187327 (0.9842391185936635, 0.9207350228548942, 0.06350409573876936)
2021-07-26 09:36:26 INFO  Optimization:109 - chkInt: 55000.0, predLat: 797.7330128990076(982.2533620693838), predRec:221.6353349921282, optValue: 1.9645067241387677 (0.9822533620693839, 0.9234805624672009, 0.05877279960218296)
2021-07-26 09:36:26 INFO  Optimization:109 - chkInt: 56000.0, predLat: 796.1202889357522(980.2676055451042), predRec:222.2942644990818, optValue: 1.9605352110902081 (0.9802676055451042, 0.9262261020795075, 0.05404150346559666)
2021-07-26 09:36:26 INFO  Optimization:109 - chkInt: 57000.0, predLat: 794.5075649724969(978.2818490208247), predRec:222.95319400603543, optValue: 1.9565636980416494 (0.9782818490208247, 0.9289716416918143, 0.04931020732901037)
2021-07-26 09:36:26 INFO  Optimization:109 - chkInt: 58000.0, predLat: 792.8948410092415(976.296092496545), predRec:223.61212351298903, optValue: 1.9525921849930903 (0.976296092496545, 0.931717181304121, 0.044578911192424076)
2021-07-26 09:36:26 INFO  Optimization:109 - chkInt: 59000.0, predLat: 791.2821170459861(974.3103359722653), predRec:224.27105301994263, optValue: 1.9486206719445307 (0.9743103359722654, 0.9344627209164276, 0.03984761505583778)
2021-07-26 09:36:26 INFO  Optimization:109 - chkInt: 60000.0, predLat: 789.6693930827307(972.3245794479857), predRec:224.92998252689625, optValue: 1.9446491588959716 (0.9723245794479857, 0.9372082605287344, 0.035116318919251266)
2021-07-26 09:36:26 INFO  Optimization:109 - chkInt: 61000.0, predLat: 788.0566691194754(970.3388229237061), predRec:225.58891203384985, optValue: 1.940677645847412 (0.9703388229237061, 0.939953800141041, 0.030385022782665083)
2021-07-26 09:36:26 INFO  Optimization:109 - chkInt: 62000.0, predLat: 786.44394515622(968.3530663994264), predRec:226.24784154080345, optValue: 1.9367061327988528 (0.9683530663994264, 0.9426993397533477, 0.02565372664607868)
2021-07-26 09:36:26 INFO  Optimization:109 - chkInt: 63000.0, predLat: 784.8312211929647(966.3673098751469), predRec:226.90677104775705, optValue: 1.932734619750294 (0.966367309875147, 0.9454448793656544, 0.020922430509492607)
2021-07-26 09:36:26 INFO  Optimization:109 - chkInt: 64000.0, predLat: 783.2184972297092(964.3815533508672), predRec:227.56570055471065, optValue: 1.9287631067017343 (0.9643815533508672, 0.948190418977961, 0.016191134372906202)
2021-07-26 09:36:26 INFO  Optimization:109 - chkInt: 65000.0, predLat: 781.6057732664539(962.3957968265876), predRec:228.22463006166427, optValue: 1.9247915936531752 (0.9623957968265876, 0.9509359585902678, 0.011459838236319797)
2021-07-26 09:36:26 INFO  Optimization:109 - chkInt: 66000.0, predLat: 779.9930493031985(960.410040302308), predRec:228.88355956861787, optValue: 1.9208200806046158 (0.9604100403023079, 0.9536814982025744, 0.006728542099733503)
2021-07-26 09:36:26 INFO  Optimization:109 - chkInt: 67000.0, predLat: 778.3803253399432(958.4242837780283), predRec:229.54248907557147, optValue: 1.9168485675560567 (0.9584242837780284, 0.9564270378148811, 0.0019972459631472095)
2021-07-26 09:36:26 INFO  Optimization:121 - Chosen best checkpoint interval: 67000.0
2021-07-26 09:36:26 INFO  ExecutionManager:340 - difference: 25000.0
2021-07-26 09:36:26 INFO  ExecutionManager:353 - de.tu_berlin.dos.arm.khaos.clients.flink.responses.SaveStatus@2904934
2021-07-26 09:36:26 INFO  ExecutionManager:353 - de.tu_berlin.dos.arm.khaos.clients.flink.responses.SaveStatus@54814551
2021-07-26 09:36:26 INFO  ExecutionManager:353 - de.tu_berlin.dos.arm.khaos.clients.flink.responses.SaveStatus@68a6519c
2021-07-26 09:36:26 INFO  ExecutionManager:353 - de.tu_berlin.dos.arm.khaos.clients.flink.responses.SaveStatus@104187cb
2021-07-26 09:36:26 INFO  ExecutionManager:353 - de.tu_berlin.dos.arm.khaos.clients.flink.responses.SaveStatus@1098b51e
2021-07-26 09:36:26 INFO  ExecutionManager:353 - de.tu_berlin.dos.arm.khaos.clients.flink.responses.SaveStatus@4e6dd191
2021-07-26 09:36:26 INFO  ExecutionManager:353 - de.tu_berlin.dos.arm.khaos.clients.flink.responses.SaveStatus@149d4371
2021-07-26 09:36:27 INFO  ExecutionManager:353 - de.tu_berlin.dos.arm.khaos.clients.flink.responses.SaveStatus@8fef1f6
2021-07-26 09:36:27 INFO  ExecutionManager:353 - de.tu_berlin.dos.arm.khaos.clients.flink.responses.SaveStatus@5d1b95b2
2021-07-26 09:36:27 INFO  ExecutionManager:353 - de.tu_berlin.dos.arm.khaos.clients.flink.responses.SaveStatus@7dda26d9
2021-07-26 09:36:27 INFO  ExecutionManager:353 - de.tu_berlin.dos.arm.khaos.clients.flink.responses.SaveStatus@32264d8
2021-07-26 09:36:27 INFO  ExecutionManager:353 - de.tu_berlin.dos.arm.khaos.clients.flink.responses.SaveStatus@7c2c540b
2021-07-26 09:36:27 INFO  ExecutionManager:353 - de.tu_berlin.dos.arm.khaos.clients.flink.responses.SaveStatus@7d1be839
2021-07-26 09:36:27 INFO  ExecutionManager:353 - de.tu_berlin.dos.arm.khaos.clients.flink.responses.SaveStatus@515bf5ad
2021-07-26 09:36:27 INFO  ExecutionManager:353 - de.tu_berlin.dos.arm.khaos.clients.flink.responses.SaveStatus@414f5ffa
2021-07-26 09:36:27 INFO  ExecutionManager:353 - de.tu_berlin.dos.arm.khaos.clients.flink.responses.SaveStatus@7984ee15
2021-07-26 09:36:27 INFO  ExecutionManager:357 - hdfs://130.149.249.46:9000/flink/savepoints/savepoint-2b8a96-053f1b82be36
2021-07-26 09:46:28 INFO  ExecutionManager:292 - uptime: 600, chkInt: 67000
2021-07-26 09:46:28 INFO  ExecutionManager:300 - startTime: 1627285289
2021-07-26 09:46:28 INFO  ExecutionManager:301 - stopTime: 1627285589
2021-07-26 09:46:28 INFO  ExecutionManager:308 - recTime: 237.94011158722418, avgLat: 892.1842940199319, predLat: 796.1590868791594, avgThr: 23447.448469597814
2021-07-26 09:46:28 INFO  ExecutionManager:313 - weight: 1.1944074563312599
2021-07-26 09:46:28 INFO  ExecutionManager:378 - No violation
2021-07-26 09:51:15 INFO  KubernetesClient:67 - Running command: [[sh, -c, kill 1]] on pod [flink-native-taskmanager-1-978] in namespace [khaos]

2021-07-26 09:51:15 INFO  KubernetesClient:35 - Reading data... Switching Protocols
2021-07-26 09:51:15 INFO  KubernetesClient:48 - Exit with: 1000 and with reason: 
2021-07-26 09:51:15 INFO  ExecutionManager:167 - FailureMetrics{experimentId=21, jobId='profile_90000', timestamp=1627285870, avgThr=22972.476756, avgLat=809.593746, recTime=0.0}
2021-07-26 09:51:15 INFO  ExecutionManager:169 - Finishing inject failure into job b52890ca584b757457f659219e8da633
2021-07-26 09:51:16 INFO  KubernetesClient:67 - Running command: [[sh, -c, kill 1]] on pod [flink-native-taskmanager-1-990] in namespace [khaos]

2021-07-26 09:51:16 INFO  KubernetesClient:35 - Reading data... Switching Protocols
2021-07-26 09:51:16 INFO  KubernetesClient:48 - Exit with: 1000 and with reason: 
2021-07-26 09:51:16 INFO  ExecutionManager:167 - FailureMetrics{experimentId=21, jobId='profile_10000', timestamp=1627285870, avgThr=22866.257735, avgLat=1369.791794, recTime=0.0}
2021-07-26 09:51:16 INFO  ExecutionManager:169 - Finishing inject failure into job 2498d8e05e4bfbf80b167f7e90114230
2021-07-26 09:51:20 INFO  KubernetesClient:67 - Running command: [[sh, -c, kill 1]] on pod [flink-native-taskmanager-1-979] in namespace [khaos]

2021-07-26 09:51:20 INFO  KubernetesClient:35 - Reading data... Switching Protocols
2021-07-26 09:51:20 INFO  KubernetesClient:48 - Exit with: 1000 and with reason: 
2021-07-26 09:51:20 INFO  ExecutionManager:167 - FailureMetrics{experimentId=21, jobId='profile_30000', timestamp=1627285870, avgThr=22875.805175, avgLat=663.958962, recTime=0.0}
2021-07-26 09:51:20 INFO  ExecutionManager:169 - Finishing inject failure into job 84500f4191c8a1ca741eacb2dc0c5fc1
2021-07-26 09:51:28 INFO  ExecutionManager:292 - uptime: 900, chkInt: 67000
2021-07-26 09:51:28 INFO  ExecutionManager:300 - startTime: 1627285589
2021-07-26 09:51:28 INFO  ExecutionManager:301 - stopTime: 1627285889
2021-07-26 09:51:28 INFO  ExecutionManager:308 - recTime: 231.9044565433752, avgLat: 831.6219767441834, predLat: 783.3808902397346, avgThr: 22705.23040011801
2021-07-26 09:51:28 INFO  ExecutionManager:313 - weight: 1.1612007490315284
2021-07-26 09:51:28 INFO  ExecutionManager:378 - No violation
2021-07-26 09:51:46 INFO  KubernetesClient:67 - Running command: [[sh, -c, kill 1]] on pod [flink-native-taskmanager-1-973] in namespace [khaos]

2021-07-26 09:51:46 INFO  KubernetesClient:35 - Reading data... Switching Protocols
2021-07-26 09:51:46 INFO  KubernetesClient:48 - Exit with: 1000 and with reason: 
2021-07-26 09:51:46 INFO  ExecutionManager:167 - FailureMetrics{experimentId=21, jobId='profile_60000', timestamp=1627285870, avgThr=22797.597848, avgLat=892.183879, recTime=0.0}
2021-07-26 09:51:46 INFO  ExecutionManager:169 - Finishing inject failure into job d7b8ae04040fb0039e31a2647e3f2ea1
2021-07-26 09:51:53 INFO  KubernetesClient:67 - Running command: [[sh, -c, kill 1]] on pod [flink-native-taskmanager-1-989] in namespace [khaos]

2021-07-26 09:51:53 INFO  KubernetesClient:35 - Reading data... Switching Protocols
2021-07-26 09:51:53 INFO  KubernetesClient:48 - Exit with: 1000 and with reason: 
2021-07-26 09:51:53 INFO  ExecutionManager:167 - FailureMetrics{experimentId=21, jobId='profile_120000', timestamp=1627285870, avgThr=22872.378368, avgLat=741.501437, recTime=0.0}
2021-07-26 09:51:53 INFO  ExecutionManager:169 - Finishing inject failure into job 02dd7cc9d87e001f658a576748a91ff4
2021-07-26 09:52:01 INFO  KubernetesClient:67 - Running command: [[sh, -c, kill 1]] on pod [flink-native-taskmanager-1-965] in namespace [khaos]

2021-07-26 09:52:02 INFO  KubernetesClient:35 - Reading data... Switching Protocols
2021-07-26 09:52:02 INFO  KubernetesClient:48 - Exit with: 1000 and with reason: 
2021-07-26 09:52:02 INFO  ExecutionManager:167 - FailureMetrics{experimentId=21, jobId='vehicles', timestamp=1627285867, avgThr=22756.867594, avgLat=833.626919, recTime=0.0}
2021-07-26 09:52:02 INFO  ExecutionManager:169 - Finishing inject failure into job f7098900ba67b02a0b18b331fef7c86f
2021-07-26 09:56:28 INFO  ExecutionManager:292 - uptime: 264, chkInt: 67000
2021-07-26 10:02:04 INFO  ExecutionManager:300 - startTime: 1627286225
2021-07-26 10:02:04 INFO  ExecutionManager:301 - stopTime: 1627286525
2021-07-26 10:02:05 INFO  ExecutionManager:308 - recTime: 224.51183847981326, avgLat: 788.8487458471732, predLat: 767.729842157948, avgThr: 21796.143537519674
2021-07-26 10:02:05 INFO  ExecutionManager:313 - weight: 1.1344622490321037
2021-07-26 10:02:05 INFO  ExecutionManager:378 - No violation
2021-07-26 10:07:05 INFO  ExecutionManager:292 - uptime: 900, chkInt: 67000
2021-07-26 10:07:05 INFO  ExecutionManager:300 - startTime: 1627286526
2021-07-26 10:07:05 INFO  ExecutionManager:301 - stopTime: 1627286826
2021-07-26 10:07:05 INFO  ExecutionManager:308 - recTime: 217.61136187126684, avgLat: 800.935863787374, predLat: 753.1207158296271, avgThr: 20947.576416026302
2021-07-26 10:07:05 INFO  ExecutionManager:313 - weight: 1.122633433243369
2021-07-26 10:07:05 INFO  ExecutionManager:378 - No violation
2021-07-26 10:12:05 INFO  ExecutionManager:292 - uptime: 1201, chkInt: 67000
2021-07-26 10:12:05 INFO  ExecutionManager:300 - startTime: 1627286826
2021-07-26 10:12:05 INFO  ExecutionManager:301 - stopTime: 1627287126
2021-07-26 10:12:05 INFO  ExecutionManager:308 - recTime: 209.53715705916088, avgLat: 773.7621179401984, predLat: 736.0266678685485, avgThr: 19954.67329868642
2021-07-26 10:12:05 INFO  ExecutionManager:313 - weight: 1.138708837789687
2021-07-26 10:12:05 INFO  ExecutionManager:378 - No violation
2021-07-26 10:17:05 INFO  ExecutionManager:292 - uptime: 1501, chkInt: 67000
2021-07-26 10:17:05 INFO  ExecutionManager:300 - startTime: 1627287126
2021-07-26 10:17:05 INFO  ExecutionManager:301 - stopTime: 1627287426
2021-07-26 10:17:05 INFO  ExecutionManager:308 - recTime: 202.50081732960936, avgLat: 693.6355980066468, predLat: 721.1299032203374, avgThr: 19089.398783769582
2021-07-26 10:17:05 INFO  ExecutionManager:313 - weight: 1.0477218732850522
2021-07-26 10:17:05 INFO  ExecutionManager:378 - No violation
2021-07-26 10:22:05 INFO  ExecutionManager:292 - uptime: 1801, chkInt: 67000
2021-07-26 10:22:05 INFO  ExecutionManager:300 - startTime: 1627287426
2021-07-26 10:22:05 INFO  ExecutionManager:301 - stopTime: 1627287726
2021-07-26 10:22:05 INFO  ExecutionManager:308 - recTime: 194.73654610817906, avgLat: 786.1614534883712, predLat: 704.6920213817499, avgThr: 18134.60889683584
2021-07-26 10:22:05 INFO  ExecutionManager:313 - weight: 1.0468884407717585
2021-07-26 10:22:05 INFO  ExecutionManager:378 - No violation
2021-07-26 10:27:05 INFO  ExecutionManager:292 - uptime: 2101, chkInt: 67000
2021-07-26 10:27:05 INFO  ExecutionManager:300 - startTime: 1627287726
2021-07-26 10:27:05 INFO  ExecutionManager:301 - stopTime: 1627288026
2021-07-26 10:27:05 INFO  ExecutionManager:308 - recTime: 186.79228848715982, avgLat: 612.483239202658, predLat: 687.873087016194, avgThr: 17157.685677717778
2021-07-26 10:27:05 INFO  ExecutionManager:313 - weight: 1.018358588845581
2021-07-26 10:27:05 INFO  ExecutionManager:378 - No violation
2021-07-26 10:32:06 INFO  ExecutionManager:292 - uptime: 2401, chkInt: 67000
2021-07-26 10:32:06 INFO  ExecutionManager:300 - startTime: 1627288027
2021-07-26 10:32:06 INFO  ExecutionManager:301 - stopTime: 1627288327
2021-07-26 10:32:06 INFO  ExecutionManager:308 - recTime: 180.73764800696176, avgLat: 584.6447757475078, predLat: 675.0546959592301, avgThr: 16413.132926449027
2021-07-26 10:32:06 INFO  ExecutionManager:313 - weight: 0.9914522523288644
2021-07-26 10:32:06 INFO  ExecutionManager:378 - No violation
2021-07-26 10:37:06 INFO  ExecutionManager:292 - uptime: 2701, chkInt: 67000
2021-07-26 10:37:06 INFO  ExecutionManager:300 - startTime: 1627288327
2021-07-26 10:37:06 INFO  ExecutionManager:301 - stopTime: 1627288627
2021-07-26 10:37:06 INFO  ExecutionManager:308 - recTime: 174.22537708988548, avgLat: 746.932317275746, predLat: 661.2674470619603, avgThr: 15612.304331559768
2021-07-26 10:37:06 INFO  ExecutionManager:313 - weight: 1.0024617733062169
2021-07-26 10:37:06 INFO  ExecutionManager:378 - No violation
2021-07-26 10:42:06 INFO  ExecutionManager:292 - uptime: 3002, chkInt: 67000
2021-07-26 10:42:06 INFO  ExecutionManager:300 - startTime: 1627288627
2021-07-26 10:42:06 INFO  ExecutionManager:301 - stopTime: 1627288927
2021-07-26 10:42:06 INFO  ExecutionManager:308 - recTime: 166.69661986764953, avgLat: 732.6813122923583, predLat: 645.3281762558423, avgThr: 14686.476130565263
2021-07-26 10:42:06 INFO  ExecutionManager:313 - weight: 1.0164773086331633
2021-07-26 10:42:06 INFO  ExecutionManager:378 - No violation
2021-07-26 10:47:06 INFO  ExecutionManager:292 - uptime: 3302, chkInt: 67000
2021-07-26 10:47:06 INFO  ExecutionManager:300 - startTime: 1627288927
2021-07-26 10:47:06 INFO  ExecutionManager:301 - stopTime: 1627289227
2021-07-26 10:47:06 INFO  ExecutionManager:308 - recTime: 157.6338228457935, avgLat: 745.2354401993342, predLat: 626.141161489899, avgThr: 13572.003606741282
2021-07-26 10:47:06 INFO  ExecutionManager:313 - weight: 1.054532352561645
2021-07-26 10:47:06 INFO  ExecutionManager:378 - No violation
2021-07-26 10:52:06 INFO  ExecutionManager:292 - uptime: 3602, chkInt: 67000
2021-07-26 10:52:06 INFO  ExecutionManager:300 - startTime: 1627289227
2021-07-26 10:52:06 INFO  ExecutionManager:301 - stopTime: 1627289527
2021-07-26 10:52:06 INFO  ExecutionManager:308 - recTime: 148.319648097845, avgLat: 706.3120265780731, predLat: 606.4219503026155, avgThr: 12426.618598818208
2021-07-26 10:52:06 INFO  ExecutionManager:313 - weight: 1.0627174249440958
2021-07-26 10:52:06 INFO  ExecutionManager:378 - No violation
2021-07-26 10:57:06 INFO  ExecutionManager:292 - uptime: 3902, chkInt: 67000
2021-07-26 10:57:06 INFO  ExecutionManager:300 - startTime: 1627289527
2021-07-26 10:57:06 INFO  ExecutionManager:301 - stopTime: 1627289827
2021-07-26 10:57:06 INFO  ExecutionManager:308 - recTime: 138.90472016055767, avgLat: 581.3809551495032, predLat: 586.4894326794824, avgThr: 11268.843744699205
2021-07-26 10:57:06 INFO  ExecutionManager:313 - weight: 1.079532128422635
2021-07-26 10:57:06 INFO  ExecutionManager:378 - No violation
2021-07-26 11:02:06 INFO  ExecutionManager:292 - uptime: 4202, chkInt: 67000
2021-07-26 11:02:06 INFO  ExecutionManager:300 - startTime: 1627289827
2021-07-26 11:02:06 INFO  ExecutionManager:301 - stopTime: 1627290127
2021-07-26 11:02:07 INFO  ExecutionManager:308 - recTime: 129.1804158372856, avgLat: 437.59152823920425, predLat: 565.9019286021886, avgThr: 10073.024180887547
2021-07-26 11:02:07 INFO  ExecutionManager:313 - weight: 1.064064405562606
2021-07-26 11:02:07 INFO  ExecutionManager:378 - No violation
2021-07-26 11:07:07 INFO  ExecutionManager:292 - uptime: 4502, chkInt: 67000
2021-07-26 11:07:07 INFO  ExecutionManager:300 - startTime: 1627290128
2021-07-26 11:07:07 INFO  ExecutionManager:301 - stopTime: 1627290428
2021-07-26 11:07:07 INFO  ExecutionManager:308 - recTime: 117.91761806110489, avgLat: 457.5857807308964, predLat: 542.0572516535311, avgThr: 8688.01261848927
2021-07-26 11:07:07 INFO  ExecutionManager:313 - weight: 1.016500831957994
2021-07-26 11:07:07 INFO  ExecutionManager:378 - No violation
2021-07-26 11:12:07 INFO  ExecutionManager:292 - uptime: 4802, chkInt: 67000
2021-07-26 11:12:07 INFO  ExecutionManager:300 - startTime: 1627290428
2021-07-26 11:12:07 INFO  ExecutionManager:301 - stopTime: 1627290728
2021-07-26 11:12:07 INFO  ExecutionManager:308 - recTime: 103.69492565163543, avgLat: 485.9301993355459, predLat: 511.9461271724411, avgThr: 6939.016158905382
2021-07-26 11:12:07 INFO  ExecutionManager:313 - weight: 0.9854708232313455
2021-07-26 11:12:07 INFO  ExecutionManager:378 - No violation
2021-07-26 11:17:07 INFO  ExecutionManager:292 - uptime: 5103, chkInt: 67000
2021-07-26 11:17:07 INFO  ExecutionManager:300 - startTime: 1627290728
2021-07-26 11:17:07 INFO  ExecutionManager:301 - stopTime: 1627291028
2021-07-26 11:17:07 INFO  ExecutionManager:308 - recTime: 89.63381261329559, avgLat: 418.02778239202706, predLat: 482.1770853587946, avgThr: 5209.889477835393
2021-07-26 11:17:07 INFO  ExecutionManager:313 - weight: 0.9315967361485248
2021-07-26 11:17:07 INFO  ExecutionManager:378 - No violation
2021-07-26 11:22:07 INFO  ExecutionManager:292 - uptime: 5403, chkInt: 67000
2021-07-26 11:22:07 INFO  ExecutionManager:300 - startTime: 1627291028
2021-07-26 11:22:07 INFO  ExecutionManager:301 - stopTime: 1627291328
2021-07-26 11:22:07 INFO  ExecutionManager:308 - recTime: 79.02767878861235, avgLat: 414.1632807308974, predLat: 459.72264377602465, avgThr: 3905.6293577969914
2021-07-26 11:22:07 INFO  ExecutionManager:313 - weight: 0.8876263589076858
2021-07-26 11:22:07 INFO  ExecutionManager:378 - No violation
2021-07-26 11:27:07 INFO  ExecutionManager:292 - uptime: 5703, chkInt: 67000
2021-07-26 11:27:07 INFO  ExecutionManager:300 - startTime: 1627291328
2021-07-26 11:27:07 INFO  ExecutionManager:301 - stopTime: 1627291628
2021-07-26 11:27:07 INFO  ExecutionManager:308 - recTime: 73.58361444384552, avgLat: 407.7161378737521, predLat: 448.19691471932407, avgThr: 3236.1605265365647
2021-07-26 11:27:07 INFO  ExecutionManager:313 - weight: 0.8740248731941246
2021-07-26 11:27:07 INFO  ExecutionManager:378 - No violation
2021-07-26 11:32:07 INFO  ExecutionManager:292 - uptime: 6003, chkInt: 67000
2021-07-26 11:32:07 INFO  ExecutionManager:300 - startTime: 1627291628
2021-07-26 11:32:07 INFO  ExecutionManager:301 - stopTime: 1627291928
2021-07-26 11:32:07 INFO  ExecutionManager:308 - recTime: 72.42961404239111, avgLat: 406.1669850498326, predLat: 445.7537591803428, avgThr: 3094.2505028649325
2021-07-26 11:32:07 INFO  ExecutionManager:313 - weight: 0.8970127885102999
2021-07-26 11:32:07 INFO  ExecutionManager:378 - No violation
2021-07-26 11:37:07 INFO  ExecutionManager:292 - uptime: 6303, chkInt: 67000
2021-07-26 11:37:07 INFO  ExecutionManager:300 - startTime: 1627291928
2021-07-26 11:37:07 INFO  ExecutionManager:301 - stopTime: 1627292228
2021-07-26 11:37:07 INFO  ExecutionManager:308 - recTime: 72.64997475838075, avgLat: 423.514377076413, predLat: 446.220288917391, avgThr: 3121.348755502433
2021-07-26 11:37:07 INFO  ExecutionManager:313 - weight: 0.9145044515782121
2021-07-26 11:37:07 INFO  ExecutionManager:378 - No violation
2021-07-26 11:42:08 INFO  ExecutionManager:292 - uptime: 6603, chkInt: 67000
2021-07-26 11:42:08 INFO  ExecutionManager:300 - startTime: 1627292229
2021-07-26 11:42:08 INFO  ExecutionManager:301 - stopTime: 1627292529
2021-07-26 11:42:08 INFO  ExecutionManager:308 - recTime: 72.72905615997361, avgLat: 424.1699584717586, predLat: 446.3877136116012, avgThr: 3131.0735732389635
2021-07-26 11:42:08 INFO  ExecutionManager:313 - weight: 0.9146786814719355
2021-07-26 11:42:08 INFO  ExecutionManager:378 - No violation
2021-07-26 11:47:08 INFO  ExecutionManager:292 - uptime: 6903, chkInt: 67000
2021-07-26 11:47:08 INFO  ExecutionManager:300 - startTime: 1627292529
2021-07-26 11:47:08 INFO  ExecutionManager:301 - stopTime: 1627292829
2021-07-26 11:47:08 INFO  ExecutionManager:308 - recTime: 73.65313694990726, avgLat: 397.1805980066449, predLat: 448.3441020994623, avgThr: 3244.709865400312
2021-07-26 11:47:08 INFO  ExecutionManager:313 - weight: 0.9178327418676533
2021-07-26 11:47:08 INFO  ExecutionManager:378 - No violation
2021-07-26 11:52:08 INFO  ExecutionManager:292 - uptime: 7204, chkInt: 67000
2021-07-26 11:52:08 INFO  ExecutionManager:300 - startTime: 1627292829
2021-07-26 11:52:08 INFO  ExecutionManager:301 - stopTime: 1627293129
2021-07-26 11:52:08 INFO  ExecutionManager:308 - recTime: 73.09859042615473, avgLat: 394.0353903654491, predLat: 447.1700614237214, avgThr: 3176.5160327001126
2021-07-26 11:52:08 INFO  ExecutionManager:313 - weight: 0.9145456657758645
2021-07-26 11:52:08 INFO  ExecutionManager:378 - No violation
2021-07-26 11:57:08 INFO  ExecutionManager:292 - uptime: 7504, chkInt: 67000
2021-07-26 11:57:08 INFO  ExecutionManager:300 - startTime: 1627293129
2021-07-26 11:57:08 INFO  ExecutionManager:301 - stopTime: 1627293429
2021-07-26 11:57:08 INFO  ExecutionManager:308 - recTime: 72.61768524113242, avgLat: 396.9524584717609, predLat: 446.1519281847457, avgThr: 3117.3780409764395
2021-07-26 11:57:08 INFO  ExecutionManager:313 - weight: 0.911219670822335
2021-07-26 11:57:08 INFO  ExecutionManager:378 - No violation
2021-07-26 12:02:08 INFO  ExecutionManager:292 - uptime: 7804, chkInt: 67000
2021-07-26 12:02:08 INFO  ExecutionManager:300 - startTime: 1627293429
2021-07-26 12:02:08 INFO  ExecutionManager:301 - stopTime: 1627293729
2021-07-26 12:02:08 INFO  ExecutionManager:308 - recTime: 73.95550171178266, avgLat: 399.1399418604628, predLat: 448.98424411487025, avgThr: 3281.8923399134283
2021-07-26 12:02:08 INFO  ExecutionManager:313 - weight: 0.9075184892624355
2021-07-26 12:02:08 INFO  ExecutionManager:378 - No violation
2021-07-26 12:07:08 INFO  ExecutionManager:292 - uptime: 8104, chkInt: 67000
2021-07-26 12:07:08 INFO  ExecutionManager:300 - startTime: 1627293729
2021-07-26 12:07:08 INFO  ExecutionManager:301 - stopTime: 1627294029
2021-07-26 12:07:08 INFO  ExecutionManager:308 - recTime: 76.91824560307876, avgLat: 483.31988372092763, predLat: 455.2567238639935, avgThr: 3646.2276167616155
2021-07-26 12:07:08 INFO  ExecutionManager:313 - weight: 0.9262730687673262
2021-07-26 12:07:08 INFO  ExecutionManager:378 - No violation
2021-07-26 12:12:08 INFO  ExecutionManager:292 - uptime: 8404, chkInt: 67000
2021-07-26 12:12:08 INFO  ExecutionManager:300 - startTime: 1627294029
2021-07-26 12:12:08 INFO  ExecutionManager:301 - stopTime: 1627294329
2021-07-26 12:12:08 INFO  ExecutionManager:308 - recTime: 78.73162519596588, avgLat: 481.1276411960129, predLat: 459.0958632534201, avgThr: 3869.2229819520753
2021-07-26 12:12:08 INFO  ExecutionManager:313 - weight: 0.942566705474904
2021-07-26 12:12:08 INFO  ExecutionManager:378 - No violation
2021-07-26 12:17:09 INFO  ExecutionManager:292 - uptime: 8704, chkInt: 67000
2021-07-26 12:17:09 INFO  ExecutionManager:300 - startTime: 1627294330
2021-07-26 12:17:09 INFO  ExecutionManager:301 - stopTime: 1627294630
2021-07-26 12:17:09 INFO  ExecutionManager:308 - recTime: 77.63230004532906, avgLat: 473.63995847175994, predLat: 456.7684616965967, avgThr: 3734.0364967887476
2021-07-26 12:17:09 INFO  ExecutionManager:313 - weight: 0.9677422469579627
2021-07-26 12:17:09 INFO  ExecutionManager:378 - No violation
2021-07-26 12:22:09 INFO  ExecutionManager:292 - uptime: 9004, chkInt: 67000
2021-07-26 12:22:09 INFO  ExecutionManager:300 - startTime: 1627294630
2021-07-26 12:22:09 INFO  ExecutionManager:301 - stopTime: 1627294930
2021-07-26 12:22:09 INFO  ExecutionManager:308 - recTime: 74.97283138453028, avgLat: 549.4429318936891, predLat: 451.1380515327973, avgThr: 3406.995656826938
2021-07-26 12:22:09 INFO  ExecutionManager:313 - weight: 1.0238636657283038
2021-07-26 12:22:09 INFO  ExecutionManager:378 - No violation
2021-07-26 12:27:09 INFO  ExecutionManager:292 - uptime: 9305, chkInt: 67000
2021-07-26 12:27:09 INFO  ExecutionManager:300 - startTime: 1627294930
2021-07-26 12:27:09 INFO  ExecutionManager:301 - stopTime: 1627295230
2021-07-26 12:27:09 INFO  ExecutionManager:308 - recTime: 71.53843017343812, avgLat: 572.5855813953466, predLat: 443.867017370774, avgThr: 2984.6596190320456
2021-07-26 12:27:09 INFO  ExecutionManager:313 - weight: 1.0905751122905312
2021-07-26 12:27:09 INFO  ExecutionManager:378 - No violation
2021-07-26 12:30:26 INFO  KubernetesClient:67 - Running command: [[sh, -c, kill 1]] on pod [flink-native-taskmanager-1-983] in namespace [khaos]

2021-07-26 12:30:27 INFO  KubernetesClient:35 - Reading data... Switching Protocols
2021-07-26 12:30:27 INFO  KubernetesClient:48 - Exit with: 1000 and with reason: 
2021-07-26 12:30:27 INFO  ExecutionManager:167 - FailureMetrics{experimentId=21, jobId='profile_10000', timestamp=1627295423, avgThr=2740.138382, avgLat=557.031777, recTime=0.0}
2021-07-26 12:30:27 INFO  ExecutionManager:167 - FailureMetrics{experimentId=21, jobId='profile_10000', timestamp=1627285870, avgThr=22866.257735, avgLat=1369.791794, recTime=0.0}
2021-07-26 12:30:27 INFO  ExecutionManager:169 - Finishing inject failure into job 2498d8e05e4bfbf80b167f7e90114230
2021-07-26 12:30:27 INFO  KubernetesClient:67 - Running command: [[sh, -c, kill 1]] on pod [flink-native-taskmanager-1-988] in namespace [khaos]

2021-07-26 12:30:27 INFO  KubernetesClient:35 - Reading data... Switching Protocols
2021-07-26 12:30:27 INFO  KubernetesClient:48 - Exit with: 1000 and with reason: 
2021-07-26 12:30:27 INFO  ExecutionManager:167 - FailureMetrics{experimentId=21, jobId='profile_30000', timestamp=1627295423, avgThr=2736.538555, avgLat=395.078538, recTime=0.0}
2021-07-26 12:30:27 INFO  ExecutionManager:167 - FailureMetrics{experimentId=21, jobId='profile_30000', timestamp=1627285870, avgThr=22875.805175, avgLat=663.958962, recTime=0.0}
2021-07-26 12:30:27 INFO  ExecutionManager:169 - Finishing inject failure into job 84500f4191c8a1ca741eacb2dc0c5fc1
2021-07-26 12:30:40 INFO  KubernetesClient:67 - Running command: [[sh, -c, kill 1]] on pod [flink-native-taskmanager-1-999] in namespace [khaos]

2021-07-26 12:30:40 INFO  KubernetesClient:35 - Reading data... Switching Protocols
2021-07-26 12:30:40 INFO  KubernetesClient:48 - Exit with: 1000 and with reason: 
2021-07-26 12:30:40 INFO  ExecutionManager:167 - FailureMetrics{experimentId=21, jobId='vehicles', timestamp=1627295423, avgThr=2732.119718, avgLat=617.887849, recTime=0.0}
2021-07-26 12:30:40 INFO  ExecutionManager:167 - FailureMetrics{experimentId=21, jobId='vehicles', timestamp=1627285867, avgThr=22756.867594, avgLat=833.626919, recTime=0.0}
2021-07-26 12:30:40 INFO  ExecutionManager:169 - Finishing inject failure into job f7098900ba67b02a0b18b331fef7c86f
2021-07-26 12:30:45 INFO  KubernetesClient:67 - Running command: [[sh, -c, kill 1]] on pod [flink-native-taskmanager-1-1000] in namespace [khaos]

2021-07-26 12:30:45 INFO  KubernetesClient:35 - Reading data... Switching Protocols
2021-07-26 12:30:45 INFO  KubernetesClient:48 - Exit with: 1000 and with reason: 
2021-07-26 12:30:45 INFO  ExecutionManager:167 - FailureMetrics{experimentId=21, jobId='profile_60000', timestamp=1627295423, avgThr=2738.84761, avgLat=458.058505, recTime=0.0}
2021-07-26 12:30:45 INFO  ExecutionManager:167 - FailureMetrics{experimentId=21, jobId='profile_60000', timestamp=1627285870, avgThr=22797.597848, avgLat=892.183879, recTime=0.0}
2021-07-26 12:30:45 INFO  ExecutionManager:169 - Finishing inject failure into job d7b8ae04040fb0039e31a2647e3f2ea1
2021-07-26 12:30:58 INFO  KubernetesClient:67 - Running command: [[sh, -c, kill 1]] on pod [flink-native-taskmanager-1-972] in namespace [khaos]

2021-07-26 12:30:58 INFO  KubernetesClient:35 - Reading data... Switching Protocols
2021-07-26 12:30:59 INFO  KubernetesClient:48 - Exit with: 1000 and with reason: 
2021-07-26 12:30:59 INFO  ExecutionManager:167 - FailureMetrics{experimentId=21, jobId='profile_120000', timestamp=1627295423, avgThr=2739.211483, avgLat=452.323746, recTime=0.0}
2021-07-26 12:30:59 INFO  ExecutionManager:167 - FailureMetrics{experimentId=21, jobId='profile_120000', timestamp=1627285870, avgThr=22872.378368, avgLat=741.501437, recTime=0.0}
2021-07-26 12:30:59 INFO  ExecutionManager:169 - Finishing inject failure into job 02dd7cc9d87e001f658a576748a91ff4
2021-07-26 12:31:25 INFO  KubernetesClient:67 - Running command: [[sh, -c, kill 1]] on pod [flink-native-taskmanager-1-980] in namespace [khaos]

2021-07-26 12:31:25 INFO  KubernetesClient:35 - Reading data... Switching Protocols
2021-07-26 12:31:25 INFO  KubernetesClient:48 - Exit with: 1000 and with reason: 
2021-07-26 12:31:25 INFO  ExecutionManager:167 - FailureMetrics{experimentId=21, jobId='profile_90000', timestamp=1627295423, avgThr=2740.351308, avgLat=514.374593, recTime=0.0}
2021-07-26 12:31:25 INFO  ExecutionManager:167 - FailureMetrics{experimentId=21, jobId='profile_90000', timestamp=1627285870, avgThr=22972.476756, avgLat=809.593746, recTime=0.0}
2021-07-26 12:31:25 INFO  ExecutionManager:169 - Finishing inject failure into job b52890ca584b757457f659219e8da633
2021-07-26 12:32:09 INFO  ExecutionManager:292 - uptime: 86, chkInt: 67000
2021-07-26 12:40:43 INFO  ExecutionManager:300 - startTime: 1627295744
2021-07-26 12:40:43 INFO  ExecutionManager:301 - stopTime: 1627296044
2021-07-26 12:40:43 INFO  ExecutionManager:308 - recTime: 65.60391480836832, avgLat: 428.9786378737542, predLat: 431.30294541112283, avgThr: 2254.878923223519
2021-07-26 12:40:43 INFO  ExecutionManager:313 - weight: 1.1081795569028172
2021-07-26 12:40:43 INFO  ExecutionManager:378 - No violation
2021-07-26 12:45:43 INFO  ExecutionManager:292 - uptime: 900, chkInt: 67000
2021-07-26 12:45:43 INFO  ExecutionManager:300 - startTime: 1627296044
2021-07-26 12:45:43 INFO  ExecutionManager:301 - stopTime: 1627296344
2021-07-26 12:45:43 INFO  ExecutionManager:308 - recTime: 63.55020369046625, avgLat: 485.333812292359, predLat: 426.9549957164381, avgThr: 2002.3294501134003
2021-07-26 12:45:43 INFO  ExecutionManager:313 - weight: 1.1206946331003094
2021-07-26 12:45:43 INFO  ExecutionManager:378 - No violation
2021-07-26 12:50:43 INFO  ExecutionManager:292 - uptime: 1201, chkInt: 67000
2021-07-26 12:50:43 INFO  ExecutionManager:300 - startTime: 1627296344
2021-07-26 12:50:43 INFO  ExecutionManager:301 - stopTime: 1627296644
2021-07-26 12:50:43 INFO  ExecutionManager:308 - recTime: 61.34122478352184, avgLat: 448.03428571428515, predLat: 422.2783257211832, avgThr: 1730.6863479277026
2021-07-26 12:50:43 INFO  ExecutionManager:313 - weight: 1.1228618597428282
2021-07-26 12:50:43 INFO  ExecutionManager:378 - No violation
2021-07-26 12:55:43 INFO  ExecutionManager:292 - uptime: 1501, chkInt: 67000
2021-07-26 12:55:43 INFO  ExecutionManager:300 - startTime: 1627296644
2021-07-26 12:55:43 INFO  ExecutionManager:301 - stopTime: 1627296944
2021-07-26 12:55:43 INFO  ExecutionManager:308 - recTime: 60.49084653463123, avgLat: 402.6293106312288, predLat: 420.4779742426328, avgThr: 1626.1134229288773
2021-07-26 12:55:43 INFO  ExecutionManager:313 - weight: 1.1096309997057854
2021-07-26 12:55:43 INFO  ExecutionManager:378 - No violation
2021-07-26 13:00:43 INFO  ExecutionManager:292 - uptime: 1801, chkInt: 67000
2021-07-26 13:00:43 INFO  ExecutionManager:300 - startTime: 1627296944
2021-07-26 13:00:43 INFO  ExecutionManager:301 - stopTime: 1627297244
2021-07-26 13:00:43 INFO  ExecutionManager:308 - recTime: 60.50780780320992, avgLat: 393.7660548172755, predLat: 420.5138832572431, avgThr: 1628.1991882565746
2021-07-26 13:00:43 INFO  ExecutionManager:313 - weight: 1.062712384830217
2021-07-26 13:00:43 INFO  ExecutionManager:378 - No violation
2021-07-26 13:05:44 INFO  ExecutionManager:292 - uptime: 2101, chkInt: 67000
2021-07-26 13:05:44 INFO  ExecutionManager:300 - startTime: 1627297245
2021-07-26 13:05:44 INFO  ExecutionManager:301 - stopTime: 1627297545
2021-07-26 13:05:44 INFO  ExecutionManager:308 - recTime: 61.101535832257724, avgLat: 391.00722591362165, predLat: 421.7708758206672, avgThr: 1701.211258746754
2021-07-26 13:05:44 INFO  ExecutionManager:313 - weight: 1.0022235884325204
2021-07-26 13:05:44 INFO  ExecutionManager:378 - No violation
2021-07-26 13:10:44 INFO  ExecutionManager:292 - uptime: 2401, chkInt: 67000
2021-07-26 13:10:44 INFO  ExecutionManager:300 - startTime: 1627297545
2021-07-26 13:10:44 INFO  ExecutionManager:301 - stopTime: 1627297845
2021-07-26 13:10:44 INFO  ExecutionManager:308 - recTime: 61.55450701495559, avgLat: 409.1729069767437, predLat: 422.72986946799375, avgThr: 1756.9141434062458
2021-07-26 13:10:44 INFO  ExecutionManager:313 - weight: 0.9977767551267093
2021-07-26 13:10:44 INFO  ExecutionManager:378 - No violation
2021-07-26 13:15:44 INFO  ExecutionManager:292 - uptime: 2701, chkInt: 67000
2021-07-26 13:15:44 INFO  ExecutionManager:300 - startTime: 1627297845
2021-07-26 13:15:44 INFO  ExecutionManager:301 - stopTime: 1627298145
2021-07-26 13:15:44 INFO  ExecutionManager:308 - recTime: 61.394261916942774, avgLat: 429.3303571428572, predLat: 422.39061161478054, avgThr: 1737.2084434570932
2021-07-26 13:15:44 INFO  ExecutionManager:313 - weight: 0.9777262110954617
2021-07-26 13:15:44 INFO  ExecutionManager:378 - No violation
2021-07-26 13:20:44 INFO  ExecutionManager:292 - uptime: 3002, chkInt: 67000
2021-07-26 13:20:44 INFO  ExecutionManager:300 - startTime: 1627298145
2021-07-26 13:20:44 INFO  ExecutionManager:301 - stopTime: 1627298445
2021-07-26 13:20:44 INFO  ExecutionManager:308 - recTime: 60.4398903247736, avgLat: 430.6833637873757, predLat: 420.3700939107003, avgThr: 1619.8472232481847
2021-07-26 13:20:44 INFO  ExecutionManager:313 - weight: 0.9716496998515742
2021-07-26 13:20:44 INFO  ExecutionManager:378 - No violation
2021-07-26 13:25:44 INFO  ExecutionManager:292 - uptime: 3302, chkInt: 67000
2021-07-26 13:25:44 INFO  ExecutionManager:300 - startTime: 1627298445
2021-07-26 13:25:44 INFO  ExecutionManager:301 - stopTime: 1627298745
2021-07-26 13:25:44 INFO  ExecutionManager:308 - recTime: 59.90261315487192, avgLat: 396.76145348837196, predLat: 419.232614502583, avgThr: 1553.7770418142075
2021-07-26 13:25:44 INFO  ExecutionManager:313 - weight: 0.9697910017975596
2021-07-26 13:25:44 INFO  ExecutionManager:378 - No violation
2021-07-26 13:30:45 INFO  ExecutionManager:292 - uptime: 3602, chkInt: 67000
2021-07-26 13:30:45 INFO  ExecutionManager:300 - startTime: 1627298746
2021-07-26 13:30:45 INFO  ExecutionManager:301 - stopTime: 1627299046
2021-07-26 13:30:45 INFO  ExecutionManager:308 - recTime: 59.409616670050895, avgLat: 424.8780066445183, predLat: 418.18888254974246, avgThr: 1493.1521557718715
2021-07-26 13:30:45 INFO  ExecutionManager:313 - weight: 0.9830581586923334
2021-07-26 13:30:45 INFO  ExecutionManager:378 - No violation
2021-07-26 13:35:45 INFO  ExecutionManager:292 - uptime: 3902, chkInt: 67000
2021-07-26 13:35:45 INFO  ExecutionManager:300 - startTime: 1627299046
2021-07-26 13:35:45 INFO  ExecutionManager:301 - stopTime: 1627299346
2021-07-26 13:35:45 INFO  ExecutionManager:308 - recTime: 59.22838563882966, avgLat: 440.5697425249164, predLat: 417.805194990184, avgThr: 1470.865768437668
2021-07-26 13:35:45 INFO  ExecutionManager:313 - weight: 1.0042957052444295
2021-07-26 13:35:45 INFO  ExecutionManager:378 - No violation
2021-07-26 13:40:45 INFO  ExecutionManager:292 - uptime: 4202, chkInt: 67000
2021-07-26 13:40:45 INFO  ExecutionManager:300 - startTime: 1627299346
2021-07-26 13:40:45 INFO  ExecutionManager:301 - stopTime: 1627299646
2021-07-26 13:40:45 INFO  ExecutionManager:308 - recTime: 58.70437545078683, avgLat: 446.36499999999853, predLat: 416.6958033541102, avgThr: 1406.427057588335
2021-07-26 13:40:45 INFO  ExecutionManager:313 - weight: 1.021507560218782
2021-07-26 13:40:45 INFO  ExecutionManager:378 - No violation
2021-07-26 13:45:45 INFO  ExecutionManager:292 - uptime: 4502, chkInt: 67000
2021-07-26 13:45:45 INFO  ExecutionManager:300 - startTime: 1627299646
2021-07-26 13:45:45 INFO  ExecutionManager:301 - stopTime: 1627299946
2021-07-26 13:45:45 INFO  ExecutionManager:308 - recTime: 57.80610969571964, avgLat: 514.6150249169411, predLat: 414.79406835280196, avgThr: 1295.9652982992195
2021-07-26 13:45:45 INFO  ExecutionManager:313 - weight: 1.058877919376059
2021-07-26 13:45:45 INFO  ExecutionManager:378 - No violation
2021-07-26 13:50:14 INFO  IOManager$DatabaseToQueue:70 - Stopping replay events from database to queue
2021-07-26 13:50:15 INFO  IOManager$QueueToKafka:121 - Starting replay events from queue to kafka topic iot-vehicles-events
2021-07-26 13:50:15 INFO  SequenceFSM:21 - STATE-CHANGE: REPLAY -> DELETE
2021-07-26 13:50:15 INFO  SequenceFSM:21 - STATE-CHANGE: DELETE -> MEASURE
2021-07-26 13:50:15 INFO  ExecutionManager:472 - Starting measure recovery times
Exception in thread "main" java.lang.IndexOutOfBoundsException: Index 0 out of bounds for length 0
	at java.base/jdk.internal.util.Preconditions.outOfBounds(Preconditions.java:64)
	at java.base/jdk.internal.util.Preconditions.outOfBoundsCheckIndex(Preconditions.java:70)
	at java.base/jdk.internal.util.Preconditions.checkIndex(Preconditions.java:248)
	at java.base/java.util.Objects.checkIndex(Objects.java:372)
	at java.base/java.util.ArrayList.get(ArrayList.java:459)
	at de.tu_berlin.dos.arm.khaos.clients.prometheus.PrometheusClient.queryRange(PrometheusClient.java:43)
	at de.tu_berlin.dos.arm.khaos.clients.prometheus.PrometheusClient.queryRange(PrometheusClient.java:57)
	at de.tu_berlin.dos.arm.khaos.clients.ClientsManager.getThroughput(ClientsManager.java:136)
	at de.tu_berlin.dos.arm.khaos.core.ExecutionManager$9.runStage(ExecutionManager.java:475)
	at de.tu_berlin.dos.arm.khaos.core.ExecutionManager$9.runStage(ExecutionManager.java:462)
	at de.tu_berlin.dos.arm.khaos.utils.SequenceFSM.run(SequenceFSM.java:20)
	at de.tu_berlin.dos.arm.khaos.core.ExecutionManager.start(ExecutionManager.java:514)
	at de.tu_berlin.dos.arm.khaos.Run.main(Run.java:10)
2021-07-26 13:50:45 INFO  ExecutionManager:292 - uptime: 4802, chkInt: 67000
2021-07-26 13:50:45 INFO  ExecutionManager:300 - startTime: 1627299946
2021-07-26 13:50:45 INFO  ExecutionManager:301 - stopTime: 1627300246
2021-07-26 13:50:45 INFO  ExecutionManager:308 - recTime: 56.94728003316522, avgLat: 486.12102159468367, predLat: 412.9758242304718, avgThr: 1190.3530839625573
2021-07-26 13:50:45 INFO  ExecutionManager:313 - weight: 1.0843085189493182
2021-07-26 13:50:45 INFO  ExecutionManager:378 - No violation
2021-07-26 13:55:45 INFO  ExecutionManager:292 - uptime: 5103, chkInt: 67000
2021-07-26 13:55:45 INFO  ExecutionManager:300 - startTime: 1627300246
2021-07-26 13:55:45 INFO  ExecutionManager:301 - stopTime: 1627300546
2021-07-26 13:55:45 INFO  ExecutionManager:308 - recTime: 47.3977663763794, avgLat: 426.75231727574766, predLat: 392.75837269774377, avgThr: 16.027921355077385
2021-07-26 13:55:45 INFO  ExecutionManager:313 - weight: 1.107667268909849
2021-07-26 13:55:45 INFO  ExecutionManager:378 - No violation
2021-07-26 14:00:45 INFO  ExecutionManager:292 - uptime: 5403, chkInt: 67000
2021-07-26 14:00:45 INFO  ExecutionManager:300 - startTime: 1627300546
2021-07-26 14:00:45 INFO  ExecutionManager:301 - stopTime: 1627300846
2021-07-26 14:00:45 INFO  ExecutionManager:308 - recTime: 47.26742866520378, avgLat: 365.772707641196, predLat: 392.48243232493667, avgThr: 0.0
2021-07-26 14:00:45 INFO  ExecutionManager:313 - weight: 1.093659142035272
2021-07-26 14:00:45 INFO  ExecutionManager:378 - No violation
2021-07-26 14:05:46 INFO  ExecutionManager:292 - uptime: 5703, chkInt: 67000
2021-07-26 14:05:46 INFO  ExecutionManager:300 - startTime: 1627300847
2021-07-26 14:05:46 INFO  ExecutionManager:301 - stopTime: 1627301147
2021-07-26 14:05:46 INFO  ExecutionManager:308 - recTime: 47.26742866520378, avgLat: 368.1158970099663, predLat: 392.48243232493667, avgThr: 0.0
2021-07-26 14:05:46 INFO  ExecutionManager:313 - weight: 1.0742309493291053
2021-07-26 14:05:46 INFO  ExecutionManager:378 - No violation
2021-07-26 14:10:46 INFO  ExecutionManager:292 - uptime: 6003, chkInt: 67000
2021-07-26 14:10:46 INFO  ExecutionManager:300 - startTime: 1627301147
2021-07-26 14:10:46 INFO  ExecutionManager:301 - stopTime: 1627301447
2021-07-26 14:10:46 INFO  ExecutionManager:308 - recTime: 47.26742866520378, avgLat: 365.52750830564815, predLat: 392.48243232493667, avgThr: 0.0
2021-07-26 14:10:46 INFO  ExecutionManager:313 - weight: 1.050917760567357
2021-07-26 14:10:46 INFO  ExecutionManager:378 - No violation
2021-07-26 14:15:46 INFO  ExecutionManager:292 - uptime: 6303, chkInt: 67000
2021-07-26 14:15:46 INFO  ExecutionManager:300 - startTime: 1627301447
2021-07-26 14:15:46 INFO  ExecutionManager:301 - stopTime: 1627301747
2021-07-26 14:15:46 INFO  ExecutionManager:308 - recTime: 47.26742866520378, avgLat: 372.6566196013305, predLat: 392.48243232493667, avgThr: 0.0
2021-07-26 14:15:46 INFO  ExecutionManager:313 - weight: 1.00239013929924
2021-07-26 14:15:46 INFO  ExecutionManager:378 - No violation
2021-07-26 14:20:46 INFO  ExecutionManager:292 - uptime: 6603, chkInt: 67000
2021-07-26 14:20:46 INFO  ExecutionManager:300 - startTime: 1627301747
2021-07-26 14:20:46 INFO  ExecutionManager:301 - stopTime: 1627302047
2021-07-26 14:20:46 INFO  ExecutionManager:308 - recTime: 47.26742866520378, avgLat: 361.2767691029893, predLat: 392.48243232493667, avgThr: 0.0
2021-07-26 14:20:46 INFO  ExecutionManager:313 - weight: 0.9596191698914472
2021-07-26 14:20:46 INFO  ExecutionManager:378 - No violation
2021-07-26 14:25:46 INFO  ExecutionManager:292 - uptime: 6904, chkInt: 67000
2021-07-26 14:25:46 INFO  ExecutionManager:300 - startTime: 1627302047
2021-07-26 14:25:46 INFO  ExecutionManager:301 - stopTime: 1627302347
2021-07-26 14:25:46 INFO  ExecutionManager:308 - recTime: 47.26742866520378, avgLat: 376.5307392026577, predLat: 392.48243232493667, avgThr: 0.0
2021-07-26 14:25:46 INFO  ExecutionManager:313 - weight: 0.9384200237843281
2021-07-26 14:25:46 INFO  ExecutionManager:378 - No violation
2021-07-26 14:30:46 INFO  ExecutionManager:292 - uptime: 7204, chkInt: 67000
2021-07-26 14:30:46 INFO  ExecutionManager:300 - startTime: 1627302347
2021-07-26 14:30:46 INFO  ExecutionManager:301 - stopTime: 1627302647
2021-07-26 14:30:46 INFO  ExecutionManager:308 - recTime: 47.26742866520378, avgLat: 361.8886627906981, predLat: 392.48243232493667, avgThr: 0.0
2021-07-26 14:30:46 INFO  ExecutionManager:313 - weight: 0.9367706740170488
2021-07-26 14:30:46 INFO  ExecutionManager:378 - No violation
2021-07-26 14:35:47 INFO  ExecutionManager:292 - uptime: 7504, chkInt: 67000
2021-07-26 14:35:47 INFO  ExecutionManager:300 - startTime: 1627302648
2021-07-26 14:35:47 INFO  ExecutionManager:301 - stopTime: 1627302948
2021-07-26 14:35:47 INFO  ExecutionManager:308 - recTime: 47.26742866520378, avgLat: 368.41038205979964, predLat: 392.48243232493667, avgThr: 0.0
2021-07-26 14:35:47 INFO  ExecutionManager:313 - weight: 0.936895726344482
2021-07-26 14:35:47 INFO  ExecutionManager:378 - No violation
2021-07-26 14:40:47 INFO  ExecutionManager:292 - uptime: 7804, chkInt: 67000
2021-07-26 14:40:47 INFO  ExecutionManager:300 - startTime: 1627302948
2021-07-26 14:40:47 INFO  ExecutionManager:301 - stopTime: 1627303248
2021-07-26 14:40:47 INFO  ExecutionManager:308 - recTime: 47.26742866520378, avgLat: 370.4266528239191, predLat: 392.48243232493667, avgThr: 0.0
2021-07-26 14:40:47 INFO  ExecutionManager:313 - weight: 0.9389761356039276
2021-07-26 14:40:47 INFO  ExecutionManager:378 - No violation
2021-07-26 14:45:47 INFO  ExecutionManager:292 - uptime: 8104, chkInt: 67000
2021-07-26 14:45:47 INFO  ExecutionManager:300 - startTime: 1627303248
2021-07-26 14:45:47 INFO  ExecutionManager:301 - stopTime: 1627303548
2021-07-26 14:45:47 INFO  ExecutionManager:308 - recTime: 47.26742866520378, avgLat: 386.9333887043175, predLat: 392.48243232493667, avgThr: 0.0
2021-07-26 14:45:47 INFO  ExecutionManager:313 - weight: 0.9450387292926931
2021-07-26 14:45:47 INFO  ExecutionManager:378 - No violation
