2021-07-12 13:33:55 INFO  ExecutionManager:637 - START
SLF4J: Failed to load class "org.slf4j.impl.StaticLoggerBinder".
SLF4J: Defaulting to no-operation (NOP) logger implementation
SLF4J: See http://www.slf4j.org/codes.html#StaticLoggerBinder for further details.
2021-07-12 13:33:55 INFO  SequenceFSM:21 - STATE-CHANGE: START -> RECORD
2021-07-12 13:33:55 INFO  IOManager:426 - Starting extract failure scenario
2021-07-12 13:33:55 INFO  IOManager:412 - Starting get workload
2021-07-12 13:33:55 INFO  IOManager:419 - Finished get workload
2021-07-12 13:33:55 INFO  IOManager:430 - 86386
2021-07-12 13:33:56 INFO  IOManager:461 - [(2211,1621338829000,208)]
2021-07-12 13:33:56 INFO  IOManager:462 - [(65869,1621402487000,27860)]
2021-07-12 13:33:56 INFO  IOManager:476 - {208=[(2211,1621338829000,208)], 2722=[], 5236=[], 7750=[], 10264=[], 12778=[], 15292=[], 17806=[], 20320=[], 22834=[], 25348=[], 27860=[(65869,1621402487000,27860)]}
2021-07-12 13:33:57 INFO  IOManager:512 - [(3369,1621339987000,275), (81502,1621418120000,2610), (50840,1621387458000,5308), (32739,1621369357000,7529), (31544,1621368162000,9672), (24774,1621361392000,13377), (30021,1621366639000,14511), (29420,1621366038000,17150), (28714,1621365332000,19887), (64228,1621400846000,23334), (65149,1621401767000,25988), (65929,1621402547000,27820)]
2021-07-12 13:33:57 INFO  IOManager:512 - [(3482,1621340100000,277), (20544,1621357162000,2827), (22499,1621359117000,5629), (54742,1621391360000,7832), (57223,1621393841000,10629), (30597,1621367215000,12447), (59484,1621396102000,15836), (26863,1621363481000,18291), (27710,1621364328000,20519), (71931,1621408549000,22521), (68723,1621405341000,25284), (66101,1621402719000,27545)]
2021-07-12 13:33:57 INFO  IOManager:512 - [(13639,1621350257000,423), (20553,1621357171000,2864), (50682,1621387300000,5138), (56116,1621392734000,8004), (31554,1621368172000,9643), (24763,1621361381000,13337), (59254,1621395872000,15191), (73889,1621410507000,17480), (28667,1621365285000,20034), (64260,1621400878000,23441), (68839,1621405457000,25191), (66010,1621402628000,27708)]
2021-07-12 13:33:57 INFO  IOManager:512 - [(11865,1621348483000,319), (20702,1621357320000,3110), (50373,1621386991000,5183), (56024,1621392642000,7898), (57081,1621393699000,10340), (24691,1621361309000,13160), (59460,1621396078000,15741), (26799,1621363417000,18158), (73174,1621409792000,19609), (71893,1621408511000,22657), (68927,1621405545000,24959), (66084,1621402702000,27618)]
2021-07-12 13:33:57 INFO  IOManager:512 - [(11418,1621348036000,408), (20746,1621357364000,3160), (38460,1621375078000,5080), (55671,1621392289000,7730), (57112,1621393730000,10424), (58330,1621394948000,13321), (74884,1621411502000,14613), (73984,1621410602000,17186), (73124,1621409742000,19810), (71918,1621408536000,22540), (68849,1621405467000,25193), (65981,1621402599000,27743)]
2021-07-12 13:33:57 INFO  IOManager:512 - [(11797,1621348415000,334), (81612,1621418230000,2591), (50533,1621387151000,5168), (56041,1621392659000,7899), (31529,1621368147000,9729), (58287,1621394905000,13158), (59339,1621395957000,15400), (73914,1621410532000,17445), (73129,1621409747000,19733), (71965,1621408583000,22399), (68855,1621405473000,25166), (66069,1621402687000,27624)]
2021-07-12 13:33:57 INFO  IOManager:512 - [(11528,1621348146000,395), (20340,1621356958000,2653), (50395,1621387013000,5186), (55757,1621392375000,7699), (31526,1621368144000,9747), (75478,1621412096000,12436), (59313,1621395931000,15337), (26685,1621363303000,17875), (73052,1621409670000,20112), (71934,1621408552000,22517), (65138,1621401756000,25965), (66063,1621402681000,27635)]
2021-07-12 13:33:57 INFO  IOManager:512 - [(3754,1621340372000,296), (20662,1621357280000,3051), (42623,1621379241000,5464), (32729,1621369347000,7540), (31559,1621368177000,9648), (75506,1621412124000,12258), (59265,1621395883000,15194), (26795,1621363413000,18120), (61902,1621398520000,20645), (71879,1621408497000,22683), (68967,1621405585000,24830), (66179,1621402797000,27442)]
2021-07-12 13:33:57 INFO  IOManager:512 - [(2201,1621338819000,240), (20675,1621357293000,3049), (50848,1621387466000,5319), (56027,1621392645000,7881), (57122,1621393740000,10448), (75543,1621412161000,12122), (25797,1621362415000,15476), (26822,1621363440000,18216), (61971,1621398589000,20836), (71941,1621408559000,22478), (68860,1621405478000,25135), (65873,1621402491000,27838)]
2021-07-12 13:33:57 INFO  IOManager:512 - [(11879,1621348497000,339), (81590,1621418208000,2558), (50435,1621387053000,5195), (23512,1621360130000,8135), (31424,1621368042000,10014), (58347,1621394965000,13367), (74887,1621411505000,14583), (73931,1621410549000,17407), (27832,1621364450000,20783), (64157,1621400775000,23129), (68674,1621405292000,25415), (66012,1621402630000,27711)]
2021-07-12 13:33:57 INFO  IOManager:512 - [(12751,1621349369000,276), (81398,1621418016000,2720), (38631,1621375249000,4986), (56018,1621392636000,7903), (24101,1621360719000,10855), (24679,1621361297000,13114), (74872,1621411490000,14688), (26867,1621363485000,18277), (28772,1621365390000,19674), (71923,1621408541000,22556), (68948,1621405566000,24931), (65965,1621402583000,27739)]
2021-07-12 13:33:57 INFO  IOManager:512 - [(11402,1621348020000,393), (81462,1621418080000,2670), (22421,1621359039000,5435), (23522,1621360140000,8178), (24157,1621360775000,11156), (24680,1621361298000,13118), (74797,1621411415000,14954), (29396,1621366014000,17224), (28714,1621365332000,19887), (71953,1621408571000,22470), (65098,1621401716000,25815), (65952,1621402570000,27797)]
2021-07-12 13:33:57 INFO  IOManager:512 - [(13135,1621349753000,338), (81590,1621418208000,2558), (50469,1621387087000,5205), (56107,1621392725000,7992), (31543,1621368161000,9710), (30612,1621367230000,12385), (25863,1621362481000,15732), (26869,1621363487000,18279), (73103,1621409721000,19888), (71864,1621408482000,22746), (68921,1621405539000,24966), (65927,1621402545000,27798)]
2021-07-12 13:33:57 INFO  IOManager:512 - [(11775,1621348393000,346), (20530,1621357148000,2810), (77142,1621413760000,4345), (54937,1621391555000,8114), (76213,1621412831000,9420), (24742,1621361360000,13280), (74779,1621411397000,14979), (26849,1621363467000,18274), (27770,1621364388000,20644), (71979,1621408597000,22374), (65040,1621401658000,25619), (65896,1621402514000,27853)]
2021-07-12 13:33:57 INFO  IOManager:512 - [(3878,1621340496000,315), (20481,1621357099000,2776), (50967,1621387585000,5467), (55681,1621392299000,7710), (76173,1621412791000,9598), (58301,1621394919000,13184), (25874,1621362492000,15761), (29432,1621366050000,17091), (27762,1621364380000,20634), (71917,1621408535000,22535), (68769,1621405387000,25199), (65941,1621402559000,27778)]
2021-07-12 13:33:57 INFO  IOManager:512 - [(12164,1621348782000,300), (20494,1621357112000,2804), (50897,1621387515000,5346), (54777,1621391395000,7843), (24117,1621360735000,10951), (58344,1621394962000,13343), (74798,1621411416000,14971), (60104,1621396722000,18463), (27821,1621364439000,20777), (71906,1621408524000,22575), (65128,1621401746000,25932), (66043,1621402661000,27641)]
2021-07-12 13:33:57 INFO  IOManager:512 - [(12868,1621349486000,278), (81602,1621418220000,2583), (42497,1621379115000,5254), (55667,1621392285000,7724), (57281,1621393899000,10745), (58387,1621395005000,13499), (59388,1621396006000,15544), (29440,1621366058000,17032), (61868,1621398486000,20501), (64141,1621400759000,23112), (65079,1621401697000,25774), (66120,1621402738000,27548)]
2021-07-12 13:33:57 INFO  IOManager:512 - [(12040,1621348658000,336), (81724,1621418342000,2485), (50855,1621387473000,5308), (55669,1621392287000,7745), (24148,1621360766000,11101), (30688,1621367306000,12154), (74876,1621411494000,14650), (73867,1621410485000,17494), (27781,1621364399000,20715), (71975,1621408593000,22386), (68851,1621405469000,25161), (65904,1621402522000,27819)]
2021-07-12 13:33:57 INFO  IOManager:512 - [(12318,1621348936000,286), (20514,1621357132000,2818), (50621,1621387239000,5120), (56012,1621392630000,7881), (76168,1621412786000,9615), (58391,1621395009000,13521), (59366,1621395984000,15523), (26710,1621363328000,17932), (27858,1621364476000,20746), (64269,1621400887000,23465), (65066,1621401684000,25717), (66013,1621402631000,27700)]
2021-07-12 13:33:57 INFO  IOManager:512 - [(13251,1621349869000,361), (20717,1621357335000,3115), (42703,1621379321000,5543), (76675,1621413293000,6935), (31483,1621368101000,9858), (30656,1621367274000,12250), (25859,1621362477000,15727), (73961,1621410579000,17282), (28674,1621365292000,20078), (64246,1621400864000,23364), (65076,1621401694000,25778), (65961,1621402579000,27798)]
2021-07-12 13:33:57 INFO  IOManager:512 - [(2257,1621338875000,233), (20603,1621357221000,2883), (22520,1621359138000,5691), (55648,1621392266000,7766), (57189,1621393807000,10585), (75566,1621412184000,11995), (29986,1621366604000,14652), (60092,1621396710000,18406), (27843,1621364461000,20756), (72046,1621408664000,22292), (68903,1621405521000,25026), (65922,1621402540000,27804)]
2021-07-12 13:33:57 INFO  IOManager:512 - [(12604,1621349222000,279), (20617,1621357235000,2910), (50985,1621387603000,5481), (55714,1621392332000,7716), (76138,1621412756000,9750), (24699,1621361317000,13169), (74829,1621411447000,14870), (26857,1621363475000,18291), (27738,1621364356000,20557), (64179,1621400797000,23227), (65078,1621401696000,25786), (65957,1621402575000,27774)]
2021-07-12 13:33:57 INFO  IOManager:512 - [(13711,1621350329000,464), (20504,1621357122000,2786), (33963,1621370581000,4755), (56104,1621392722000,7974), (57113,1621393731000,10419), (30680,1621367298000,12187), (59237,1621395855000,15157), (26816,1621363434000,18212), (73074,1621409692000,19981), (71946,1621408564000,22483), (65159,1621401777000,26052), (65892,1621402510000,27859)]
2021-07-12 13:33:57 INFO  IOManager:512 - [(2913,1621339531000,229), (81502,1621418120000,2610), (38465,1621375083000,5098), (55871,1621392489000,7768), (31463,1621368081000,9932), (24712,1621361330000,13209), (25903,1621362521000,15805), (29386,1621366004000,17269), (27736,1621364354000,20562), (64237,1621400855000,23344), (68705,1621405323000,25320), (66103,1621402721000,27595)]
2021-07-12 13:33:57 INFO  IOManager:512 - [(3790,1621340408000,318), (20583,1621357201000,2877), (50717,1621387335000,5202), (54884,1621391502000,8084), (76144,1621412762000,9728), (24790,1621361408000,13398), (59316,1621395934000,15341), (29421,1621366039000,17119), (27872,1621364490000,20772), (72029,1621408647000,22276), (65107,1621401725000,25861), (66094,1621402712000,27607)]
2021-07-12 13:33:57 INFO  IOManager:512 - [(13174,1621349792000,340), (20629,1621357247000,2925), (38650,1621375268000,4953), (32770,1621369388000,7515), (57279,1621393897000,10699), (75580,1621412198000,11922), (74755,1621411373000,15090), (29403,1621366021000,17183), (27815,1621364433000,20753), (71868,1621408486000,22728), (68725,1621405343000,25298), (66014,1621402632000,27726)]
2021-07-12 13:33:57 INFO  IOManager:512 - [(12436,1621349054000,291), (20646,1621357264000,2900), (33898,1621370516000,4928), (54881,1621391499000,8080), (76118,1621412736000,9858), (30656,1621367274000,12250), (59299,1621395917000,15273), (73890,1621410508000,17457), (73089,1621409707000,19918), (71963,1621408581000,22419), (65129,1621401747000,25938), (66016,1621402634000,27691)]
2021-07-12 13:33:57 INFO  IOManager:512 - [(4125,1621340743000,391), (81537,1621418155000,2600), (42604,1621379222000,5408), (54933,1621391551000,8116), (24103,1621360721000,10882), (30682,1621367300000,12172), (74766,1621411384000,15035), (26679,1621363297000,17848), (73084,1621409702000,19965), (71988,1621408606000,22320), (68756,1621405374000,25248), (65970,1621402588000,27736)]
2021-07-12 13:33:57 INFO  IOManager:512 - [(3764,1621340382000,290), (81387,1621418005000,2725), (38691,1621375309000,4919), (76644,1621413262000,7129), (57223,1621393841000,10629), (24769,1621361387000,13372), (25887,1621362505000,15800), (26842,1621363460000,18263), (27708,1621364326000,20486), (72032,1621408650000,22298), (68665,1621405283000,25377), (66150,1621402768000,27509)]
2021-07-12 13:33:57 INFO  IOManager:512 - [(12727,1621349345000,258), (81436,1621418054000,2672), (33940,1621370558000,4803), (55693,1621392311000,7709), (76190,1621412808000,9546), (75512,1621412130000,12243), (25833,1621362451000,15615), (26803,1621363421000,18158), (27752,1621364370000,20584), (71925,1621408543000,22521), (68918,1621405536000,25003), (66069,1621402687000,27624)]
2021-07-12 13:33:57 INFO  IOManager:512 - [(4156,1621340774000,372), (20599,1621357217000,2890), (42697,1621379315000,5540), (23535,1621360153000,8218), (76115,1621412733000,9901), (30611,1621367229000,12403), (29971,1621366589000,14709), (26687,1621363305000,17891), (28756,1621365374000,19727), (71945,1621408563000,22486), (68871,1621405489000,25122), (65944,1621402562000,27772)]
2021-07-12 13:33:57 INFO  IOManager:512 - [(11628,1621348246000,372), (81742,1621418360000,2481), (50597,1621387215000,5138), (56068,1621392686000,7942), (31503,1621368121000,9771), (58327,1621394945000,13314), (59326,1621395944000,15363), (73928,1621410546000,17411), (61986,1621398604000,20946), (64230,1621400848000,23335), (68947,1621405565000,24945), (66137,1621402755000,27545)]
2021-07-12 13:33:57 INFO  IOManager:512 - [(12893,1621349511000,255), (81534,1621418152000,2621), (77122,1621413740000,4444), (32786,1621369404000,7489), (24171,1621360789000,11187), (75577,1621412195000,11940), (59361,1621395979000,15482), (73893,1621410511000,17486), (28620,1621365238000,20231), (72028,1621408646000,22281), (68685,1621405303000,25346), (66191,1621402809000,27430)]
2021-07-12 13:33:57 INFO  IOManager:512 - [(11421,1621348039000,391), (81639,1621418257000,2567), (50413,1621387031000,5199), (56104,1621392722000,7974), (76159,1621412777000,9647), (75490,1621412108000,12387), (59334,1621395952000,15409), (26805,1621363423000,18186), (73132,1621409750000,19720), (72004,1621408622000,22303), (68834,1621405452000,25202), (65944,1621402562000,27772)]
2021-07-12 13:33:57 INFO  IOManager:512 - [(11534,1621348152000,386), (81492,1621418110000,2647), (50783,1621387401000,5230), (76666,1621413284000,7018), (57190,1621393808000,10581), (58309,1621394927000,13215), (29965,1621366583000,14752), (29444,1621366062000,17031), (28629,1621365247000,20204), (64184,1621400802000,23202), (68868,1621405486000,25104), (66170,1621402788000,27499)]
2021-07-12 13:33:57 INFO  IOManager:512 - [(12038,1621348656000,340), (81482,1621418100000,2676), (50413,1621387031000,5199), (55987,1621392605000,7854), (57128,1621393746000,10487), (58303,1621394921000,13189), (59327,1621395945000,15383), (60119,1621396737000,18509), (61923,1621398541000,20703), (64136,1621400754000,23121), (68985,1621405603000,24848), (66146,1621402764000,27556)]
2021-07-12 13:33:57 INFO  IOManager:512 - [(2298,1621338916000,254), (81425,1621418043000,2660), (50900,1621387518000,5351), (54931,1621391549000,8112), (31499,1621368117000,9845), (24741,1621361359000,13291), (59281,1621395899000,15252), (29418,1621366036000,17154), (27812,1621364430000,20734), (72023,1621408641000,22316), (68955,1621405573000,24903), (66022,1621402640000,27674)]
2021-07-12 13:33:57 INFO  IOManager:512 - [(13707,1621350325000,465), (81718,1621418336000,2491), (50332,1621386950000,5226), (55742,1621392360000,7705), (57185,1621393803000,10577), (30666,1621367284000,12221), (25848,1621362466000,15683), (73884,1621410502000,17471), (73127,1621409745000,19762), (71879,1621408497000,22683), (68968,1621405586000,24859), (66161,1621402779000,27496)]
2021-07-12 13:33:57 INFO  IOManager:512 - [(11720,1621348338000,363), (20448,1621357066000,2737), (50853,1621387471000,5318), (55691,1621392309000,7753), (57205,1621393823000,10604), (58310,1621394928000,13227), (59496,1621396114000,15889), (29384,1621366002000,17259), (28676,1621365294000,20041), (71935,1621408553000,22525), (68755,1621405373000,25251), (66029,1621402647000,27645)]
2021-07-12 13:33:57 INFO  IOManager:512 - [(3065,1621339683000,234), (20506,1621357124000,2804), (50982,1621387600000,5467), (76651,1621413269000,7094), (31488,1621368106000,9863), (58383,1621395001000,13460), (59308,1621395926000,15315), (26762,1621363380000,18076), (73083,1621409701000,19973), (71944,1621408562000,22465), (68744,1621405362000,25250), (66039,1621402657000,27672)]
2021-07-12 13:33:57 INFO  IOManager:512 - [(13585,1621350203000,444), (20330,1621356948000,2648), (50941,1621387559000,5410), (55685,1621392303000,7738), (31486,1621368104000,9843), (58312,1621394930000,13237), (59503,1621396121000,15900), (60066,1621396684000,18263), (27830,1621364448000,20749), (71945,1621408563000,22486), (68742,1621405360000,25277), (65992,1621402610000,27701)]
2021-07-12 13:33:57 INFO  IOManager:512 - [(3902,1621340520000,329), (81780,1621418398000,2394), (22417,1621359035000,5438), (23570,1621360188000,8364), (57284,1621393902000,10731), (58361,1621394979000,13402), (30048,1621366666000,14416), (60102,1621396720000,18437), (27772,1621364390000,20655), (64236,1621400854000,23380), (68941,1621405559000,24946), (66005,1621402623000,27721)]
2021-07-12 13:33:57 INFO  IOManager:512 - [(3779,1621340397000,314), (20527,1621357145000,2832), (50777,1621387395000,5233), (55925,1621392543000,7802), (57170,1621393788000,10569), (30658,1621367276000,12265), (29985,1621366603000,14631), (73977,1621410595000,17206), (27790,1621364408000,20691), (72038,1621408656000,22260), (65086,1621401704000,25817), (66136,1621402754000,27560)]
2021-07-12 13:33:57 INFO  IOManager:512 - [(11757,1621348375000,359), (81668,1621418286000,2565), (50351,1621386969000,5178), (55703,1621392321000,7729), (31558,1621368176000,9612), (75511,1621412129000,12271), (74749,1621411367000,15095), (26701,1621363319000,17908), (61954,1621398572000,20836), (64158,1621400776000,23141), (68926,1621405544000,24974), (66180,1621402798000,27421)]
2021-07-12 13:33:57 INFO  IOManager:512 - [(4088,1621340706000,359), (20448,1621357066000,2737), (42658,1621379276000,5488), (55686,1621392304000,7745), (57170,1621393788000,10569), (30621,1621367239000,12401), (59430,1621396048000,15662), (73913,1621410531000,17434), (27822,1621364440000,20788), (64200,1621400818000,23255), (68737,1621405355000,25273), (66022,1621402640000,27674)]
2021-07-12 13:33:57 INFO  IOManager:512 - [(1836,1621338454000,272), (81798,1621418416000,2393), (38631,1621375249000,4986), (23579,1621360197000,8391), (24139,1621360757000,11044), (30681,1621367299000,12157), (59436,1621396054000,15697), (26790,1621363408000,18104), (61920,1621398538000,20717), (71917,1621408535000,22535), (68885,1621405503000,25046), (66023,1621402641000,27675)]
2021-07-12 13:33:57 INFO  IOManager:512 - [(11508,1621348126000,388), (20719,1621357337000,3119), (51119,1621387737000,5572), (32792,1621369410000,7480), (76124,1621412742000,9836), (75510,1621412128000,12252), (59241,1621395859000,15161), (73963,1621410581000,17248), (73134,1621409752000,19730), (64273,1621400891000,23490), (68948,1621405566000,24931), (66160,1621402778000,27493)]
2021-07-12 13:33:57 INFO  IOManager:512 - [(4164,1621340782000,390), (20675,1621357293000,3049), (42718,1621379336000,5587), (32700,1621369318000,7598), (24095,1621360713000,10844), (30597,1621367215000,12447), (25814,1621362432000,15607), (26759,1621363377000,18078), (27813,1621364431000,20728), (64177,1621400795000,23266), (68876,1621405494000,25095), (66052,1621402670000,27656)]
2021-07-12 13:33:57 INFO  IOManager:512 - [(3631,1621340249000,275), (81743,1621418361000,2491), (50367,1621386985000,5169), (56086,1621392704000,7971), (24115,1621360733000,10938), (30649,1621367267000,12297), (74837,1621411455000,14845), (26877,1621363495000,18317), (27727,1621364345000,20543), (72013,1621408631000,22338), (68873,1621405491000,25103), (65951,1621402569000,27769)]
2021-07-12 13:33:57 INFO  IOManager:512 - [(3426,1621340044000,275), (81558,1621418176000,2568), (50476,1621387094000,5172), (32811,1621369429000,7464), (57223,1621393841000,10629), (24686,1621361304000,13116), (74878,1621411496000,14626), (29449,1621366067000,17025), (73060,1621409678000,20068), (71867,1621408485000,22751), (68913,1621405531000,24971), (66186,1621402804000,27417)]
2021-07-12 13:33:57 INFO  IOManager:512 - [(4338,1621340956000,440), (20348,1621356966000,2647), (50878,1621387496000,5323), (56163,1621392781000,8120), (31513,1621368131000,9783), (75538,1621412156000,12141), (59348,1621395966000,15433), (26795,1621363413000,18120), (27843,1621364461000,20756), (64203,1621400821000,23294), (65161,1621401779000,26052), (66056,1621402674000,27622)]
2021-07-12 13:33:57 INFO  IOManager:512 - [(3932,1621340550000,313), (81682,1621418300000,2506), (42528,1621379146000,5307), (32771,1621369389000,7511), (57163,1621393781000,10561), (24777,1621361395000,13404), (59237,1621395855000,15157), (29469,1621366087000,16930), (73103,1621409721000,19888), (64214,1621400832000,23321), (68797,1621405415000,25206), (66103,1621402721000,27595)]
2021-07-12 13:33:57 INFO  IOManager:545 - Finished extract failiure scenario
2021-07-12 13:33:57 INFO  IOManager:557 - Starting get scenario
2021-07-12 13:33:57 INFO  IOManager:564 - Finished get scenario
2021-07-12 13:33:57 INFO  ExecutionManager:120 - 3932 1621340550000 313
2021-07-12 13:33:57 INFO  ExecutionManager:120 - 24777 1621361395000 13404
2021-07-12 13:33:57 INFO  ExecutionManager:120 - 29469 1621366087000 16930
2021-07-12 13:33:57 INFO  ExecutionManager:120 - 32771 1621369389000 7511
2021-07-12 13:33:57 INFO  ExecutionManager:120 - 42528 1621379146000 5307
2021-07-12 13:33:57 INFO  ExecutionManager:120 - 57163 1621393781000 10561
2021-07-12 13:33:57 INFO  ExecutionManager:120 - 59237 1621395855000 15157
2021-07-12 13:33:57 INFO  ExecutionManager:120 - 64214 1621400832000 23321
2021-07-12 13:33:57 INFO  ExecutionManager:120 - 66103 1621402721000 27595
2021-07-12 13:33:57 INFO  ExecutionManager:120 - 68797 1621405415000 25206
2021-07-12 13:33:57 INFO  ExecutionManager:120 - 73103 1621409721000 19888
2021-07-12 13:33:57 INFO  ExecutionManager:120 - 81682 1621418300000 2506
2021-07-12 13:33:57 INFO  SequenceFSM:21 - STATE-CHANGE: RECORD -> DEPLOY
2021-07-12 13:33:57 INFO  SequenceFSM:21 - STATE-CHANGE: DEPLOY -> REGISTER
2021-07-12 13:33:57 INFO  IOManager:557 - Starting get scenario
2021-07-12 13:33:57 INFO  IOManager:564 - Finished get scenario
2021-07-12 13:33:57 INFO  SequenceFSM:21 - STATE-CHANGE: REGISTER -> MODEL
2021-07-12 13:33:57 INFO  ExecutionManager:215 - 10000.0
2021-07-12 13:33:57 INFO  ExecutionManager:215 - 25714.0
2021-07-12 13:33:57 INFO  ExecutionManager:215 - 41428.0
2021-07-12 13:33:57 INFO  ExecutionManager:215 - 57142.0
2021-07-12 13:33:57 INFO  ExecutionManager:215 - 72856.0
2021-07-12 13:33:57 INFO  ExecutionManager:215 - 88570.0
2021-07-12 13:33:57 INFO  ExecutionManager:215 - 104284.0
2021-07-12 13:33:57 INFO  ExecutionManager:215 - 119998.0
[245.249533, 10000.0, 591.820714]
[3104.505435, 10000.0, 391.192342]
[5889.01216, 10000.0, 474.744543]
[8852.973324, 10000.0, 627.25559]
[11476.97217, 10000.0, 409.228937]
[14280.679727, 10000.0, 902.63289]
[17348.47294, 10000.0, 764.24637]
[20049.365823, 10000.0, 607.053131]
[23071.828317, 10000.0, 1002.406919]
[25963.343697, 10000.0, 1098.534419]
[245.070413, 25714.0, 428.571611]
[3102.819584, 25714.0, 539.511968]
[5901.883686, 25714.0, 626.688704]
[8921.749372, 25714.0, 599.600316]
[11522.191068, 25714.0, 676.515158]
[14375.883367, 25714.0, 636.780282]
[17561.797268, 25714.0, 756.334842]
[20083.37427, 25714.0, 928.539502]
[23139.995316, 25714.0, 715.508522]
[25910.191475, 25714.0, 1242.620623]
[244.827096, 41428.0, 421.828048]
[3101.843353, 41428.0, 453.545449]
[5896.068693, 41428.0, 534.67186]
[8904.503554, 41428.0, 519.772342]
[11457.245299, 41428.0, 598.404493]
[14421.031413, 41428.0, 721.342425]
[17447.553785, 41428.0, 526.207683]
[20086.731021, 41428.0, 834.555839]
[23083.822606, 41428.0, 910.614593]
[25800.560923, 41428.0, 946.971321]
[243.359596, 57142.0, 466.487766]
[3090.04641, 57142.0, 456.272517]
[5901.111906, 57142.0, 687.805831]
[8924.852664, 57142.0, 616.594369]
[11549.172576, 57142.0, 524.078306]
[14442.11226, 57142.0, 654.657733]
[17565.852177, 57142.0, 813.909228]
[20150.754703, 57142.0, 583.718065]
[23143.84697, 57142.0, 1039.746279]
[25855.143291, 57142.0, 970.108671]
[243.775195, 72856.0, 412.866836]
[3102.770991, 72856.0, 530.19593]
[5878.384469, 72856.0, 464.630739]
[8880.342246, 72856.0, 435.201105]
[11468.56635, 72856.0, 473.20985]
[14345.574795, 72856.0, 535.19088]
[17588.036458, 72856.0, 689.72711]
[20111.117546, 72856.0, 593.190631]
[23256.721437, 72856.0, 645.487409]
[25860.415056, 72856.0, 708.160341]
[243.647829, 88570.0, 375.109809]
[3104.68627, 88570.0, 546.440748]
[5912.429337, 88570.0, 500.824003]
[8948.53963, 88570.0, 536.771346]
[11489.415044, 88570.0, 529.913497]
[14295.616756, 88570.0, 639.528688]
[17551.471829, 88570.0, 793.653455]
[20064.839098, 88570.0, 456.616944]
[23230.560188, 88570.0, 637.669718]
[25833.71357, 88570.0, 746.069203]
[243.248568, 104284.0, 366.712575]
[3110.457771, 104284.0, 478.376246]
[5931.488391, 104284.0, 501.057874]
[8885.495102, 104284.0, 474.981678]
[11527.26821, 104284.0, 443.885515]
[14400.465698, 104284.0, 576.558837]
[17593.378499, 104284.0, 655.522865]
[20035.026031, 104284.0, 648.843297]
[23159.109377, 104284.0, 857.624635]
[25916.765197, 104284.0, 822.25059]
[242.089426, 119998.0, 365.576312]
[3106.605466, 119998.0, 475.271096]
[5907.547032, 119998.0, 347.763804]
[8901.912223, 119998.0, 455.201578]
[11518.079451, 119998.0, 449.262176]
[14350.423178, 119998.0, 415.250988]
[17623.1804, 119998.0, 562.517558]
[19992.272643, 119998.0, 661.33044]
[23157.520251, 119998.0, 718.712608]
[25875.978475, 119998.0, 823.728015]
[245.249533, 10000.0, 77.0]
[3104.505435, 10000.0, 71.0]
[5889.01216, 10000.0, 82.0]
[8852.973324, 10000.0, 87.0]
[11476.97217, 10000.0, 116.0]
[14280.679727, 10000.0, 112.0]
[17348.47294, 10000.0, 127.0]
[20049.365823, 10000.0, 150.0]
[23071.828317, 10000.0, 146.0]
[25963.343697, 10000.0, 236.0]
[245.070413, 25714.0, 75.0]
[3102.819584, 25714.0, 69.0]
[5901.883686, 25714.0, 95.0]
[8921.749372, 25714.0, 79.0]
[11522.191068, 25714.0, 105.0]
[14375.883367, 25714.0, 111.0]
[17561.797268, 25714.0, 111.0]
[20083.37427, 25714.0, 185.0]
[23139.995316, 25714.0, 179.0]
[25910.191475, 25714.0, 238.0]
[244.827096, 41428.0, 72.0]
[3101.843353, 41428.0, 71.0]
[5896.068693, 41428.0, 83.0]
[8904.503554, 41428.0, 119.0]
[11457.245299, 41428.0, 112.0]
[14421.031413, 41428.0, 111.0]
[17447.553785, 41428.0, 145.0]
[20086.731021, 41428.0, 171.0]
[23083.822606, 41428.0, 203.0]
[25800.560923, 41428.0, 192.0]
[243.359596, 57142.0, 71.0]
[3090.04641, 57142.0, 84.0]
[5901.111906, 57142.0, 82.0]
[8924.852664, 57142.0, 111.0]
[11549.172576, 57142.0, 173.0]
[14442.11226, 57142.0, 141.0]
[17565.852177, 57142.0, 167.0]
[20150.754703, 57142.0, 239.0]
[23143.84697, 57142.0, 205.0]
[25855.143291, 57142.0, 389.0]
[3102.770991, 72856.0, 90.0]
[5878.384469, 72856.0, 73.0]
[8880.342246, 72856.0, 94.0]
[11468.56635, 72856.0, 100.0]
[14345.574795, 72856.0, 134.0]
[17588.036458, 72856.0, 145.0]
[20111.117546, 72856.0, 226.0]
[23256.721437, 72856.0, 226.0]
[25860.415056, 72856.0, 257.0]
[243.647829, 88570.0, 102.0]
[3104.68627, 88570.0, 78.0]
[8948.53963, 88570.0, 111.0]
[11489.415044, 88570.0, 135.0]
[14295.616756, 88570.0, 142.0]
[17551.471829, 88570.0, 170.0]
[20064.839098, 88570.0, 256.0]
[23230.560188, 88570.0, 254.0]
[25833.71357, 88570.0, 326.0]
[243.248568, 104284.0, 69.0]
[3110.457771, 104284.0, 83.0]
[8885.495102, 104284.0, 109.0]
[11527.26821, 104284.0, 142.0]
[14400.465698, 104284.0, 178.0]
[17593.378499, 104284.0, 172.0]
[20035.026031, 104284.0, 250.0]
[23159.109377, 104284.0, 332.0]
[242.089426, 119998.0, 72.0]
[8901.912223, 119998.0, 112.0]
[11518.079451, 119998.0, 143.0]
[14350.423178, 119998.0, 179.0]
[17623.1804, 119998.0, 191.0]
[23157.520251, 119998.0, 331.0]
[25875.978475, 119998.0, 454.0]
2021-07-12 13:33:57 INFO  ExecutionManager:260 - -PERFORMANCE -----------------------------------------------------------------------
2021-07-12 13:33:59 INFO  RegressionModel:27 - Linear Model:

Residuals:
       Min          1Q      Median          3Q         Max
 -272.7689    -60.9532     -0.5592     66.5864    337.4795

Coefficients:
                  Estimate Std. Error    t value   Pr(>|t|)
Intercept         500.5349    31.8986    15.6914     0.0000 ***
thr                 0.0172     0.0015    11.5281     0.0000 ***
conf               -0.0016     0.0003    -4.7450     0.0000 ***
---------------------------------------------------------------------
Significance codes:  0 '***' 0.001 '**' 0.01 '*' 0.05 '.' 0.1 ' ' 1

Residual standard error: 109.4541 on 77 degrees of freedom
Multiple R-squared: 0.6685,    Adjusted R-squared: 0.6599
F-statistic: 77.6420 on 3 and 77 DF,  p-value: 3.453e-19

2021-07-12 13:33:59 INFO  RegressionModel:28 - [500.53493786304676, 0.017216229521844723, -0.0016127239632553743]
2021-07-12 13:33:59 INFO  ExecutionManager:262 - [710.3966617930563]
2021-07-12 13:33:59 INFO  ExecutionManager:264 - -AVAILABILITY -----------------------------------------------------------------------
2021-07-12 13:33:59 INFO  RegressionModel:27 - Linear Model:

Residuals:
       Min          1Q      Median          3Q         Max
  -51.8739    -25.9286    -10.9383     16.1720    161.3893

Coefficients:
                  Estimate Std. Error    t value   Pr(>|t|)
Intercept           3.1192    11.9735     0.2605     0.7952 
thr                 0.0081     0.0006    14.0591     0.0000 ***
conf                0.0007     0.0001     4.9646     0.0000 ***
---------------------------------------------------------------------
Significance codes:  0 '***' 0.001 '**' 0.01 '*' 0.05 '.' 0.1 ' ' 1

Residual standard error: 39.7698 on 70 degrees of freedom
Multiple R-squared: 0.7647,    Adjusted R-squared: 0.7580
F-statistic: 113.7456 on 3 and 70 DF,  p-value: 1.016e-22

2021-07-12 13:33:59 INFO  RegressionModel:28 - [3.119151699312233, 0.008131916066229912, 6.589295069536052E-4]
2021-07-12 13:33:59 INFO  ExecutionManager:266 - [144.86577790136906]
2021-07-12 13:33:59 INFO  SequenceFSM:21 - STATE-CHANGE: MODEL -> OPTIMIZE
2021-07-12 13:33:59 INFO  SequenceFSM:21 - STATE-CHANGE: OPTIMIZE -> REPLAY
2021-07-12 13:33:59 INFO  IOManager:412 - Starting get workload
2021-07-12 13:33:59 INFO  ExecutionManager:326 - uptime: 215, chkInt: 20000
2021-07-12 13:33:59 INFO  IOManager:419 - Finished get workload
2021-07-12 13:33:59 INFO  IOManager:412 - Starting get workload
2021-07-12 13:33:59 INFO  IOManager:419 - Finished get workload
2021-07-12 13:33:59 INFO  IOManager$DatabaseToQueue:56 - Starting replay events from database to queue
2021-07-12 13:34:00 INFO  IOManager$QueueToKafka:98 - Starting replay events from queue to kafka topic iot-vehicles-events
2021-07-12 13:40:24 INFO  ExecutionManager:334 - startTime: 1626089725
2021-07-12 13:40:24 INFO  ExecutionManager:335 - stopTime: 1626090025
2021-07-12 13:40:24 INFO  ExecutionManager:342 - recTime: 226.8796999299697, avgLat: 1378.653828903654, predLat: 914.107406901038, avgThr: 25895.736795180004
2021-07-12 13:40:24 INFO  ExecutionManager:347 - weight: 1.508196759478734
2021-07-12 13:40:24 INFO  ExecutionManager:352 - Violation Detected
2021-07-12 13:40:24 INFO  Optimization:124 - Chosen best checkpoint interval: -1.0
2021-07-12 13:40:24 INFO  ExecutionManager:400 - no better configuration was found
2021-07-12 13:44:45 INFO  KubernetesClient:67 - Running command: [[sh, -c, kill 1]] on pod [flink-native-taskmanager-1-284] in namespace [khaos]

2021-07-12 13:44:45 INFO  KubernetesClient:35 - Reading data... Switching Protocols
2021-07-12 13:44:46 INFO  KubernetesClient:48 - Exit with: 1000 and with reason: 
2021-07-12 13:44:46 INFO  ExecutionManager:163 - FailureMetrics{experimentId=12, jobId='7f9e32eac29f86615311460148a7100c', timestamp=1626090278, avgThr=25648.258655, avgLat=1161.606769, recTime=0.0}
2021-07-12 13:44:46 INFO  ExecutionManager:165 - Finishing inject failure into job 7f9e32eac29f86615311460148a7100c
2021-07-12 13:45:25 INFO  ExecutionManager:326 - uptime: 36, chkInt: 20000
2021-07-12 13:54:49 INFO  ExecutionManager:334 - startTime: 1626090590
2021-07-12 13:54:49 INFO  ExecutionManager:335 - stopTime: 1626090890
2021-07-12 13:54:49 INFO  ExecutionManager:342 - recTime: 218.474563082229, avgLat: 1116.4460215946838, predLat: 896.3127366222649, avgThr: 24862.13822145082
2021-07-12 13:54:49 INFO  ExecutionManager:347 - weight: 1.3768977532046969
2021-07-12 13:54:49 INFO  ExecutionManager:352 - Violation Detected
2021-07-12 13:54:49 INFO  Optimization:124 - Chosen best checkpoint interval: -1.0
2021-07-12 13:54:49 INFO  ExecutionManager:400 - no better configuration was found
2021-07-12 13:59:49 INFO  ExecutionManager:326 - uptime: 901, chkInt: 20000
2021-07-12 13:59:49 INFO  ExecutionManager:334 - startTime: 1626090890
2021-07-12 13:59:49 INFO  ExecutionManager:335 - stopTime: 1626091190
2021-07-12 13:59:49 INFO  ExecutionManager:342 - recTime: 217.2170046525066, avgLat: 1067.3052325581402, predLat: 893.6503364711933, avgThr: 24707.493434234584
2021-07-12 13:59:49 INFO  ExecutionManager:347 - weight: 1.3160387866265064
2021-07-12 13:59:49 INFO  ExecutionManager:352 - Violation Detected
2021-07-12 13:59:49 INFO  Optimization:124 - Chosen best checkpoint interval: -1.0
2021-07-12 13:59:49 INFO  ExecutionManager:400 - no better configuration was found
2021-07-12 14:04:49 INFO  ExecutionManager:326 - uptime: 1201, chkInt: 20000
2021-07-12 14:04:49 INFO  ExecutionManager:334 - startTime: 1626091190
2021-07-12 14:04:49 INFO  ExecutionManager:335 - stopTime: 1626091490
2021-07-12 14:04:49 INFO  ExecutionManager:342 - recTime: 214.6161003064142, avgLat: 1056.5912873754148, predLat: 888.1439138984564, avgThr: 24387.654379710475
2021-07-12 14:04:49 INFO  ExecutionManager:347 - weight: 1.2844446525946263
2021-07-12 14:04:49 INFO  ExecutionManager:352 - Violation Detected
2021-07-12 14:04:49 INFO  Optimization:124 - Chosen best checkpoint interval: -1.0
2021-07-12 14:04:49 INFO  ExecutionManager:400 - no better configuration was found
2021-07-12 14:09:49 INFO  ExecutionManager:326 - uptime: 1501, chkInt: 20000
2021-07-12 14:09:49 INFO  ExecutionManager:334 - startTime: 1626091490
2021-07-12 14:09:49 INFO  ExecutionManager:335 - stopTime: 1626091790
2021-07-12 14:09:49 INFO  ExecutionManager:342 - recTime: 212.18039445266038, avgLat: 971.6752491694372, predLat: 882.9872361014403, avgThr: 24088.130155171464
2021-07-12 14:09:49 INFO  ExecutionManager:347 - weight: 1.2476438976329312
2021-07-12 14:09:49 INFO  ExecutionManager:484 - No violation
2021-07-12 14:14:49 INFO  ExecutionManager:326 - uptime: 1801, chkInt: 20000
2021-07-12 14:14:49 INFO  ExecutionManager:334 - startTime: 1626091790
2021-07-12 14:14:49 INFO  ExecutionManager:335 - stopTime: 1626092090
2021-07-12 14:14:49 INFO  ExecutionManager:342 - recTime: 211.11680776578928, avgLat: 988.8362126245861, predLat: 880.7354971055605, avgThr: 23957.338509240937
2021-07-12 14:14:49 INFO  ExecutionManager:347 - weight: 1.2268264376559384
2021-07-12 14:14:49 INFO  ExecutionManager:484 - No violation
2021-07-12 14:19:49 INFO  ExecutionManager:326 - uptime: 2101, chkInt: 20000
2021-07-12 14:19:49 INFO  ExecutionManager:334 - startTime: 1626092090
2021-07-12 14:19:49 INFO  ExecutionManager:335 - stopTime: 1626092390
2021-07-12 14:19:50 INFO  ExecutionManager:342 - recTime: 210.80530549565975, avgLat: 1130.5562209302366, predLat: 880.0760099028586, avgThr: 23919.032374795806
2021-07-12 14:19:50 INFO  ExecutionManager:347 - weight: 1.1895623144275465
2021-07-12 14:19:50 INFO  ExecutionManager:352 - Violation Detected
2021-07-12 14:19:50 INFO  Optimization:112 - chkInt: 45000.0, predLat: 839.7579108214743(998.9443639556341), predRec:227.2785431694999, optValue: 1.9978887279112683 (0.9989443639556341, 0.9469939298729162, 0.05195043408271793)
2021-07-12 14:19:50 INFO  Optimization:112 - chkInt: 46000.0, predLat: 838.145186858219(997.0259283053713), predRec:227.9374726764535, optValue: 1.9940518566107426 (0.9970259283053713, 0.9497394694852229, 0.04728645882014837)
2021-07-12 14:19:50 INFO  Optimization:112 - chkInt: 47000.0, predLat: 836.5324628949635(995.1074926551084), predRec:228.5964021834071, optValue: 1.990214985310217 (0.9951074926551084, 0.9524850090975295, 0.042622483557578916)
2021-07-12 14:19:50 INFO  Optimization:112 - chkInt: 48000.0, predLat: 834.9197389317081(993.1890570048456), predRec:229.2553316903607, optValue: 1.9863781140096912 (0.9931890570048456, 0.9552305487098363, 0.03795850829500935)
2021-07-12 14:19:50 INFO  Optimization:112 - chkInt: 49000.0, predLat: 833.3070149684528(991.2706213545828), predRec:229.91426119731432, optValue: 1.9825412427091655 (0.9912706213545828, 0.957976088322143, 0.03329453303243979)
2021-07-12 14:19:50 INFO  Optimization:112 - chkInt: 50000.0, predLat: 831.6942910051974(989.35218570432), predRec:230.57319070426792, optValue: 1.97870437140864 (0.98935218570432, 0.9607216279344496, 0.028630557769870446)
2021-07-12 14:19:50 INFO  Optimization:112 - chkInt: 51000.0, predLat: 830.081567041942(987.4337500540571), predRec:231.2321202112215, optValue: 1.9748675001081142 (0.9874337500540571, 0.9634671675467563, 0.02396658250730077)
2021-07-12 14:19:50 INFO  Optimization:112 - chkInt: 52000.0, predLat: 828.4688430786866(985.5153144037943), predRec:231.8910497181751, optValue: 1.9710306288075885 (0.9855153144037943, 0.9662127071590629, 0.019302607244731318)
2021-07-12 14:19:50 INFO  Optimization:112 - chkInt: 53000.0, predLat: 826.8561191154313(983.5968787535314), predRec:232.54997922512874, optValue: 1.9671937575070628 (0.9835968787535314, 0.9689582467713698, 0.014638631982161643)
2021-07-12 14:19:50 INFO  Optimization:112 - chkInt: 54000.0, predLat: 825.2433951521759(981.6784431032687), predRec:233.20890873208234, optValue: 1.9633568862065371 (0.9816784431032687, 0.9717037863836764, 0.0099746567195923)
2021-07-12 14:19:50 INFO  Optimization:112 - chkInt: 55000.0, predLat: 823.6306711889205(979.7600074530058), predRec:233.86783823903593, optValue: 1.9595200149060115 (0.9797600074530057, 0.9744493259959831, 0.005310681457022626)
2021-07-12 14:19:50 INFO  Optimization:112 - chkInt: 56000.0, predLat: 822.0179472256651(977.8415718027429), predRec:234.52676774598956, optValue: 1.9556831436054858 (0.9778415718027429, 0.9771948656082898, 6.467061944530617E-4)
2021-07-12 14:19:50 INFO  Optimization:124 - Chosen best checkpoint interval: 56000.0
2021-07-12 14:19:50 INFO  ExecutionManager:386 - de.tu_berlin.dos.arm.khaos.clients.flink.responses.SaveStatus@3619e418
2021-07-12 14:19:50 INFO  ExecutionManager:386 - de.tu_berlin.dos.arm.khaos.clients.flink.responses.SaveStatus@7227f385
2021-07-12 14:19:50 INFO  ExecutionManager:386 - de.tu_berlin.dos.arm.khaos.clients.flink.responses.SaveStatus@5a7dff80
2021-07-12 14:19:50 INFO  ExecutionManager:386 - de.tu_berlin.dos.arm.khaos.clients.flink.responses.SaveStatus@624d2006
2021-07-12 14:19:50 INFO  ExecutionManager:386 - de.tu_berlin.dos.arm.khaos.clients.flink.responses.SaveStatus@1b8d2173
2021-07-12 14:19:50 INFO  ExecutionManager:386 - de.tu_berlin.dos.arm.khaos.clients.flink.responses.SaveStatus@567b425c
2021-07-12 14:19:50 INFO  ExecutionManager:386 - de.tu_berlin.dos.arm.khaos.clients.flink.responses.SaveStatus@63cf36ec
2021-07-12 14:19:50 INFO  ExecutionManager:386 - de.tu_berlin.dos.arm.khaos.clients.flink.responses.SaveStatus@68096783
2021-07-12 14:19:50 INFO  ExecutionManager:386 - de.tu_berlin.dos.arm.khaos.clients.flink.responses.SaveStatus@1afd4548
2021-07-12 14:19:50 INFO  ExecutionManager:386 - de.tu_berlin.dos.arm.khaos.clients.flink.responses.SaveStatus@16189de9
2021-07-12 14:19:51 INFO  ExecutionManager:386 - de.tu_berlin.dos.arm.khaos.clients.flink.responses.SaveStatus@c7ab190
2021-07-12 14:19:51 INFO  ExecutionManager:386 - de.tu_berlin.dos.arm.khaos.clients.flink.responses.SaveStatus@2fecfae3
2021-07-12 14:19:51 INFO  ExecutionManager:386 - de.tu_berlin.dos.arm.khaos.clients.flink.responses.SaveStatus@5f4b3d53
2021-07-12 14:19:51 INFO  ExecutionManager:386 - de.tu_berlin.dos.arm.khaos.clients.flink.responses.SaveStatus@d6e0486
2021-07-12 14:19:51 INFO  ExecutionManager:386 - de.tu_berlin.dos.arm.khaos.clients.flink.responses.SaveStatus@5441c28a
2021-07-12 14:19:51 INFO  ExecutionManager:386 - de.tu_berlin.dos.arm.khaos.clients.flink.responses.SaveStatus@311b14d0
2021-07-12 14:19:51 INFO  ExecutionManager:386 - de.tu_berlin.dos.arm.khaos.clients.flink.responses.SaveStatus@38fba8e
2021-07-12 14:19:51 INFO  ExecutionManager:386 - de.tu_berlin.dos.arm.khaos.clients.flink.responses.SaveStatus@7785270f
2021-07-12 14:19:51 INFO  ExecutionManager:390 - hdfs://130.149.249.46:9000/flink/savepoints/savepoint-7f9e32-bcb6bcc11d02
2021-07-12 14:29:52 INFO  ExecutionManager:326 - uptime: 600, chkInt: 56000
2021-07-12 14:29:52 INFO  ExecutionManager:334 - startTime: 1626092693
2021-07-12 14:29:52 INFO  ExecutionManager:335 - stopTime: 1626092993
2021-07-12 14:29:52 INFO  ExecutionManager:342 - recTime: 233.59495239480862, avgLat: 1012.393928571428, predLat: 820.0451837554998, avgThr: 23804.44494624984
2021-07-12 14:29:52 INFO  ExecutionManager:347 - weight: 1.187722309161112
2021-07-12 14:29:52 INFO  ExecutionManager:352 - Violation Detected
2021-07-12 14:29:52 INFO  Optimization:112 - chkInt: 57000.0, predLat: 818.4324597922445(972.0704910368536), predRec:234.25388190176224, optValue: 1.9521156825146853 (0.9720704910368536, 0.9760578412573426, 0.0039873502204890166)
2021-07-12 14:29:52 INFO  Optimization:124 - Chosen best checkpoint interval: 57000.0
2021-07-12 14:29:52 INFO  ExecutionManager:386 - de.tu_berlin.dos.arm.khaos.clients.flink.responses.SaveStatus@1188f335
2021-07-12 14:29:52 INFO  ExecutionManager:386 - de.tu_berlin.dos.arm.khaos.clients.flink.responses.SaveStatus@387b1a3b
2021-07-12 14:29:52 INFO  ExecutionManager:386 - de.tu_berlin.dos.arm.khaos.clients.flink.responses.SaveStatus@4ea7e717
2021-07-12 14:29:53 INFO  ExecutionManager:386 - de.tu_berlin.dos.arm.khaos.clients.flink.responses.SaveStatus@c5f8b39
2021-07-12 14:29:53 INFO  ExecutionManager:386 - de.tu_berlin.dos.arm.khaos.clients.flink.responses.SaveStatus@5a18c0dc
2021-07-12 14:29:53 INFO  ExecutionManager:386 - de.tu_berlin.dos.arm.khaos.clients.flink.responses.SaveStatus@3ad2a366
2021-07-12 14:29:53 INFO  ExecutionManager:386 - de.tu_berlin.dos.arm.khaos.clients.flink.responses.SaveStatus@4b3c6474
2021-07-12 14:29:53 INFO  ExecutionManager:386 - de.tu_berlin.dos.arm.khaos.clients.flink.responses.SaveStatus@3bca2869
2021-07-12 14:29:53 INFO  ExecutionManager:386 - de.tu_berlin.dos.arm.khaos.clients.flink.responses.SaveStatus@274801ec
2021-07-12 14:29:53 INFO  ExecutionManager:386 - de.tu_berlin.dos.arm.khaos.clients.flink.responses.SaveStatus@82e5ff0
2021-07-12 14:29:53 INFO  ExecutionManager:386 - de.tu_berlin.dos.arm.khaos.clients.flink.responses.SaveStatus@20999545
2021-07-12 14:29:53 INFO  ExecutionManager:386 - de.tu_berlin.dos.arm.khaos.clients.flink.responses.SaveStatus@4afa785f
2021-07-12 14:29:53 INFO  ExecutionManager:390 - hdfs://130.149.249.46:9000/flink/savepoints/savepoint-f888e3-ba73aef530e1
2021-07-12 14:39:54 INFO  ExecutionManager:326 - uptime: 600, chkInt: 57000
2021-07-12 14:39:54 INFO  ExecutionManager:334 - startTime: 1626093295
2021-07-12 14:39:54 INFO  ExecutionManager:335 - stopTime: 1626093595
2021-07-12 14:39:54 INFO  ExecutionManager:342 - recTime: 224.55339753954692, avgLat: 889.5964617940194, predLat: 797.8953853939357, avgThr: 22611.55457659891
2021-07-12 14:39:54 INFO  ExecutionManager:347 - weight: 1.1744902829604458
2021-07-12 14:39:54 INFO  ExecutionManager:484 - No violation
2021-07-12 14:44:55 INFO  ExecutionManager:326 - uptime: 900, chkInt: 57000
2021-07-12 14:44:55 INFO  ExecutionManager:334 - startTime: 1626093596
2021-07-12 14:44:55 INFO  ExecutionManager:335 - stopTime: 1626093896
2021-07-12 14:44:55 INFO  ExecutionManager:342 - recTime: 219.9586709315066, avgLat: 856.1517275747487, predLat: 788.1678049282875, avgThr: 22046.53071621732
2021-07-12 14:44:55 INFO  ExecutionManager:347 - weight: 1.1572558487664695
2021-07-12 14:44:55 INFO  ExecutionManager:484 - No violation
2021-07-12 14:49:55 INFO  ExecutionManager:326 - uptime: 1200, chkInt: 57000
2021-07-12 14:49:55 INFO  ExecutionManager:334 - startTime: 1626093896
2021-07-12 14:49:55 INFO  ExecutionManager:335 - stopTime: 1626094196
2021-07-12 14:49:55 INFO  ExecutionManager:342 - recTime: 216.38017230349809, avgLat: 758.3748920265779, predLat: 780.5916994665937, avgThr: 21606.47469511926
2021-07-12 14:49:55 INFO  ExecutionManager:347 - weight: 1.1357721198217512
2021-07-12 14:49:55 INFO  ExecutionManager:484 - No violation
2021-07-12 14:54:55 INFO  ExecutionManager:326 - uptime: 1500, chkInt: 57000
2021-07-12 14:54:55 INFO  ExecutionManager:334 - startTime: 1626094196
2021-07-12 14:54:55 INFO  ExecutionManager:335 - stopTime: 1626094496
2021-07-12 14:54:55 INFO  ExecutionManager:342 - recTime: 209.98642392016748, avgLat: 659.5200332225908, predLat: 767.0553768120269, avgThr: 20820.221082654858
2021-07-12 14:54:55 INFO  ExecutionManager:347 - weight: 1.0919501948215526
2021-07-12 14:54:55 INFO  ExecutionManager:484 - No violation
2021-07-12 14:57:13 INFO  KubernetesClient:67 - Running command: [[sh, -c, kill 1]] on pod [flink-native-taskmanager-1-334] in namespace [khaos]

2021-07-12 14:57:13 INFO  KubernetesClient:35 - Reading data... Switching Protocols
2021-07-12 14:57:13 INFO  KubernetesClient:48 - Exit with: 1000 and with reason: 
2021-07-12 14:57:13 INFO  ExecutionManager:163 - FailureMetrics{experimentId=12, jobId='70ca208b651bdd787442bb0c680cffb7', timestamp=1626094584, avgThr=20513.90765, avgLat=619.9476, recTime=0.0}
2021-07-12 14:57:13 INFO  ExecutionManager:165 - Finishing inject failure into job 70ca208b651bdd787442bb0c680cffb7
2021-07-12 14:59:55 INFO  ExecutionManager:326 - uptime: 158, chkInt: 57000
2021-07-12 15:07:17 INFO  ExecutionManager:334 - startTime: 1626094938
2021-07-12 15:07:17 INFO  ExecutionManager:335 - stopTime: 1626095238
2021-07-12 15:07:17 INFO  ExecutionManager:342 - recTime: 191.440713660613, avgLat: 759.5667441860454, predLat: 727.7919114892537, avgThr: 18539.61339948277
2021-07-12 15:07:17 INFO  ExecutionManager:347 - weight: 1.051791396067326
2021-07-12 15:07:17 INFO  ExecutionManager:484 - No violation
2021-07-12 15:12:17 INFO  ExecutionManager:326 - uptime: 900, chkInt: 57000
2021-07-12 15:12:17 INFO  ExecutionManager:334 - startTime: 1626095238
2021-07-12 15:12:17 INFO  ExecutionManager:335 - stopTime: 1626095538
2021-07-12 15:12:17 INFO  ExecutionManager:342 - recTime: 183.69551267176558, avgLat: 759.3282475083047, predLat: 711.3944035918762, avgThr: 17587.16862192148
2021-07-12 15:12:17 INFO  ExecutionManager:347 - weight: 1.0239282976969493
2021-07-12 15:12:17 INFO  ExecutionManager:484 - No violation
2021-07-12 15:17:17 INFO  ExecutionManager:326 - uptime: 1200, chkInt: 57000
2021-07-12 15:17:17 INFO  ExecutionManager:334 - startTime: 1626095538
2021-07-12 15:17:17 INFO  ExecutionManager:335 - stopTime: 1626095838
2021-07-12 15:17:17 INFO  ExecutionManager:342 - recTime: 176.35123695226565, avgLat: 925.1858720930202, predLat: 695.8457019785254, avgThr: 16684.026526050726
2021-07-12 15:17:17 INFO  ExecutionManager:347 - weight: 1.05970431584748
2021-07-12 15:17:17 INFO  ExecutionManager:484 - No violation
2021-07-12 15:22:18 INFO  ExecutionManager:326 - uptime: 1501, chkInt: 57000
2021-07-12 15:22:18 INFO  ExecutionManager:334 - startTime: 1626095839
2021-07-12 15:22:18 INFO  ExecutionManager:335 - stopTime: 1626096139
2021-07-12 15:22:18 INFO  ExecutionManager:342 - recTime: 169.78132514879047, avgLat: 964.9734053156146, predLat: 681.9364204972982, avgThr: 15876.109701778696
2021-07-12 15:22:18 INFO  ExecutionManager:347 - weight: 1.1145031973979738
2021-07-12 15:22:18 INFO  ExecutionManager:484 - No violation
2021-07-12 15:27:18 INFO  ExecutionManager:326 - uptime: 1801, chkInt: 57000
2021-07-12 15:27:18 INFO  ExecutionManager:334 - startTime: 1626096139
2021-07-12 15:27:18 INFO  ExecutionManager:335 - stopTime: 1626096439
2021-07-12 15:27:18 INFO  ExecutionManager:342 - recTime: 163.15502996075764, avgLat: 855.3660631229212, predLat: 667.9077687124603, avgThr: 15061.259285952296
2021-07-12 15:27:18 INFO  ExecutionManager:347 - weight: 1.1660242701895422
2021-07-12 15:27:18 INFO  ExecutionManager:484 - No violation
2021-07-12 15:32:18 INFO  ExecutionManager:326 - uptime: 2101, chkInt: 57000
2021-07-12 15:32:18 INFO  ExecutionManager:334 - startTime: 1626096439
2021-07-12 15:32:18 INFO  ExecutionManager:335 - stopTime: 1626096739
2021-07-12 15:32:18 INFO  ExecutionManager:342 - recTime: 153.89769682968682, avgLat: 827.2804318936866, predLat: 648.3088979608858, avgThr: 13922.864219442139
2021-07-12 15:32:18 INFO  ExecutionManager:347 - weight: 1.2353995127261979
2021-07-12 15:32:18 INFO  ExecutionManager:484 - No violation
2021-07-12 15:37:18 INFO  ExecutionManager:326 - uptime: 2401, chkInt: 57000
2021-07-12 15:37:18 INFO  ExecutionManager:334 - startTime: 1626096739
2021-07-12 15:37:18 INFO  ExecutionManager:335 - stopTime: 1626097039
2021-07-12 15:37:18 INFO  ExecutionManager:342 - recTime: 144.70910752347237, avgLat: 683.7551245847162, predLat: 628.8555660291044, avgThr: 12792.92273561735
2021-07-12 15:37:18 INFO  ExecutionManager:347 - weight: 1.2426730987354606
2021-07-12 15:37:18 INFO  ExecutionManager:484 - No violation
2021-07-12 15:42:18 INFO  ExecutionManager:326 - uptime: 2701, chkInt: 57000
2021-07-12 15:42:18 INFO  ExecutionManager:334 - startTime: 1626097039
2021-07-12 15:42:18 INFO  ExecutionManager:335 - stopTime: 1626097339
2021-07-12 15:42:18 INFO  ExecutionManager:342 - recTime: 135.71372910299957, avgLat: 707.112225913617, predLat: 609.8112844278916, avgThr: 11686.740828769016
2021-07-12 15:42:18 INFO  ExecutionManager:347 - weight: 1.2580362617016192
2021-07-12 15:42:18 INFO  ExecutionManager:484 - No violation
2021-07-12 15:47:18 INFO  ExecutionManager:326 - uptime: 3001, chkInt: 57000
2021-07-12 15:47:18 INFO  ExecutionManager:334 - startTime: 1626097339
2021-07-12 15:47:18 INFO  ExecutionManager:335 - stopTime: 1626097639
2021-07-12 15:47:18 INFO  ExecutionManager:342 - recTime: 125.87931729774755, avgLat: 708.9859966777408, predLat: 588.9906697692294, avgThr: 10477.38110036599
2021-07-12 15:47:18 INFO  ExecutionManager:347 - weight: 1.2370605337773932
2021-07-12 15:47:18 INFO  ExecutionManager:484 - No violation
2021-07-12 15:52:19 INFO  ExecutionManager:326 - uptime: 3302, chkInt: 57000
2021-07-12 15:52:19 INFO  ExecutionManager:334 - startTime: 1626097640
2021-07-12 15:52:19 INFO  ExecutionManager:335 - stopTime: 1626097940
2021-07-12 15:52:19 INFO  ExecutionManager:342 - recTime: 115.11456294278577, avgLat: 818.7500415282358, predLat: 566.2004097355666, avgThr: 9153.615057124905
2021-07-12 15:52:19 INFO  ExecutionManager:347 - weight: 1.2422261826179006
2021-07-12 15:52:19 INFO  ExecutionManager:484 - No violation
2021-07-12 15:57:19 INFO  ExecutionManager:326 - uptime: 3602, chkInt: 57000
2021-07-12 15:57:19 INFO  ExecutionManager:334 - startTime: 1626097940
2021-07-12 15:57:19 INFO  ExecutionManager:335 - stopTime: 1626098240
2021-07-12 15:57:19 INFO  ExecutionManager:342 - recTime: 101.57577442418616, avgLat: 748.6937292358776, predLat: 537.5371907985333, avgThr: 7488.719796483533
2021-07-12 15:57:19 INFO  ExecutionManager:347 - weight: 1.2609190580753065
2021-07-12 15:57:19 INFO  ExecutionManager:484 - No violation
2021-07-12 16:02:19 INFO  ExecutionManager:326 - uptime: 3902, chkInt: 57000
2021-07-12 16:02:19 INFO  ExecutionManager:334 - startTime: 1626098240
2021-07-12 16:02:19 INFO  ExecutionManager:335 - stopTime: 1626098540
2021-07-12 16:02:19 INFO  ExecutionManager:342 - recTime: 86.8738088701367, avgLat: 606.400074750829, predLat: 506.41138830139585, avgThr: 5680.7860408581455
2021-07-12 16:02:19 INFO  ExecutionManager:347 - weight: 1.247816812982413
2021-07-12 16:02:19 INFO  ExecutionManager:484 - No violation
2021-07-12 16:07:19 INFO  ExecutionManager:326 - uptime: 4202, chkInt: 57000
2021-07-12 16:07:19 INFO  ExecutionManager:334 - startTime: 1626098540
2021-07-12 16:07:19 INFO  ExecutionManager:335 - stopTime: 1626098840
2021-07-12 16:07:19 INFO  ExecutionManager:342 - recTime: 75.02964697147783, avgLat: 566.9458720930223, predLat: 481.335894644003, avgThr: 4224.282825355823
2021-07-12 16:07:19 INFO  ExecutionManager:347 - weight: 1.2629098752949195
2021-07-12 16:07:19 INFO  ExecutionManager:484 - No violation
2021-07-12 16:12:19 INFO  ExecutionManager:326 - uptime: 4502, chkInt: 57000
2021-07-12 16:12:19 INFO  ExecutionManager:334 - startTime: 1626098840
2021-07-12 16:12:19 INFO  ExecutionManager:335 - stopTime: 1626099140
2021-07-12 16:12:19 INFO  ExecutionManager:342 - recTime: 68.13023785432559, avgLat: 620.229734219268, predLat: 466.72902832140574, avgThr: 3375.8469756790164
2021-07-12 16:12:19 INFO  ExecutionManager:347 - weight: 1.2911310471965234
2021-07-12 16:12:19 INFO  ExecutionManager:484 - No violation
2021-07-12 16:17:19 INFO  ExecutionManager:326 - uptime: 4802, chkInt: 57000
2021-07-12 16:17:19 INFO  ExecutionManager:334 - startTime: 1626099140
2021-07-12 16:17:19 INFO  ExecutionManager:335 - stopTime: 1626099440
2021-07-12 16:17:19 INFO  ExecutionManager:342 - recTime: 66.03014489012585, avgLat: 461.6793438538189, predLat: 462.2828827642694, avgThr: 3117.5938226587887
2021-07-12 16:17:19 INFO  ExecutionManager:347 - weight: 1.2569583806121931
2021-07-12 16:17:19 INFO  ExecutionManager:484 - No violation
2021-07-12 16:22:19 INFO  ExecutionManager:326 - uptime: 5102, chkInt: 57000
2021-07-12 16:22:19 INFO  ExecutionManager:334 - startTime: 1626099440
2021-07-12 16:22:19 INFO  ExecutionManager:335 - stopTime: 1626099740
2021-07-12 16:22:19 INFO  ExecutionManager:342 - recTime: 66.0432331236514, avgLat: 518.5936877076421, predLat: 462.3105921049188, avgThr: 3119.203312159042
2021-07-12 16:22:19 INFO  ExecutionManager:347 - weight: 1.2029084155284493
2021-07-12 16:22:19 INFO  ExecutionManager:484 - No violation
2021-07-12 16:27:20 INFO  ExecutionManager:326 - uptime: 5403, chkInt: 57000
2021-07-12 16:27:20 INFO  ExecutionManager:334 - startTime: 1626099741
2021-07-12 16:27:20 INFO  ExecutionManager:335 - stopTime: 1626100041
2021-07-12 16:27:20 INFO  ExecutionManager:342 - recTime: 66.09925404373747, avgLat: 495.1813704318928, predLat: 462.42919502831, avgThr: 3126.0923306424866
2021-07-12 16:27:20 INFO  ExecutionManager:347 - weight: 1.1492424428136394
2021-07-12 16:27:20 INFO  ExecutionManager:484 - No violation
2021-07-12 16:32:20 INFO  ExecutionManager:326 - uptime: 5703, chkInt: 57000
2021-07-12 16:32:20 INFO  ExecutionManager:334 - startTime: 1626100041
2021-07-12 16:32:20 INFO  ExecutionManager:335 - stopTime: 1626100341
2021-07-12 16:32:20 INFO  ExecutionManager:342 - recTime: 67.13364622520459, avgLat: 404.15235880398706, predLat: 464.61912579821717, avgThr: 3253.2938626114055
2021-07-12 16:32:20 INFO  ExecutionManager:347 - weight: 1.0946444047650932
2021-07-12 16:32:20 INFO  ExecutionManager:484 - No violation
2021-07-12 16:37:20 INFO  ExecutionManager:326 - uptime: 6003, chkInt: 57000
2021-07-12 16:37:20 INFO  ExecutionManager:334 - startTime: 1626100341
2021-07-12 16:37:20 INFO  ExecutionManager:335 - stopTime: 1626100641
2021-07-12 16:37:20 INFO  ExecutionManager:342 - recTime: 66.78022214564751, avgLat: 466.69651162790814, predLat: 463.87088515940025, avgThr: 3209.8325090166777
2021-07-12 16:37:20 INFO  ExecutionManager:347 - weight: 1.0660164530529004
2021-07-12 16:37:20 INFO  ExecutionManager:484 - No violation
2021-07-12 16:42:20 INFO  ExecutionManager:326 - uptime: 6303, chkInt: 57000
2021-07-12 16:42:20 INFO  ExecutionManager:334 - startTime: 1626100641
2021-07-12 16:42:20 INFO  ExecutionManager:335 - stopTime: 1626100941
2021-07-12 16:42:20 INFO  ExecutionManager:342 - recTime: 66.41500132529939, avgLat: 421.993073089701, predLat: 463.0976694230277, avgThr: 3164.920483686655
2021-07-12 16:42:20 INFO  ExecutionManager:347 - weight: 0.9964087470147924
2021-07-12 16:42:20 INFO  ExecutionManager:484 - No violation
2021-07-12 16:47:20 INFO  ExecutionManager:326 - uptime: 6603, chkInt: 57000
2021-07-12 16:47:20 INFO  ExecutionManager:334 - startTime: 1626100941
2021-07-12 16:47:20 INFO  ExecutionManager:335 - stopTime: 1626101241
2021-07-12 16:47:20 INFO  ExecutionManager:342 - recTime: 66.98647984196484, avgLat: 383.18694352159395, predLat: 464.3075571333269, avgThr: 3235.196481620117
2021-07-12 16:47:20 INFO  ExecutionManager:347 - weight: 0.9675074903202336
2021-07-12 16:47:20 INFO  ExecutionManager:484 - No violation
2021-07-12 16:52:20 INFO  ExecutionManager:326 - uptime: 6903, chkInt: 57000
2021-07-12 16:52:20 INFO  ExecutionManager:334 - startTime: 1626101241
2021-07-12 16:52:20 INFO  ExecutionManager:335 - stopTime: 1626101541
2021-07-12 16:52:20 INFO  ExecutionManager:342 - recTime: 69.60524213605217, avgLat: 410.29458471760665, predLat: 469.8517870972082, avgThr: 3557.231568155562
2021-07-12 16:52:20 INFO  ExecutionManager:347 - weight: 0.9260907467247025
2021-07-12 16:52:20 INFO  ExecutionManager:484 - No violation
2021-07-12 16:57:20 INFO  ExecutionManager:326 - uptime: 7203, chkInt: 57000
2021-07-12 16:57:20 INFO  ExecutionManager:334 - startTime: 1626101541
2021-07-12 16:57:20 INFO  ExecutionManager:335 - stopTime: 1626101841
2021-07-12 16:57:20 INFO  ExecutionManager:342 - recTime: 71.94134811877987, avgLat: 355.9747176079749, predLat: 474.7976001698511, avgThr: 3844.5077726443233
2021-07-12 16:57:20 INFO  ExecutionManager:347 - weight: 0.8725763415013011
2021-07-12 16:57:20 INFO  ExecutionManager:484 - No violation
2021-07-12 17:02:21 INFO  ExecutionManager:326 - uptime: 7504, chkInt: 57000
2021-07-12 17:02:21 INFO  ExecutionManager:334 - startTime: 1626101842
2021-07-12 17:02:21 INFO  ExecutionManager:335 - stopTime: 1626102142
2021-07-12 17:02:21 INFO  ExecutionManager:342 - recTime: 71.68835195956265, avgLat: 435.8967109634546, predLat: 474.2619773338855, avgThr: 3813.3962661854875
2021-07-12 17:02:21 INFO  ExecutionManager:347 - weight: 0.8807843390669805
2021-07-12 17:02:21 INFO  ExecutionManager:484 - No violation
2021-07-12 17:07:21 INFO  ExecutionManager:326 - uptime: 7804, chkInt: 57000
2021-07-12 17:07:21 INFO  ExecutionManager:334 - startTime: 1626102142
2021-07-12 17:07:21 INFO  ExecutionManager:335 - stopTime: 1626102442
2021-07-12 17:07:21 INFO  ExecutionManager:342 - recTime: 69.33198152489116, avgLat: 375.7569684385386, predLat: 469.2732620161927, avgThr: 3523.628096484746
2021-07-12 17:07:21 INFO  ExecutionManager:347 - weight: 0.8465559424075738
2021-07-12 17:07:21 INFO  ExecutionManager:484 - No violation
2021-07-12 17:12:21 INFO  ExecutionManager:326 - uptime: 8104, chkInt: 57000
2021-07-12 17:12:21 INFO  ExecutionManager:334 - startTime: 1626102442
2021-07-12 17:12:21 INFO  ExecutionManager:335 - stopTime: 1626102742
2021-07-12 17:12:21 INFO  ExecutionManager:342 - recTime: 66.31394065024759, avgLat: 349.62530730896844, predLat: 462.88371200350275, avgThr: 3152.4928252813393
2021-07-12 17:12:21 INFO  ExecutionManager:347 - weight: 0.8205692862302287
2021-07-12 17:12:21 INFO  ExecutionManager:484 - No violation
2021-07-12 17:17:21 INFO  ExecutionManager:326 - uptime: 8404, chkInt: 57000
2021-07-12 17:17:21 INFO  ExecutionManager:334 - startTime: 1626102742
2021-07-12 17:17:21 INFO  ExecutionManager:335 - stopTime: 1626103042
2021-07-12 17:17:21 INFO  ExecutionManager:342 - recTime: 63.02116100089975, avgLat: 339.7962209302316, predLat: 455.91250746249057, avgThr: 2747.57230931315
2021-07-12 17:17:21 INFO  ExecutionManager:347 - weight: 0.8072398288257375
2021-07-12 17:17:21 INFO  ExecutionManager:484 - No violation
2021-07-12 17:19:28 INFO  KubernetesClient:67 - Running command: [[sh, -c, kill 1]] on pod [flink-native-taskmanager-1-345] in namespace [khaos]

2021-07-12 17:19:29 INFO  KubernetesClient:35 - Reading data... Switching Protocols
2021-07-12 17:19:29 INFO  KubernetesClient:48 - Exit with: 1000 and with reason: 
2021-07-12 17:19:29 INFO  ExecutionManager:163 - FailureMetrics{experimentId=12, jobId='70ca208b651bdd787442bb0c680cffb7', timestamp=1626103163, avgThr=2672.422977, avgLat=327.208239, recTime=0.0}
2021-07-12 17:19:29 INFO  ExecutionManager:163 - FailureMetrics{experimentId=12, jobId='70ca208b651bdd787442bb0c680cffb7', timestamp=1626094584, avgThr=20513.90765, avgLat=619.9476, recTime=0.0}
2021-07-12 17:19:29 INFO  ExecutionManager:165 - Finishing inject failure into job 70ca208b651bdd787442bb0c680cffb7
2021-07-12 17:22:21 INFO  ExecutionManager:326 - uptime: 169, chkInt: 57000
2021-07-12 17:29:32 INFO  ExecutionManager:334 - startTime: 1626103473
2021-07-12 17:29:32 INFO  ExecutionManager:335 - stopTime: 1626103773
2021-07-12 17:29:32 INFO  ExecutionManager:342 - recTime: 58.20071806527453, avgLat: 429.12910299003204, predLat: 445.70705879568527, avgThr: 2154.7916046962537
2021-07-12 17:29:32 INFO  ExecutionManager:347 - weight: 0.8221669437748865
2021-07-12 17:29:32 INFO  ExecutionManager:484 - No violation
2021-07-12 17:34:32 INFO  ExecutionManager:326 - uptime: 900, chkInt: 57000
2021-07-12 17:34:32 INFO  ExecutionManager:334 - startTime: 1626103773
2021-07-12 17:34:32 INFO  ExecutionManager:335 - stopTime: 1626104073
2021-07-12 17:34:32 INFO  ExecutionManager:342 - recTime: 55.87167013378396, avgLat: 359.3817940199334, predLat: 440.7761884535238, avgThr: 1868.3833446353067
2021-07-12 17:34:32 INFO  ExecutionManager:347 - weight: 0.8331000385712207
2021-07-12 17:34:32 INFO  ExecutionManager:484 - No violation
2021-07-12 17:39:32 INFO  ExecutionManager:326 - uptime: 1201, chkInt: 57000
2021-07-12 17:39:32 INFO  ExecutionManager:334 - startTime: 1626104073
2021-07-12 17:39:32 INFO  ExecutionManager:335 - stopTime: 1626104373
2021-07-12 17:39:32 INFO  ExecutionManager:342 - recTime: 54.25464672034722, avgLat: 392.0895265780728, predLat: 437.35275835400114, avgThr: 1669.5343402595865
2021-07-12 17:39:32 INFO  ExecutionManager:347 - weight: 0.829333542562679
2021-07-12 17:39:32 INFO  ExecutionManager:484 - No violation
2021-07-12 17:44:32 INFO  ExecutionManager:326 - uptime: 1501, chkInt: 57000
2021-07-12 17:44:32 INFO  ExecutionManager:334 - startTime: 1626104373
2021-07-12 17:44:32 INFO  ExecutionManager:335 - stopTime: 1626104673
2021-07-12 17:44:32 INFO  ExecutionManager:342 - recTime: 53.91645573633741, avgLat: 355.3185963455134, predLat: 436.63676798278823, avgThr: 1627.9462346697806
2021-07-12 17:44:32 INFO  ExecutionManager:347 - weight: 0.8315071093020152
2021-07-12 17:44:32 INFO  ExecutionManager:484 - No violation
2021-07-12 17:49:33 INFO  ExecutionManager:326 - uptime: 1801, chkInt: 57000
2021-07-12 17:49:33 INFO  ExecutionManager:334 - startTime: 1626104674
2021-07-12 17:49:33 INFO  ExecutionManager:335 - stopTime: 1626104974
2021-07-12 17:49:33 INFO  ExecutionManager:342 - recTime: 54.23908079021888, avgLat: 365.6302491694326, predLat: 437.3198034361652, avgThr: 1667.620162837985
2021-07-12 17:49:33 INFO  ExecutionManager:347 - weight: 0.8449655562652691
2021-07-12 17:49:33 INFO  ExecutionManager:484 - No violation
2021-07-12 17:54:33 INFO  ExecutionManager:326 - uptime: 2101, chkInt: 57000
2021-07-12 17:54:33 INFO  ExecutionManager:334 - startTime: 1626104974
2021-07-12 17:54:33 INFO  ExecutionManager:335 - stopTime: 1626105274
2021-07-12 17:54:33 INFO  ExecutionManager:342 - recTime: 54.823886111822276, avgLat: 368.40882059800657, predLat: 438.5579055710522, avgThr: 1739.5349879346143
2021-07-12 17:54:33 INFO  ExecutionManager:347 - weight: 0.860754866388306
2021-07-12 17:54:33 INFO  ExecutionManager:484 - No violation
2021-07-12 17:59:33 INFO  ExecutionManager:326 - uptime: 2401, chkInt: 57000
2021-07-12 17:59:33 INFO  ExecutionManager:334 - startTime: 1626105274
2021-07-12 17:59:33 INFO  ExecutionManager:335 - stopTime: 1626105574
2021-07-12 17:59:33 INFO  ExecutionManager:342 - recTime: 54.868254122940016, avgLat: 382.35812292358844, predLat: 438.651837905893, avgThr: 1744.9910220053528
2021-07-12 17:59:33 INFO  ExecutionManager:347 - weight: 0.8455650762209497
2021-07-12 17:59:33 INFO  ExecutionManager:484 - No violation
2021-07-12 18:04:33 INFO  ExecutionManager:326 - uptime: 2701, chkInt: 57000
2021-07-12 18:04:33 INFO  ExecutionManager:334 - startTime: 1626105574
2021-07-12 18:04:33 INFO  ExecutionManager:335 - stopTime: 1626105874
2021-07-12 18:04:33 INFO  ExecutionManager:342 - recTime: 54.49158337453386, avgLat: 385.06034053156105, predLat: 437.8543813155999, avgThr: 1698.6709732814882
2021-07-12 18:04:33 INFO  ExecutionManager:347 - weight: 0.8562462560617338
2021-07-12 18:04:33 INFO  ExecutionManager:484 - No violation
2021-07-12 18:09:33 INFO  ExecutionManager:326 - uptime: 3001, chkInt: 57000
2021-07-12 18:09:33 INFO  ExecutionManager:334 - startTime: 1626105874
2021-07-12 18:09:33 INFO  ExecutionManager:335 - stopTime: 1626106174
2021-07-12 18:09:33 INFO  ExecutionManager:342 - recTime: 53.44010697531046, avgLat: 376.78782392026454, predLat: 435.62828123311033, avgThr: 1569.3685566480995
2021-07-12 18:09:33 INFO  ExecutionManager:347 - weight: 0.8509834748653605
2021-07-12 18:09:33 INFO  ExecutionManager:484 - No violation
2021-07-12 18:14:33 INFO  ExecutionManager:326 - uptime: 3301, chkInt: 57000
2021-07-12 18:14:33 INFO  ExecutionManager:334 - startTime: 1626106174
2021-07-12 18:14:33 INFO  ExecutionManager:335 - stopTime: 1626106474
2021-07-12 18:14:33 INFO  ExecutionManager:342 - recTime: 52.93478671073162, avgLat: 364.95460963455116, predLat: 434.55845837879474, avgThr: 1507.2281877038945
2021-07-12 18:14:33 INFO  ExecutionManager:347 - weight: 0.855327832277478
2021-07-12 18:14:33 INFO  ExecutionManager:484 - No violation
2021-07-12 18:19:33 INFO  ExecutionManager:326 - uptime: 3602, chkInt: 57000
2021-07-12 18:19:33 INFO  ExecutionManager:334 - startTime: 1626106474
2021-07-12 18:19:33 INFO  ExecutionManager:335 - stopTime: 1626106774
2021-07-12 18:19:33 INFO  ExecutionManager:342 - recTime: 52.751820407005575, avgLat: 310.0222508305647, predLat: 434.17109704180405, avgThr: 1484.728410008713
2021-07-12 18:19:33 INFO  ExecutionManager:347 - weight: 0.8349919717067333
2021-07-12 18:19:33 INFO  ExecutionManager:484 - No violation
2021-07-12 18:24:33 INFO  ExecutionManager:326 - uptime: 3902, chkInt: 57000
2021-07-12 18:24:33 INFO  ExecutionManager:334 - startTime: 1626106774
2021-07-12 18:24:33 INFO  ExecutionManager:335 - stopTime: 1626107074
2021-07-12 18:24:33 INFO  ExecutionManager:342 - recTime: 52.365111910199616, avgLat: 353.62804817275673, predLat: 433.35238934919676, avgThr: 1437.1739967982917
2021-07-12 18:24:33 INFO  ExecutionManager:347 - weight: 0.8309891095531655
2021-07-12 18:24:33 INFO  ExecutionManager:484 - No violation
2021-07-12 18:29:33 INFO  ExecutionManager:326 - uptime: 4202, chkInt: 57000
2021-07-12 18:29:33 INFO  ExecutionManager:334 - startTime: 1626107074
2021-07-12 18:29:33 INFO  ExecutionManager:335 - stopTime: 1626107374
2021-07-12 18:29:33 INFO  ExecutionManager:342 - recTime: 51.73325441876619, avgLat: 504.50641196013197, predLat: 432.0146721975417, avgThr: 1359.4730605998238
2021-07-12 18:29:33 INFO  ExecutionManager:347 - weight: 0.8803445645233854
2021-07-12 18:29:33 INFO  ExecutionManager:484 - No violation
2021-07-12 18:34:34 INFO  ExecutionManager:326 - uptime: 4502, chkInt: 57000
2021-07-12 18:34:34 INFO  ExecutionManager:334 - startTime: 1626107375
2021-07-12 18:34:34 INFO  ExecutionManager:335 - stopTime: 1626107675
2021-07-12 18:34:34 INFO  ExecutionManager:342 - recTime: 51.023956135913586, avgLat: 579.4850581395341, predLat: 430.5130037177412, avgThr: 1272.2490561861325
2021-07-12 18:34:34 INFO  ExecutionManager:347 - weight: 0.9581126036920676
2021-07-12 18:34:34 INFO  ExecutionManager:484 - No violation
2021-07-12 18:36:45 INFO  IOManager$DatabaseToQueue:70 - Stopping replay events from database to queue
2021-07-12 18:36:46 INFO  IOManager$QueueToKafka:121 - Starting replay events from queue to kafka topic iot-vehicles-events
2021-07-12 18:36:46 INFO  SequenceFSM:21 - STATE-CHANGE: REPLAY -> DELETE
Exception in thread "main" java.lang.IllegalArgumentException: Path parameter "jobId" value must not be null. (parameter #1)
    for method FlinkRest.getCheckpoints
	at retrofit2.Utils.methodError(Utils.java:53)
	at retrofit2.Utils.methodError(Utils.java:43)
	at retrofit2.Utils.parameterError(Utils.java:62)
	at retrofit2.ParameterHandler$Path.apply(ParameterHandler.java:110)
	at retrofit2.RequestFactory.create(RequestFactory.java:117)
	at retrofit2.OkHttpCall.createRawCall(OkHttpCall.java:192)
	at retrofit2.OkHttpCall.execute(OkHttpCall.java:175)
	at de.tu_berlin.dos.arm.khaos.clients.flink.FlinkClient.getCheckpoints(FlinkClient.java:85)
	at de.tu_berlin.dos.arm.khaos.core.ExecutionManager$8.runStage(ExecutionManager.java:566)
	at de.tu_berlin.dos.arm.khaos.core.ExecutionManager$8.runStage(ExecutionManager.java:557)
	at de.tu_berlin.dos.arm.khaos.utils.SequenceFSM.run(SequenceFSM.java:20)
	at de.tu_berlin.dos.arm.khaos.core.ExecutionManager.start(ExecutionManager.java:638)
	at de.tu_berlin.dos.arm.khaos.Run.main(Run.java:10)
2021-07-12 18:39:34 INFO  ExecutionManager:326 - uptime: 4802, chkInt: 57000
2021-07-12 18:39:34 INFO  ExecutionManager:334 - startTime: 1626107675
2021-07-12 18:39:34 INFO  ExecutionManager:335 - stopTime: 1626107975
2021-07-12 18:39:34 INFO  ExecutionManager:342 - recTime: 45.77359357369164, avgLat: 544.952358803985, predLat: 419.39736427828734, avgThr: 626.6001685856373
2021-07-12 18:39:34 INFO  ExecutionManager:347 - weight: 1.0305193281926026
2021-07-12 18:39:34 INFO  ExecutionManager:484 - No violation
2021-07-12 18:44:34 INFO  ExecutionManager:326 - uptime: 5102, chkInt: 57000
2021-07-12 18:44:34 INFO  ExecutionManager:334 - startTime: 1626107975
2021-07-12 18:44:34 INFO  ExecutionManager:335 - stopTime: 1626108275
2021-07-12 18:44:34 INFO  ExecutionManager:342 - recTime: 40.67813359566773, avgLat: 336.0021594684379, predLat: 408.60967195749043, avgThr: 0.0
2021-07-12 18:44:34 INFO  ExecutionManager:347 - weight: 1.0275988891170604
2021-07-12 18:44:34 INFO  ExecutionManager:484 - No violation
2021-07-12 18:49:34 INFO  ExecutionManager:326 - uptime: 5403, chkInt: 57000
2021-07-12 18:49:34 INFO  ExecutionManager:334 - startTime: 1626108275
2021-07-12 18:49:34 INFO  ExecutionManager:335 - stopTime: 1626108575
2021-07-12 18:49:34 INFO  ExecutionManager:342 - recTime: 40.67813359566773, avgLat: 331.28575581395336, predLat: 408.60967195749043, avgThr: 0.0
2021-07-12 18:49:34 INFO  ExecutionManager:347 - weight: 1.0437168713616911
2021-07-12 18:49:34 INFO  ExecutionManager:484 - No violation
2021-07-12 18:54:34 INFO  ExecutionManager:326 - uptime: 5703, chkInt: 57000
2021-07-12 18:54:34 INFO  ExecutionManager:334 - startTime: 1626108575
2021-07-12 18:54:34 INFO  ExecutionManager:335 - stopTime: 1626108875
2021-07-12 18:54:34 INFO  ExecutionManager:342 - recTime: 40.67813359566773, avgLat: 337.8535465116275, predLat: 408.60967195749043, avgThr: 0.0
2021-07-12 18:54:34 INFO  ExecutionManager:347 - weight: 1.0455182112249415
2021-07-12 18:54:34 INFO  ExecutionManager:484 - No violation
2021-07-12 18:59:35 INFO  ExecutionManager:326 - uptime: 6003, chkInt: 57000
2021-07-12 18:59:35 INFO  ExecutionManager:334 - startTime: 1626108876
2021-07-12 18:59:35 INFO  ExecutionManager:335 - stopTime: 1626109176
2021-07-12 18:59:35 INFO  ExecutionManager:342 - recTime: 40.67813359566773, avgLat: 331.87563122923564, predLat: 408.60967195749043, avgThr: 0.0
2021-07-12 18:59:35 INFO  ExecutionManager:347 - weight: 0.9862528336614448
2021-07-12 18:59:35 INFO  ExecutionManager:484 - No violation
2021-07-12 19:04:35 INFO  ExecutionManager:326 - uptime: 6303, chkInt: 57000
2021-07-12 19:04:35 INFO  ExecutionManager:334 - startTime: 1626109176
2021-07-12 19:04:35 INFO  ExecutionManager:335 - stopTime: 1626109476
2021-07-12 19:04:35 INFO  ExecutionManager:342 - recTime: 40.67813359566773, avgLat: 330.5285132890365, predLat: 408.60967195749043, avgThr: 0.0
2021-07-12 19:04:35 INFO  ExecutionManager:347 - weight: 0.8967322247781366
2021-07-12 19:04:35 INFO  ExecutionManager:484 - No violation
2021-07-12 19:09:35 INFO  ExecutionManager:326 - uptime: 6603, chkInt: 57000
2021-07-12 19:09:35 INFO  ExecutionManager:334 - startTime: 1626109476
2021-07-12 19:09:35 INFO  ExecutionManager:335 - stopTime: 1626109776
2021-07-12 19:09:35 INFO  ExecutionManager:342 - recTime: 40.67813359566773, avgLat: 324.3179152823925, predLat: 408.60967195749043, avgThr: 0.0
2021-07-12 19:09:35 INFO  ExecutionManager:347 - weight: 0.8124556915374509
2021-07-12 19:09:35 INFO  ExecutionManager:484 - No violation
